======================================================================
BoxCar Ride-Sharing Simulation Log
Started: 2026-02-11 16:42:26
Logger: BoxCarSimulation
======================================================================

2026-02-11 16:42:26 [INFO    ] ============================================================
2026-02-11 16:42:26 [INFO    ]   BoxCar Ride-Sharing Simulation
2026-02-11 16:42:26 [INFO    ] ============================================================
2026-02-11 16:42:26 [INFO    ] Started at: 2026-02-11 16:42:26
2026-02-11 16:42:26 [INFO    ] Config file: config.json
2026-02-11 16:42:26 [INFO    ] Output directory: ./output/data_driven/results_20260211_164226
2026-02-11 16:42:26 [INFO    ] Log file: ./output/data_driven/results_20260211_164226/simulation_20260211_164226.log
2026-02-11 16:42:26 [INFO    ] ============================================================
2026-02-11 16:42:26 [INFO    ]   SCENARIO: data_driven (mode: data_driven)
2026-02-11 16:42:26 [INFO    ] ============================================================
2026-02-11 16:42:26 [INFO    ] --- Input Mode ---
2026-02-11 16:42:26 [INFO    ] Mode 2 - Data-Driven (Real Data Estimates)
  Parameters estimated from drivers.xlsx & riders.xlsx:
  - Driver arrival: Exponential(rate=4.74/hr) [from data]
  - Driver availability: Uniform(6.0, 8.0) hrs [from data]
  - Rider arrival: Exponential(rate=34.60/hr) [from data]
  - Rider patience: Exponential(rate=5.0/hr) [baseline - no data]
  - Trip time: Uniform(0.8*mu, 1.2*mu), speed=19.97 mph [from data]
  - Fare: base=3.0 + 2.0/mile [baseline]

  Parameter comparison (Assumed vs Estimated):
    driver_arrival_rate: 3.00 -> 4.74 (+58.1%)
    driver_availability_min: 5.00 -> 6.00 (+20.0%)
    driver_availability_max: 8.00 -> 8.00 (-0.0%)
    rider_arrival_rate: 30.00 -> 34.60 (+15.3%)
    avg_speed: 20.00 -> 19.97 (-0.1%)
2026-02-11 16:42:26 [INFO    ] --- Data-Driven Parameter Updates ---
2026-02-11 16:42:26 [INFO    ] Parameter               | PDF Assumed | Data Estimated | Diff %
2026-02-11 16:42:26 [INFO    ] ------------------------+-------------+----------------+-------
2026-02-11 16:42:26 [INFO    ] driver_arrival_rate     | 3.00        | 4.74           | +58.1%
2026-02-11 16:42:26 [INFO    ] driver_availability_min | 5.00        | 6.00           | +20.0%
2026-02-11 16:42:26 [INFO    ] driver_availability_max | 8.00        | 8.00           | -0.0% 
2026-02-11 16:42:26 [INFO    ] rider_arrival_rate      | 30.00       | 34.60          | +15.3%
2026-02-11 16:42:26 [INFO    ] avg_speed               | 20.00       | 19.97          | -0.1% 
2026-02-11 16:42:26 [INFO    ] Replications: 10
2026-02-11 16:42:26 [INFO    ] Matching algorithm: nearest
2026-02-11 16:42:26 [INFO    ] Simulation time: 168.0 hours
2026-02-11 16:42:28 [INFO    ] Replications: [███░░░░░░░░░░░░░░░░░░░░░░░░░░░] 1/10 (10.0%)
2026-02-11 16:42:29 [INFO    ] Replications: [██████░░░░░░░░░░░░░░░░░░░░░░░░] 2/10 (20.0%)
2026-02-11 16:42:30 [INFO    ] Replications: [█████████░░░░░░░░░░░░░░░░░░░░░] 3/10 (30.0%)
2026-02-11 16:42:32 [INFO    ] Replications: [████████████░░░░░░░░░░░░░░░░░░] 4/10 (40.0%)
2026-02-11 16:42:33 [INFO    ] Replications: [███████████████░░░░░░░░░░░░░░░] 5/10 (50.0%)
2026-02-11 16:42:34 [INFO    ] Replications: [██████████████████░░░░░░░░░░░░] 6/10 (60.0%)
2026-02-11 16:42:36 [INFO    ] Replications: [█████████████████████░░░░░░░░░] 7/10 (70.0%)
2026-02-11 16:42:37 [INFO    ] Replications: [████████████████████████░░░░░░] 8/10 (80.0%)
2026-02-11 16:42:38 [INFO    ] Replications: [███████████████████████████░░░] 9/10 (90.0%)
2026-02-11 16:42:40 [INFO    ] Replications: [██████████████████████████████] 10/10 (100.0%)
2026-02-11 16:42:40 [INFO    ] --- Results for data_driven ---
2026-02-11 16:42:40 [INFO    ] Metric                            | Mean        | Std       | 95% CI                    
2026-02-11 16:42:40 [INFO    ] ----------------------------------+-------------+-----------+---------------------------
2026-02-11 16:42:40 [INFO    ] abandonment_rate                  | 0.0546      | 0.0192    | [0.0409, 0.0683]          
2026-02-11 16:42:40 [INFO    ] avg_waiting_time                  | 0.2741      | 0.0244    | [0.2567, 0.2916]          
2026-02-11 16:42:40 [INFO    ] pickup_waiting_time_p90           | 0.5785      | 0.0466    | [0.5452, 0.6118]          
2026-02-11 16:42:40 [INFO    ] avg_hourly_earnings               | 22.5121     | 0.6826    | [22.0239, 23.0004]        
2026-02-11 16:42:40 [INFO    ] avg_net_hourly_earnings           | 19.4985     | 0.5289    | [19.1202, 19.8769]        
2026-02-11 16:42:40 [INFO    ] time_weighted_net_hourly_earnings | 19.7357     | 0.5406    | [19.3490, 20.1224]        
2026-02-11 16:42:40 [INFO    ] fairness_ratio                    | 1.6258      | 0.1120    | [1.5457, 1.7060]          
2026-02-11 16:42:40 [INFO    ] avg_utilization                   | 0.7542      | 0.0415    | [0.7245, 0.7839]          
2026-02-11 16:42:40 [INFO    ] avg_rest_fraction                 | 0.2458      | 0.0415    | [0.2161, 0.2755]          
2026-02-11 16:42:40 [INFO    ] long_rest_prob_15min              | 0.8468      | 0.0558    | [0.8069, 0.8868]          
2026-02-11 16:42:40 [INFO    ] long_rest_prob_30min              | 0.6324      | 0.0864    | [0.5706, 0.6943]          
2026-02-11 16:42:40 [INFO    ] total_revenue                     | 112623.7574 | 2671.3932 | [110712.8906, 114534.6242]
2026-02-11 16:42:40 [INFO    ] Results saved to: ./output/data_driven/results_20260211_164226/results_20260211_164240.json
2026-02-11 16:42:40 [INFO    ] ============================================================
2026-02-11 16:42:40 [INFO    ]   Simulation Complete
2026-02-11 16:42:40 [INFO    ] ============================================================
2026-02-11 16:42:40 [INFO    ] Finished at: 2026-02-11 16:42:40
2026-02-11 16:42:40 [INFO    ] Log saved to: ./output/data_driven/results_20260211_164226/simulation_20260211_164226.log

======================================================================
Log ended: 2026-02-11 16:42:40
======================================================================
