======================================================================
BoxCar Ride-Sharing Simulation Log
Started: 2026-03-02 20:32:15
Logger: BoxCarSimulation
======================================================================

2026-03-02 20:32:15 [INFO    ] ============================================================
2026-03-02 20:32:15 [INFO    ]   BoxCar Ride-Sharing Simulation
2026-03-02 20:32:15 [INFO    ] ============================================================
2026-03-02 20:32:15 [INFO    ] Started at: 2026-03-02 20:32:15
2026-03-02 20:32:15 [INFO    ] Config file: config.json
2026-03-02 20:32:15 [INFO    ] Output directory: ./output/baseline/results_20260302_203215
2026-03-02 20:32:15 [INFO    ] Log file: ./output/baseline/results_20260302_203215/simulation_20260302_203215.log
2026-03-02 20:32:15 [INFO    ] ============================================================
2026-03-02 20:32:15 [INFO    ]   SCENARIO: baseline (mode: baseline)
2026-03-02 20:32:15 [INFO    ] ============================================================
2026-03-02 20:32:15 [INFO    ] --- Input Mode ---
2026-03-02 20:32:15 [INFO    ] Mode 1 - Baseline (PDF Assumptions)
  All parameters generated from distributions specified in project spec:
  - Driver arrival: Exponential(rate=3.0/hr)
  - Driver availability: Uniform(5.0, 8.0) hrs
  - Rider arrival: Exponential(rate=30.0/hr)
  - Rider patience: Exponential(rate=5.0/hr)
  - Trip time: Uniform(0.8*mu, 1.2*mu), speed=20.0 mph
  - Fare: base=3.0 + 2.0/mile
2026-03-02 20:32:15 [INFO    ] Replications: 50
2026-03-02 20:32:15 [INFO    ] Matching algorithm: nearest
2026-03-02 20:32:15 [INFO    ] Simulation time: 960.0 hours
2026-03-02 20:32:39 [INFO    ] Replications: [░░░░░░░░░░░░░░░░░░░░░░░░░░░░░░] 1/50 (2.0%)
2026-03-02 20:33:05 [INFO    ] Replications: [█░░░░░░░░░░░░░░░░░░░░░░░░░░░░░] 2/50 (4.0%)
2026-03-02 20:33:30 [INFO    ] Replications: [█░░░░░░░░░░░░░░░░░░░░░░░░░░░░░] 3/50 (6.0%)
2026-03-02 20:33:58 [INFO    ] Replications: [██░░░░░░░░░░░░░░░░░░░░░░░░░░░░] 4/50 (8.0%)
2026-03-02 20:34:24 [INFO    ] Replications: [███░░░░░░░░░░░░░░░░░░░░░░░░░░░] 5/50 (10.0%)
2026-03-02 20:34:50 [INFO    ] Replications: [███░░░░░░░░░░░░░░░░░░░░░░░░░░░] 6/50 (12.0%)
2026-03-02 20:35:17 [INFO    ] Replications: [████░░░░░░░░░░░░░░░░░░░░░░░░░░] 7/50 (14.0%)
2026-03-02 20:35:45 [INFO    ] Replications: [████░░░░░░░░░░░░░░░░░░░░░░░░░░] 8/50 (16.0%)
2026-03-02 20:36:12 [INFO    ] Replications: [█████░░░░░░░░░░░░░░░░░░░░░░░░░] 9/50 (18.0%)
2026-03-02 20:36:39 [INFO    ] Replications: [██████░░░░░░░░░░░░░░░░░░░░░░░░] 10/50 (20.0%)
2026-03-02 20:37:07 [INFO    ] Replications: [██████░░░░░░░░░░░░░░░░░░░░░░░░] 11/50 (22.0%)
2026-03-02 20:37:34 [INFO    ] Replications: [███████░░░░░░░░░░░░░░░░░░░░░░░] 12/50 (24.0%)
2026-03-02 20:38:02 [INFO    ] Replications: [███████░░░░░░░░░░░░░░░░░░░░░░░] 13/50 (26.0%)
2026-03-02 20:38:28 [INFO    ] Replications: [████████░░░░░░░░░░░░░░░░░░░░░░] 14/50 (28.0%)
2026-03-02 20:38:55 [INFO    ] Replications: [█████████░░░░░░░░░░░░░░░░░░░░░] 15/50 (30.0%)
2026-03-02 20:39:22 [INFO    ] Replications: [█████████░░░░░░░░░░░░░░░░░░░░░] 16/50 (32.0%)
2026-03-02 20:39:48 [INFO    ] Replications: [██████████░░░░░░░░░░░░░░░░░░░░] 17/50 (34.0%)
2026-03-02 20:40:15 [INFO    ] Replications: [██████████░░░░░░░░░░░░░░░░░░░░] 18/50 (36.0%)
2026-03-02 20:40:43 [INFO    ] Replications: [███████████░░░░░░░░░░░░░░░░░░░] 19/50 (38.0%)
2026-03-02 20:41:09 [INFO    ] Replications: [████████████░░░░░░░░░░░░░░░░░░] 20/50 (40.0%)
2026-03-02 20:41:36 [INFO    ] Replications: [████████████░░░░░░░░░░░░░░░░░░] 21/50 (42.0%)
2026-03-02 20:42:05 [INFO    ] Replications: [█████████████░░░░░░░░░░░░░░░░░] 22/50 (44.0%)
2026-03-02 20:42:32 [INFO    ] Replications: [█████████████░░░░░░░░░░░░░░░░░] 23/50 (46.0%)
2026-03-02 20:43:01 [INFO    ] Replications: [██████████████░░░░░░░░░░░░░░░░] 24/50 (48.0%)
2026-03-02 20:43:28 [INFO    ] Replications: [███████████████░░░░░░░░░░░░░░░] 25/50 (50.0%)
2026-03-02 20:43:55 [INFO    ] Replications: [███████████████░░░░░░░░░░░░░░░] 26/50 (52.0%)
2026-03-02 20:44:23 [INFO    ] Replications: [████████████████░░░░░░░░░░░░░░] 27/50 (54.0%)
2026-03-02 20:44:49 [INFO    ] Replications: [████████████████░░░░░░░░░░░░░░] 28/50 (56.0%)
2026-03-02 20:45:16 [INFO    ] Replications: [█████████████████░░░░░░░░░░░░░] 29/50 (58.0%)
2026-03-02 20:45:43 [INFO    ] Replications: [██████████████████░░░░░░░░░░░░] 30/50 (60.0%)
2026-03-02 20:46:09 [INFO    ] Replications: [██████████████████░░░░░░░░░░░░] 31/50 (62.0%)
2026-03-02 20:46:35 [INFO    ] Replications: [███████████████████░░░░░░░░░░░] 32/50 (64.0%)
2026-03-02 20:47:02 [INFO    ] Replications: [███████████████████░░░░░░░░░░░] 33/50 (66.0%)
2026-03-02 20:47:29 [INFO    ] Replications: [████████████████████░░░░░░░░░░] 34/50 (68.0%)
2026-03-02 20:47:55 [INFO    ] Replications: [█████████████████████░░░░░░░░░] 35/50 (70.0%)
2026-03-02 20:48:22 [INFO    ] Replications: [█████████████████████░░░░░░░░░] 36/50 (72.0%)
2026-03-02 20:48:49 [INFO    ] Replications: [██████████████████████░░░░░░░░] 37/50 (74.0%)
2026-03-02 20:49:16 [INFO    ] Replications: [██████████████████████░░░░░░░░] 38/50 (76.0%)
2026-03-02 20:49:42 [INFO    ] Replications: [███████████████████████░░░░░░░] 39/50 (78.0%)
2026-03-02 20:50:09 [INFO    ] Replications: [████████████████████████░░░░░░] 40/50 (80.0%)
2026-03-02 20:50:35 [INFO    ] Replications: [████████████████████████░░░░░░] 41/50 (82.0%)
2026-03-02 20:51:02 [INFO    ] Replications: [█████████████████████████░░░░░] 42/50 (84.0%)
2026-03-02 20:51:29 [INFO    ] Replications: [█████████████████████████░░░░░] 43/50 (86.0%)
2026-03-02 20:54:35 [INFO    ] Replications: [██████████████████████████░░░░] 44/50 (88.0%)
2026-03-02 20:58:12 [INFO    ] Replications: [███████████████████████████░░░] 45/50 (90.0%)
2026-03-02 21:01:52 [INFO    ] Replications: [███████████████████████████░░░] 46/50 (92.0%)
2026-03-02 21:05:33 [INFO    ] Replications: [████████████████████████████░░] 47/50 (94.0%)
2026-03-02 21:09:18 [INFO    ] Replications: [████████████████████████████░░] 48/50 (96.0%)
2026-03-02 21:13:10 [INFO    ] Replications: [█████████████████████████████░] 49/50 (98.0%)
2026-03-02 21:16:54 [INFO    ] Replications: [██████████████████████████████] 50/50 (100.0%)
2026-03-02 21:16:58 [INFO    ] --- Results for baseline ---
2026-03-02 21:16:58 [INFO    ] Metric                            | Mean        | Std       | 95% CI                    
2026-03-02 21:16:58 [INFO    ] ----------------------------------+-------------+-----------+---------------------------
2026-03-02 21:16:58 [INFO    ] abandonment_rate                  | 0.2614      | 0.0124    | [0.2578, 0.2650]          
2026-03-02 21:16:58 [INFO    ] avg_waiting_time                  | 0.4134      | 0.0053    | [0.4118, 0.4149]          
2026-03-02 21:16:58 [INFO    ] pickup_waiting_time_p90           | 0.7628      | 0.0058    | [0.7612, 0.7645]          
2026-03-02 21:16:58 [INFO    ] avg_hourly_earnings               | 24.9409     | 0.1200    | [24.9062, 24.9756]        
2026-03-02 21:16:58 [INFO    ] avg_net_hourly_earnings           | 21.1854     | 0.0974    | [21.1572, 21.2136]        
2026-03-02 21:16:58 [INFO    ] time_weighted_net_hourly_earnings | 21.2204     | 0.0924    | [21.1937, 21.2472]        
2026-03-02 21:16:58 [INFO    ] fairness_ratio                    | 1.4157      | 0.0107    | [1.4126, 1.4188]          
2026-03-02 21:16:58 [INFO    ] avg_utilization                   | 0.9387      | 0.0069    | [0.9367, 0.9407]          
2026-03-02 21:16:58 [INFO    ] avg_rest_fraction                 | 0.0613      | 0.0069    | [0.0593, 0.0633]          
2026-03-02 21:16:58 [INFO    ] long_rest_prob_15min              | 0.3288      | 0.0340    | [0.3189, 0.3386]          
2026-03-02 21:16:58 [INFO    ] long_rest_prob_30min              | 0.1255      | 0.0219    | [0.1191, 0.1318]          
2026-03-02 21:16:58 [INFO    ] total_revenue                     | 453732.3628 | 7274.7799 | [451628.4479, 455836.2777]
2026-03-02 21:17:03 [INFO    ] Results saved to: ./output/baseline/results_20260302_203215/results_20260302_211703.json
2026-03-02 21:17:03 [INFO    ] ============================================================
2026-03-02 21:17:03 [INFO    ]   Simulation Complete
2026-03-02 21:17:03 [INFO    ] ============================================================
2026-03-02 21:17:03 [INFO    ] Finished at: 2026-03-02 21:17:03
2026-03-02 21:17:03 [INFO    ] Log saved to: ./output/baseline/results_20260302_203215/simulation_20260302_203215.log

======================================================================
Log ended: 2026-03-02 21:17:03
======================================================================
