======================================================================
BoxCar Ride-Sharing Simulation Log
Started: 2026-02-11 16:27:20
Logger: BoxCarSimulation
======================================================================

2026-02-11 16:27:20 [INFO    ] ============================================================
2026-02-11 16:27:20 [INFO    ]   BoxCar Ride-Sharing Simulation
2026-02-11 16:27:20 [INFO    ] ============================================================
2026-02-11 16:27:20 [INFO    ] Started at: 2026-02-11 16:27:20
2026-02-11 16:27:20 [INFO    ] Config file: config.json
2026-02-11 16:27:20 [INFO    ] Output directory: ./output/baseline/results_20260211_162720
2026-02-11 16:27:20 [INFO    ] Log file: ./output/baseline/results_20260211_162720/simulation_20260211_162720.log
2026-02-11 16:27:20 [INFO    ] ============================================================
2026-02-11 16:27:20 [INFO    ]   SCENARIO: baseline (mode: baseline)
2026-02-11 16:27:20 [INFO    ] ============================================================
2026-02-11 16:27:20 [INFO    ] --- Input Mode ---
2026-02-11 16:27:20 [INFO    ] Mode 1 - Baseline (PDF Assumptions)
  All parameters generated from distributions specified in project spec:
  - Driver arrival: Exponential(rate=3.0/hr)
  - Driver availability: Uniform(5.0, 8.0) hrs
  - Rider arrival: Exponential(rate=30.0/hr)
  - Rider patience: Exponential(rate=5.0/hr)
  - Trip time: Uniform(0.8*mu, 1.2*mu), speed=20.0 mph
  - Fare: base=3.0 + 2.0/mile
2026-02-11 16:27:20 [INFO    ] Replications: 1000
2026-02-11 16:27:20 [INFO    ] Matching algorithm: nearest
2026-02-11 16:27:20 [INFO    ] Simulation time: 168.0 hours
2026-02-11 16:27:21 [INFO    ] Replications: [░░░░░░░░░░░░░░░░░░░░░░░░░░░░░░] 1/1000 (0.1%)
2026-02-11 16:27:21 [INFO    ] Replications: [░░░░░░░░░░░░░░░░░░░░░░░░░░░░░░] 2/1000 (0.2%)
2026-02-11 16:27:22 [INFO    ] Replications: [░░░░░░░░░░░░░░░░░░░░░░░░░░░░░░] 3/1000 (0.3%)
2026-02-11 16:27:23 [INFO    ] Replications: [░░░░░░░░░░░░░░░░░░░░░░░░░░░░░░] 4/1000 (0.4%)
2026-02-11 16:27:24 [INFO    ] Replications: [░░░░░░░░░░░░░░░░░░░░░░░░░░░░░░] 5/1000 (0.5%)
2026-02-11 16:27:25 [INFO    ] Replications: [░░░░░░░░░░░░░░░░░░░░░░░░░░░░░░] 6/1000 (0.6%)
2026-02-11 16:27:25 [INFO    ] Replications: [░░░░░░░░░░░░░░░░░░░░░░░░░░░░░░] 7/1000 (0.7%)
2026-02-11 16:27:26 [INFO    ] Replications: [░░░░░░░░░░░░░░░░░░░░░░░░░░░░░░] 8/1000 (0.8%)
2026-02-11 16:27:27 [INFO    ] Replications: [░░░░░░░░░░░░░░░░░░░░░░░░░░░░░░] 9/1000 (0.9%)
2026-02-11 16:27:28 [INFO    ] Replications: [░░░░░░░░░░░░░░░░░░░░░░░░░░░░░░] 10/1000 (1.0%)
2026-02-11 16:27:28 [INFO    ] Replications: [░░░░░░░░░░░░░░░░░░░░░░░░░░░░░░] 11/1000 (1.1%)
2026-02-11 16:27:29 [INFO    ] Replications: [░░░░░░░░░░░░░░░░░░░░░░░░░░░░░░] 12/1000 (1.2%)
2026-02-11 16:27:30 [INFO    ] Replications: [░░░░░░░░░░░░░░░░░░░░░░░░░░░░░░] 13/1000 (1.3%)
2026-02-11 16:27:31 [INFO    ] Replications: [░░░░░░░░░░░░░░░░░░░░░░░░░░░░░░] 14/1000 (1.4%)
2026-02-11 16:27:32 [INFO    ] Replications: [░░░░░░░░░░░░░░░░░░░░░░░░░░░░░░] 15/1000 (1.5%)
2026-02-11 16:27:32 [INFO    ] Replications: [░░░░░░░░░░░░░░░░░░░░░░░░░░░░░░] 16/1000 (1.6%)
2026-02-11 16:27:33 [INFO    ] Replications: [░░░░░░░░░░░░░░░░░░░░░░░░░░░░░░] 17/1000 (1.7%)
2026-02-11 16:27:34 [INFO    ] Replications: [░░░░░░░░░░░░░░░░░░░░░░░░░░░░░░] 18/1000 (1.8%)
2026-02-11 16:27:35 [INFO    ] Replications: [░░░░░░░░░░░░░░░░░░░░░░░░░░░░░░] 19/1000 (1.9%)
2026-02-11 16:27:36 [INFO    ] Replications: [░░░░░░░░░░░░░░░░░░░░░░░░░░░░░░] 20/1000 (2.0%)
2026-02-11 16:27:36 [INFO    ] Replications: [░░░░░░░░░░░░░░░░░░░░░░░░░░░░░░] 21/1000 (2.1%)
2026-02-11 16:27:37 [INFO    ] Replications: [░░░░░░░░░░░░░░░░░░░░░░░░░░░░░░] 22/1000 (2.2%)
2026-02-11 16:27:38 [INFO    ] Replications: [░░░░░░░░░░░░░░░░░░░░░░░░░░░░░░] 23/1000 (2.3%)
2026-02-11 16:27:39 [INFO    ] Replications: [░░░░░░░░░░░░░░░░░░░░░░░░░░░░░░] 24/1000 (2.4%)
2026-02-11 16:27:40 [INFO    ] Replications: [░░░░░░░░░░░░░░░░░░░░░░░░░░░░░░] 25/1000 (2.5%)
2026-02-11 16:27:40 [INFO    ] Replications: [░░░░░░░░░░░░░░░░░░░░░░░░░░░░░░] 26/1000 (2.6%)
2026-02-11 16:27:41 [INFO    ] Replications: [░░░░░░░░░░░░░░░░░░░░░░░░░░░░░░] 27/1000 (2.7%)
2026-02-11 16:27:42 [INFO    ] Replications: [░░░░░░░░░░░░░░░░░░░░░░░░░░░░░░] 28/1000 (2.8%)
2026-02-11 16:27:43 [INFO    ] Replications: [░░░░░░░░░░░░░░░░░░░░░░░░░░░░░░] 29/1000 (2.9%)
2026-02-11 16:27:44 [INFO    ] Replications: [░░░░░░░░░░░░░░░░░░░░░░░░░░░░░░] 30/1000 (3.0%)
2026-02-11 16:27:45 [INFO    ] Replications: [░░░░░░░░░░░░░░░░░░░░░░░░░░░░░░] 31/1000 (3.1%)
2026-02-11 16:27:45 [INFO    ] Replications: [░░░░░░░░░░░░░░░░░░░░░░░░░░░░░░] 32/1000 (3.2%)
2026-02-11 16:27:46 [INFO    ] Replications: [░░░░░░░░░░░░░░░░░░░░░░░░░░░░░░] 33/1000 (3.3%)
2026-02-11 16:27:47 [INFO    ] Replications: [█░░░░░░░░░░░░░░░░░░░░░░░░░░░░░] 34/1000 (3.4%)
2026-02-11 16:27:48 [INFO    ] Replications: [█░░░░░░░░░░░░░░░░░░░░░░░░░░░░░] 35/1000 (3.5%)
2026-02-11 16:27:49 [INFO    ] Replications: [█░░░░░░░░░░░░░░░░░░░░░░░░░░░░░] 36/1000 (3.6%)
2026-02-11 16:27:49 [INFO    ] Replications: [█░░░░░░░░░░░░░░░░░░░░░░░░░░░░░] 37/1000 (3.7%)
2026-02-11 16:27:50 [INFO    ] Replications: [█░░░░░░░░░░░░░░░░░░░░░░░░░░░░░] 38/1000 (3.8%)
2026-02-11 16:27:51 [INFO    ] Replications: [█░░░░░░░░░░░░░░░░░░░░░░░░░░░░░] 39/1000 (3.9%)
2026-02-11 16:27:52 [INFO    ] Replications: [█░░░░░░░░░░░░░░░░░░░░░░░░░░░░░] 40/1000 (4.0%)
2026-02-11 16:27:53 [INFO    ] Replications: [█░░░░░░░░░░░░░░░░░░░░░░░░░░░░░] 41/1000 (4.1%)
2026-02-11 16:27:53 [INFO    ] Replications: [█░░░░░░░░░░░░░░░░░░░░░░░░░░░░░] 42/1000 (4.2%)
2026-02-11 16:27:54 [INFO    ] Replications: [█░░░░░░░░░░░░░░░░░░░░░░░░░░░░░] 43/1000 (4.3%)
2026-02-11 16:27:55 [INFO    ] Replications: [█░░░░░░░░░░░░░░░░░░░░░░░░░░░░░] 44/1000 (4.4%)
2026-02-11 16:27:56 [INFO    ] Replications: [█░░░░░░░░░░░░░░░░░░░░░░░░░░░░░] 45/1000 (4.5%)
2026-02-11 16:27:57 [INFO    ] Replications: [█░░░░░░░░░░░░░░░░░░░░░░░░░░░░░] 46/1000 (4.6%)
2026-02-11 16:27:57 [INFO    ] Replications: [█░░░░░░░░░░░░░░░░░░░░░░░░░░░░░] 47/1000 (4.7%)
2026-02-11 16:27:58 [INFO    ] Replications: [█░░░░░░░░░░░░░░░░░░░░░░░░░░░░░] 48/1000 (4.8%)
2026-02-11 16:27:59 [INFO    ] Replications: [█░░░░░░░░░░░░░░░░░░░░░░░░░░░░░] 49/1000 (4.9%)
2026-02-11 16:28:00 [INFO    ] Replications: [█░░░░░░░░░░░░░░░░░░░░░░░░░░░░░] 50/1000 (5.0%)
2026-02-11 16:28:01 [INFO    ] Replications: [█░░░░░░░░░░░░░░░░░░░░░░░░░░░░░] 51/1000 (5.1%)
2026-02-11 16:28:02 [INFO    ] Replications: [█░░░░░░░░░░░░░░░░░░░░░░░░░░░░░] 52/1000 (5.2%)
2026-02-11 16:28:02 [INFO    ] Replications: [█░░░░░░░░░░░░░░░░░░░░░░░░░░░░░] 53/1000 (5.3%)
2026-02-11 16:28:03 [INFO    ] Replications: [█░░░░░░░░░░░░░░░░░░░░░░░░░░░░░] 54/1000 (5.4%)
2026-02-11 16:28:04 [INFO    ] Replications: [█░░░░░░░░░░░░░░░░░░░░░░░░░░░░░] 55/1000 (5.5%)
2026-02-11 16:28:05 [INFO    ] Replications: [█░░░░░░░░░░░░░░░░░░░░░░░░░░░░░] 56/1000 (5.6%)
2026-02-11 16:28:06 [INFO    ] Replications: [█░░░░░░░░░░░░░░░░░░░░░░░░░░░░░] 57/1000 (5.7%)
2026-02-11 16:28:06 [INFO    ] Replications: [█░░░░░░░░░░░░░░░░░░░░░░░░░░░░░] 58/1000 (5.8%)
2026-02-11 16:28:07 [INFO    ] Replications: [█░░░░░░░░░░░░░░░░░░░░░░░░░░░░░] 59/1000 (5.9%)
2026-02-11 16:28:08 [INFO    ] Replications: [█░░░░░░░░░░░░░░░░░░░░░░░░░░░░░] 60/1000 (6.0%)
2026-02-11 16:28:09 [INFO    ] Replications: [█░░░░░░░░░░░░░░░░░░░░░░░░░░░░░] 61/1000 (6.1%)
2026-02-11 16:28:10 [INFO    ] Replications: [█░░░░░░░░░░░░░░░░░░░░░░░░░░░░░] 62/1000 (6.2%)
2026-02-11 16:28:10 [INFO    ] Replications: [█░░░░░░░░░░░░░░░░░░░░░░░░░░░░░] 63/1000 (6.3%)
2026-02-11 16:28:11 [INFO    ] Replications: [█░░░░░░░░░░░░░░░░░░░░░░░░░░░░░] 64/1000 (6.4%)
2026-02-11 16:28:12 [INFO    ] Replications: [█░░░░░░░░░░░░░░░░░░░░░░░░░░░░░] 65/1000 (6.5%)
2026-02-11 16:28:13 [INFO    ] Replications: [█░░░░░░░░░░░░░░░░░░░░░░░░░░░░░] 66/1000 (6.6%)
2026-02-11 16:28:14 [INFO    ] Replications: [██░░░░░░░░░░░░░░░░░░░░░░░░░░░░] 67/1000 (6.7%)
2026-02-11 16:28:14 [INFO    ] Replications: [██░░░░░░░░░░░░░░░░░░░░░░░░░░░░] 68/1000 (6.8%)
2026-02-11 16:28:15 [INFO    ] Replications: [██░░░░░░░░░░░░░░░░░░░░░░░░░░░░] 69/1000 (6.9%)
2026-02-11 16:28:16 [INFO    ] Replications: [██░░░░░░░░░░░░░░░░░░░░░░░░░░░░] 70/1000 (7.0%)
2026-02-11 16:28:17 [INFO    ] Replications: [██░░░░░░░░░░░░░░░░░░░░░░░░░░░░] 71/1000 (7.1%)
2026-02-11 16:28:18 [INFO    ] Replications: [██░░░░░░░░░░░░░░░░░░░░░░░░░░░░] 72/1000 (7.2%)
2026-02-11 16:28:18 [INFO    ] Replications: [██░░░░░░░░░░░░░░░░░░░░░░░░░░░░] 73/1000 (7.3%)
2026-02-11 16:28:19 [INFO    ] Replications: [██░░░░░░░░░░░░░░░░░░░░░░░░░░░░] 74/1000 (7.4%)
2026-02-11 16:28:20 [INFO    ] Replications: [██░░░░░░░░░░░░░░░░░░░░░░░░░░░░] 75/1000 (7.5%)
2026-02-11 16:28:21 [INFO    ] Replications: [██░░░░░░░░░░░░░░░░░░░░░░░░░░░░] 76/1000 (7.6%)
2026-02-11 16:28:22 [INFO    ] Replications: [██░░░░░░░░░░░░░░░░░░░░░░░░░░░░] 77/1000 (7.7%)
2026-02-11 16:28:22 [INFO    ] Replications: [██░░░░░░░░░░░░░░░░░░░░░░░░░░░░] 78/1000 (7.8%)
2026-02-11 16:28:23 [INFO    ] Replications: [██░░░░░░░░░░░░░░░░░░░░░░░░░░░░] 79/1000 (7.9%)
2026-02-11 16:28:24 [INFO    ] Replications: [██░░░░░░░░░░░░░░░░░░░░░░░░░░░░] 80/1000 (8.0%)
2026-02-11 16:28:25 [INFO    ] Replications: [██░░░░░░░░░░░░░░░░░░░░░░░░░░░░] 81/1000 (8.1%)
2026-02-11 16:28:26 [INFO    ] Replications: [██░░░░░░░░░░░░░░░░░░░░░░░░░░░░] 82/1000 (8.2%)
2026-02-11 16:28:27 [INFO    ] Replications: [██░░░░░░░░░░░░░░░░░░░░░░░░░░░░] 83/1000 (8.3%)
2026-02-11 16:28:27 [INFO    ] Replications: [██░░░░░░░░░░░░░░░░░░░░░░░░░░░░] 84/1000 (8.4%)
2026-02-11 16:28:28 [INFO    ] Replications: [██░░░░░░░░░░░░░░░░░░░░░░░░░░░░] 85/1000 (8.5%)
2026-02-11 16:28:29 [INFO    ] Replications: [██░░░░░░░░░░░░░░░░░░░░░░░░░░░░] 86/1000 (8.6%)
2026-02-11 16:28:30 [INFO    ] Replications: [██░░░░░░░░░░░░░░░░░░░░░░░░░░░░] 87/1000 (8.7%)
2026-02-11 16:28:30 [INFO    ] Replications: [██░░░░░░░░░░░░░░░░░░░░░░░░░░░░] 88/1000 (8.8%)
2026-02-11 16:28:31 [INFO    ] Replications: [██░░░░░░░░░░░░░░░░░░░░░░░░░░░░] 89/1000 (8.9%)
2026-02-11 16:28:32 [INFO    ] Replications: [██░░░░░░░░░░░░░░░░░░░░░░░░░░░░] 90/1000 (9.0%)
2026-02-11 16:28:33 [INFO    ] Replications: [██░░░░░░░░░░░░░░░░░░░░░░░░░░░░] 91/1000 (9.1%)
2026-02-11 16:28:34 [INFO    ] Replications: [██░░░░░░░░░░░░░░░░░░░░░░░░░░░░] 92/1000 (9.2%)
2026-02-11 16:28:34 [INFO    ] Replications: [██░░░░░░░░░░░░░░░░░░░░░░░░░░░░] 93/1000 (9.3%)
2026-02-11 16:28:35 [INFO    ] Replications: [██░░░░░░░░░░░░░░░░░░░░░░░░░░░░] 94/1000 (9.4%)
2026-02-11 16:28:36 [INFO    ] Replications: [██░░░░░░░░░░░░░░░░░░░░░░░░░░░░] 95/1000 (9.5%)
2026-02-11 16:28:37 [INFO    ] Replications: [██░░░░░░░░░░░░░░░░░░░░░░░░░░░░] 96/1000 (9.6%)
2026-02-11 16:28:37 [INFO    ] Replications: [██░░░░░░░░░░░░░░░░░░░░░░░░░░░░] 97/1000 (9.7%)
2026-02-11 16:28:38 [INFO    ] Replications: [██░░░░░░░░░░░░░░░░░░░░░░░░░░░░] 98/1000 (9.8%)
2026-02-11 16:28:39 [INFO    ] Replications: [██░░░░░░░░░░░░░░░░░░░░░░░░░░░░] 99/1000 (9.9%)
2026-02-11 16:28:40 [INFO    ] Replications: [███░░░░░░░░░░░░░░░░░░░░░░░░░░░] 100/1000 (10.0%)
2026-02-11 16:28:41 [INFO    ] Replications: [███░░░░░░░░░░░░░░░░░░░░░░░░░░░] 101/1000 (10.1%)
2026-02-11 16:28:42 [INFO    ] Replications: [███░░░░░░░░░░░░░░░░░░░░░░░░░░░] 102/1000 (10.2%)
2026-02-11 16:28:42 [INFO    ] Replications: [███░░░░░░░░░░░░░░░░░░░░░░░░░░░] 103/1000 (10.3%)
2026-02-11 16:28:43 [INFO    ] Replications: [███░░░░░░░░░░░░░░░░░░░░░░░░░░░] 104/1000 (10.4%)
2026-02-11 16:28:44 [INFO    ] Replications: [███░░░░░░░░░░░░░░░░░░░░░░░░░░░] 105/1000 (10.5%)
2026-02-11 16:28:45 [INFO    ] Replications: [███░░░░░░░░░░░░░░░░░░░░░░░░░░░] 106/1000 (10.6%)
2026-02-11 16:28:45 [INFO    ] Replications: [███░░░░░░░░░░░░░░░░░░░░░░░░░░░] 107/1000 (10.7%)
2026-02-11 16:28:46 [INFO    ] Replications: [███░░░░░░░░░░░░░░░░░░░░░░░░░░░] 108/1000 (10.8%)
2026-02-11 16:28:47 [INFO    ] Replications: [███░░░░░░░░░░░░░░░░░░░░░░░░░░░] 109/1000 (10.9%)
2026-02-11 16:28:48 [INFO    ] Replications: [███░░░░░░░░░░░░░░░░░░░░░░░░░░░] 110/1000 (11.0%)
2026-02-11 16:28:49 [INFO    ] Replications: [███░░░░░░░░░░░░░░░░░░░░░░░░░░░] 111/1000 (11.1%)
2026-02-11 16:28:49 [INFO    ] Replications: [███░░░░░░░░░░░░░░░░░░░░░░░░░░░] 112/1000 (11.2%)
2026-02-11 16:28:50 [INFO    ] Replications: [███░░░░░░░░░░░░░░░░░░░░░░░░░░░] 113/1000 (11.3%)
2026-02-11 16:28:51 [INFO    ] Replications: [███░░░░░░░░░░░░░░░░░░░░░░░░░░░] 114/1000 (11.4%)
2026-02-11 16:28:52 [INFO    ] Replications: [███░░░░░░░░░░░░░░░░░░░░░░░░░░░] 115/1000 (11.5%)
2026-02-11 16:28:53 [INFO    ] Replications: [███░░░░░░░░░░░░░░░░░░░░░░░░░░░] 116/1000 (11.6%)
2026-02-11 16:28:53 [INFO    ] Replications: [███░░░░░░░░░░░░░░░░░░░░░░░░░░░] 117/1000 (11.7%)
2026-02-11 16:28:54 [INFO    ] Replications: [███░░░░░░░░░░░░░░░░░░░░░░░░░░░] 118/1000 (11.8%)
2026-02-11 16:28:55 [INFO    ] Replications: [███░░░░░░░░░░░░░░░░░░░░░░░░░░░] 119/1000 (11.9%)
2026-02-11 16:28:56 [INFO    ] Replications: [███░░░░░░░░░░░░░░░░░░░░░░░░░░░] 120/1000 (12.0%)
2026-02-11 16:28:57 [INFO    ] Replications: [███░░░░░░░░░░░░░░░░░░░░░░░░░░░] 121/1000 (12.1%)
2026-02-11 16:28:57 [INFO    ] Replications: [███░░░░░░░░░░░░░░░░░░░░░░░░░░░] 122/1000 (12.2%)
2026-02-11 16:28:58 [INFO    ] Replications: [███░░░░░░░░░░░░░░░░░░░░░░░░░░░] 123/1000 (12.3%)
2026-02-11 16:28:59 [INFO    ] Replications: [███░░░░░░░░░░░░░░░░░░░░░░░░░░░] 124/1000 (12.4%)
2026-02-11 16:29:00 [INFO    ] Replications: [███░░░░░░░░░░░░░░░░░░░░░░░░░░░] 125/1000 (12.5%)
2026-02-11 16:29:01 [INFO    ] Replications: [███░░░░░░░░░░░░░░░░░░░░░░░░░░░] 126/1000 (12.6%)
2026-02-11 16:29:01 [INFO    ] Replications: [███░░░░░░░░░░░░░░░░░░░░░░░░░░░] 127/1000 (12.7%)
2026-02-11 16:29:02 [INFO    ] Replications: [███░░░░░░░░░░░░░░░░░░░░░░░░░░░] 128/1000 (12.8%)
2026-02-11 16:29:03 [INFO    ] Replications: [███░░░░░░░░░░░░░░░░░░░░░░░░░░░] 129/1000 (12.9%)
2026-02-11 16:29:04 [INFO    ] Replications: [███░░░░░░░░░░░░░░░░░░░░░░░░░░░] 130/1000 (13.0%)
2026-02-11 16:29:05 [INFO    ] Replications: [███░░░░░░░░░░░░░░░░░░░░░░░░░░░] 131/1000 (13.1%)
2026-02-11 16:29:05 [INFO    ] Replications: [███░░░░░░░░░░░░░░░░░░░░░░░░░░░] 132/1000 (13.2%)
2026-02-11 16:29:06 [INFO    ] Replications: [███░░░░░░░░░░░░░░░░░░░░░░░░░░░] 133/1000 (13.3%)
2026-02-11 16:29:07 [INFO    ] Replications: [████░░░░░░░░░░░░░░░░░░░░░░░░░░] 134/1000 (13.4%)
2026-02-11 16:29:08 [INFO    ] Replications: [████░░░░░░░░░░░░░░░░░░░░░░░░░░] 135/1000 (13.5%)
2026-02-11 16:29:09 [INFO    ] Replications: [████░░░░░░░░░░░░░░░░░░░░░░░░░░] 136/1000 (13.6%)
2026-02-11 16:29:09 [INFO    ] Replications: [████░░░░░░░░░░░░░░░░░░░░░░░░░░] 137/1000 (13.7%)
2026-02-11 16:29:10 [INFO    ] Replications: [████░░░░░░░░░░░░░░░░░░░░░░░░░░] 138/1000 (13.8%)
2026-02-11 16:29:11 [INFO    ] Replications: [████░░░░░░░░░░░░░░░░░░░░░░░░░░] 139/1000 (13.9%)
2026-02-11 16:29:12 [INFO    ] Replications: [████░░░░░░░░░░░░░░░░░░░░░░░░░░] 140/1000 (14.0%)
2026-02-11 16:29:13 [INFO    ] Replications: [████░░░░░░░░░░░░░░░░░░░░░░░░░░] 141/1000 (14.1%)
2026-02-11 16:29:13 [INFO    ] Replications: [████░░░░░░░░░░░░░░░░░░░░░░░░░░] 142/1000 (14.2%)
2026-02-11 16:29:14 [INFO    ] Replications: [████░░░░░░░░░░░░░░░░░░░░░░░░░░] 143/1000 (14.3%)
2026-02-11 16:29:15 [INFO    ] Replications: [████░░░░░░░░░░░░░░░░░░░░░░░░░░] 144/1000 (14.4%)
2026-02-11 16:29:16 [INFO    ] Replications: [████░░░░░░░░░░░░░░░░░░░░░░░░░░] 145/1000 (14.5%)
2026-02-11 16:29:17 [INFO    ] Replications: [████░░░░░░░░░░░░░░░░░░░░░░░░░░] 146/1000 (14.6%)
2026-02-11 16:29:18 [INFO    ] Replications: [████░░░░░░░░░░░░░░░░░░░░░░░░░░] 147/1000 (14.7%)
2026-02-11 16:29:18 [INFO    ] Replications: [████░░░░░░░░░░░░░░░░░░░░░░░░░░] 148/1000 (14.8%)
2026-02-11 16:29:19 [INFO    ] Replications: [████░░░░░░░░░░░░░░░░░░░░░░░░░░] 149/1000 (14.9%)
2026-02-11 16:29:20 [INFO    ] Replications: [████░░░░░░░░░░░░░░░░░░░░░░░░░░] 150/1000 (15.0%)
2026-02-11 16:29:21 [INFO    ] Replications: [████░░░░░░░░░░░░░░░░░░░░░░░░░░] 151/1000 (15.1%)
2026-02-11 16:29:22 [INFO    ] Replications: [████░░░░░░░░░░░░░░░░░░░░░░░░░░] 152/1000 (15.2%)
2026-02-11 16:29:23 [INFO    ] Replications: [████░░░░░░░░░░░░░░░░░░░░░░░░░░] 153/1000 (15.3%)
2026-02-11 16:29:23 [INFO    ] Replications: [████░░░░░░░░░░░░░░░░░░░░░░░░░░] 154/1000 (15.4%)
2026-02-11 16:29:24 [INFO    ] Replications: [████░░░░░░░░░░░░░░░░░░░░░░░░░░] 155/1000 (15.5%)
2026-02-11 16:29:25 [INFO    ] Replications: [████░░░░░░░░░░░░░░░░░░░░░░░░░░] 156/1000 (15.6%)
2026-02-11 16:29:26 [INFO    ] Replications: [████░░░░░░░░░░░░░░░░░░░░░░░░░░] 157/1000 (15.7%)
2026-02-11 16:29:26 [INFO    ] Replications: [████░░░░░░░░░░░░░░░░░░░░░░░░░░] 158/1000 (15.8%)
2026-02-11 16:29:27 [INFO    ] Replications: [████░░░░░░░░░░░░░░░░░░░░░░░░░░] 159/1000 (15.9%)
2026-02-11 16:29:28 [INFO    ] Replications: [████░░░░░░░░░░░░░░░░░░░░░░░░░░] 160/1000 (16.0%)
2026-02-11 16:29:29 [INFO    ] Replications: [████░░░░░░░░░░░░░░░░░░░░░░░░░░] 161/1000 (16.1%)
2026-02-11 16:29:30 [INFO    ] Replications: [████░░░░░░░░░░░░░░░░░░░░░░░░░░] 162/1000 (16.2%)
2026-02-11 16:29:31 [INFO    ] Replications: [████░░░░░░░░░░░░░░░░░░░░░░░░░░] 163/1000 (16.3%)
2026-02-11 16:29:31 [INFO    ] Replications: [████░░░░░░░░░░░░░░░░░░░░░░░░░░] 164/1000 (16.4%)
2026-02-11 16:29:32 [INFO    ] Replications: [████░░░░░░░░░░░░░░░░░░░░░░░░░░] 165/1000 (16.5%)
2026-02-11 16:29:33 [INFO    ] Replications: [████░░░░░░░░░░░░░░░░░░░░░░░░░░] 166/1000 (16.6%)
2026-02-11 16:29:34 [INFO    ] Replications: [█████░░░░░░░░░░░░░░░░░░░░░░░░░] 167/1000 (16.7%)
2026-02-11 16:29:35 [INFO    ] Replications: [█████░░░░░░░░░░░░░░░░░░░░░░░░░] 168/1000 (16.8%)
2026-02-11 16:29:36 [INFO    ] Replications: [█████░░░░░░░░░░░░░░░░░░░░░░░░░] 169/1000 (16.9%)
2026-02-11 16:29:36 [INFO    ] Replications: [█████░░░░░░░░░░░░░░░░░░░░░░░░░] 170/1000 (17.0%)
2026-02-11 16:29:37 [INFO    ] Replications: [█████░░░░░░░░░░░░░░░░░░░░░░░░░] 171/1000 (17.1%)
2026-02-11 16:29:38 [INFO    ] Replications: [█████░░░░░░░░░░░░░░░░░░░░░░░░░] 172/1000 (17.2%)
2026-02-11 16:29:39 [INFO    ] Replications: [█████░░░░░░░░░░░░░░░░░░░░░░░░░] 173/1000 (17.3%)
2026-02-11 16:29:40 [INFO    ] Replications: [█████░░░░░░░░░░░░░░░░░░░░░░░░░] 174/1000 (17.4%)
2026-02-11 16:29:41 [INFO    ] Replications: [█████░░░░░░░░░░░░░░░░░░░░░░░░░] 175/1000 (17.5%)
2026-02-11 16:29:41 [INFO    ] Replications: [█████░░░░░░░░░░░░░░░░░░░░░░░░░] 176/1000 (17.6%)
2026-02-11 16:29:42 [INFO    ] Replications: [█████░░░░░░░░░░░░░░░░░░░░░░░░░] 177/1000 (17.7%)
2026-02-11 16:29:43 [INFO    ] Replications: [█████░░░░░░░░░░░░░░░░░░░░░░░░░] 178/1000 (17.8%)
2026-02-11 16:29:44 [INFO    ] Replications: [█████░░░░░░░░░░░░░░░░░░░░░░░░░] 179/1000 (17.9%)
2026-02-11 16:29:45 [INFO    ] Replications: [█████░░░░░░░░░░░░░░░░░░░░░░░░░] 180/1000 (18.0%)
2026-02-11 16:29:46 [INFO    ] Replications: [█████░░░░░░░░░░░░░░░░░░░░░░░░░] 181/1000 (18.1%)
2026-02-11 16:29:46 [INFO    ] Replications: [█████░░░░░░░░░░░░░░░░░░░░░░░░░] 182/1000 (18.2%)
2026-02-11 16:29:47 [INFO    ] Replications: [█████░░░░░░░░░░░░░░░░░░░░░░░░░] 183/1000 (18.3%)
2026-02-11 16:29:48 [INFO    ] Replications: [█████░░░░░░░░░░░░░░░░░░░░░░░░░] 184/1000 (18.4%)
2026-02-11 16:29:49 [INFO    ] Replications: [█████░░░░░░░░░░░░░░░░░░░░░░░░░] 185/1000 (18.5%)
2026-02-11 16:29:50 [INFO    ] Replications: [█████░░░░░░░░░░░░░░░░░░░░░░░░░] 186/1000 (18.6%)
2026-02-11 16:29:51 [INFO    ] Replications: [█████░░░░░░░░░░░░░░░░░░░░░░░░░] 187/1000 (18.7%)
2026-02-11 16:29:51 [INFO    ] Replications: [█████░░░░░░░░░░░░░░░░░░░░░░░░░] 188/1000 (18.8%)
2026-02-11 16:29:52 [INFO    ] Replications: [█████░░░░░░░░░░░░░░░░░░░░░░░░░] 189/1000 (18.9%)
2026-02-11 16:29:53 [INFO    ] Replications: [█████░░░░░░░░░░░░░░░░░░░░░░░░░] 190/1000 (19.0%)
2026-02-11 16:29:54 [INFO    ] Replications: [█████░░░░░░░░░░░░░░░░░░░░░░░░░] 191/1000 (19.1%)
2026-02-11 16:29:55 [INFO    ] Replications: [█████░░░░░░░░░░░░░░░░░░░░░░░░░] 192/1000 (19.2%)
2026-02-11 16:29:55 [INFO    ] Replications: [█████░░░░░░░░░░░░░░░░░░░░░░░░░] 193/1000 (19.3%)
2026-02-11 16:29:56 [INFO    ] Replications: [█████░░░░░░░░░░░░░░░░░░░░░░░░░] 194/1000 (19.4%)
2026-02-11 16:29:57 [INFO    ] Replications: [█████░░░░░░░░░░░░░░░░░░░░░░░░░] 195/1000 (19.5%)
2026-02-11 16:29:58 [INFO    ] Replications: [█████░░░░░░░░░░░░░░░░░░░░░░░░░] 196/1000 (19.6%)
2026-02-11 16:29:59 [INFO    ] Replications: [█████░░░░░░░░░░░░░░░░░░░░░░░░░] 197/1000 (19.7%)
2026-02-11 16:29:59 [INFO    ] Replications: [█████░░░░░░░░░░░░░░░░░░░░░░░░░] 198/1000 (19.8%)
2026-02-11 16:30:00 [INFO    ] Replications: [█████░░░░░░░░░░░░░░░░░░░░░░░░░] 199/1000 (19.9%)
2026-02-11 16:30:01 [INFO    ] Replications: [██████░░░░░░░░░░░░░░░░░░░░░░░░] 200/1000 (20.0%)
2026-02-11 16:30:02 [INFO    ] Replications: [██████░░░░░░░░░░░░░░░░░░░░░░░░] 201/1000 (20.1%)
2026-02-11 16:30:03 [INFO    ] Replications: [██████░░░░░░░░░░░░░░░░░░░░░░░░] 202/1000 (20.2%)
2026-02-11 16:30:03 [INFO    ] Replications: [██████░░░░░░░░░░░░░░░░░░░░░░░░] 203/1000 (20.3%)
2026-02-11 16:30:04 [INFO    ] Replications: [██████░░░░░░░░░░░░░░░░░░░░░░░░] 204/1000 (20.4%)
2026-02-11 16:30:05 [INFO    ] Replications: [██████░░░░░░░░░░░░░░░░░░░░░░░░] 205/1000 (20.5%)
2026-02-11 16:30:06 [INFO    ] Replications: [██████░░░░░░░░░░░░░░░░░░░░░░░░] 206/1000 (20.6%)
2026-02-11 16:30:07 [INFO    ] Replications: [██████░░░░░░░░░░░░░░░░░░░░░░░░] 207/1000 (20.7%)
2026-02-11 16:30:07 [INFO    ] Replications: [██████░░░░░░░░░░░░░░░░░░░░░░░░] 208/1000 (20.8%)
2026-02-11 16:30:08 [INFO    ] Replications: [██████░░░░░░░░░░░░░░░░░░░░░░░░] 209/1000 (20.9%)
2026-02-11 16:30:09 [INFO    ] Replications: [██████░░░░░░░░░░░░░░░░░░░░░░░░] 210/1000 (21.0%)
2026-02-11 16:30:10 [INFO    ] Replications: [██████░░░░░░░░░░░░░░░░░░░░░░░░] 211/1000 (21.1%)
2026-02-11 16:30:10 [INFO    ] Replications: [██████░░░░░░░░░░░░░░░░░░░░░░░░] 212/1000 (21.2%)
2026-02-11 16:30:11 [INFO    ] Replications: [██████░░░░░░░░░░░░░░░░░░░░░░░░] 213/1000 (21.3%)
2026-02-11 16:30:12 [INFO    ] Replications: [██████░░░░░░░░░░░░░░░░░░░░░░░░] 214/1000 (21.4%)
2026-02-11 16:30:13 [INFO    ] Replications: [██████░░░░░░░░░░░░░░░░░░░░░░░░] 215/1000 (21.5%)
2026-02-11 16:30:14 [INFO    ] Replications: [██████░░░░░░░░░░░░░░░░░░░░░░░░] 216/1000 (21.6%)
2026-02-11 16:30:15 [INFO    ] Replications: [██████░░░░░░░░░░░░░░░░░░░░░░░░] 217/1000 (21.7%)
2026-02-11 16:30:16 [INFO    ] Replications: [██████░░░░░░░░░░░░░░░░░░░░░░░░] 218/1000 (21.8%)
2026-02-11 16:30:16 [INFO    ] Replications: [██████░░░░░░░░░░░░░░░░░░░░░░░░] 219/1000 (21.9%)
2026-02-11 16:30:17 [INFO    ] Replications: [██████░░░░░░░░░░░░░░░░░░░░░░░░] 220/1000 (22.0%)
2026-02-11 16:30:18 [INFO    ] Replications: [██████░░░░░░░░░░░░░░░░░░░░░░░░] 221/1000 (22.1%)
2026-02-11 16:30:19 [INFO    ] Replications: [██████░░░░░░░░░░░░░░░░░░░░░░░░] 222/1000 (22.2%)
2026-02-11 16:30:19 [INFO    ] Replications: [██████░░░░░░░░░░░░░░░░░░░░░░░░] 223/1000 (22.3%)
2026-02-11 16:30:20 [INFO    ] Replications: [██████░░░░░░░░░░░░░░░░░░░░░░░░] 224/1000 (22.4%)
2026-02-11 16:30:21 [INFO    ] Replications: [██████░░░░░░░░░░░░░░░░░░░░░░░░] 225/1000 (22.5%)
2026-02-11 16:30:22 [INFO    ] Replications: [██████░░░░░░░░░░░░░░░░░░░░░░░░] 226/1000 (22.6%)
2026-02-11 16:30:23 [INFO    ] Replications: [██████░░░░░░░░░░░░░░░░░░░░░░░░] 227/1000 (22.7%)
2026-02-11 16:30:24 [INFO    ] Replications: [██████░░░░░░░░░░░░░░░░░░░░░░░░] 228/1000 (22.8%)
2026-02-11 16:30:24 [INFO    ] Replications: [██████░░░░░░░░░░░░░░░░░░░░░░░░] 229/1000 (22.9%)
2026-02-11 16:30:25 [INFO    ] Replications: [██████░░░░░░░░░░░░░░░░░░░░░░░░] 230/1000 (23.0%)
2026-02-11 16:30:26 [INFO    ] Replications: [██████░░░░░░░░░░░░░░░░░░░░░░░░] 231/1000 (23.1%)
2026-02-11 16:30:27 [INFO    ] Replications: [██████░░░░░░░░░░░░░░░░░░░░░░░░] 232/1000 (23.2%)
2026-02-11 16:30:27 [INFO    ] Replications: [██████░░░░░░░░░░░░░░░░░░░░░░░░] 233/1000 (23.3%)
2026-02-11 16:30:28 [INFO    ] Replications: [███████░░░░░░░░░░░░░░░░░░░░░░░] 234/1000 (23.4%)
2026-02-11 16:30:29 [INFO    ] Replications: [███████░░░░░░░░░░░░░░░░░░░░░░░] 235/1000 (23.5%)
2026-02-11 16:30:30 [INFO    ] Replications: [███████░░░░░░░░░░░░░░░░░░░░░░░] 236/1000 (23.6%)
2026-02-11 16:30:31 [INFO    ] Replications: [███████░░░░░░░░░░░░░░░░░░░░░░░] 237/1000 (23.7%)
2026-02-11 16:30:32 [INFO    ] Replications: [███████░░░░░░░░░░░░░░░░░░░░░░░] 238/1000 (23.8%)
2026-02-11 16:30:32 [INFO    ] Replications: [███████░░░░░░░░░░░░░░░░░░░░░░░] 239/1000 (23.9%)
2026-02-11 16:30:33 [INFO    ] Replications: [███████░░░░░░░░░░░░░░░░░░░░░░░] 240/1000 (24.0%)
2026-02-11 16:30:34 [INFO    ] Replications: [███████░░░░░░░░░░░░░░░░░░░░░░░] 241/1000 (24.1%)
2026-02-11 16:30:35 [INFO    ] Replications: [███████░░░░░░░░░░░░░░░░░░░░░░░] 242/1000 (24.2%)
2026-02-11 16:30:35 [INFO    ] Replications: [███████░░░░░░░░░░░░░░░░░░░░░░░] 243/1000 (24.3%)
2026-02-11 16:30:36 [INFO    ] Replications: [███████░░░░░░░░░░░░░░░░░░░░░░░] 244/1000 (24.4%)
2026-02-11 16:30:37 [INFO    ] Replications: [███████░░░░░░░░░░░░░░░░░░░░░░░] 245/1000 (24.5%)
2026-02-11 16:30:38 [INFO    ] Replications: [███████░░░░░░░░░░░░░░░░░░░░░░░] 246/1000 (24.6%)
2026-02-11 16:30:39 [INFO    ] Replications: [███████░░░░░░░░░░░░░░░░░░░░░░░] 247/1000 (24.7%)
2026-02-11 16:30:40 [INFO    ] Replications: [███████░░░░░░░░░░░░░░░░░░░░░░░] 248/1000 (24.8%)
2026-02-11 16:30:40 [INFO    ] Replications: [███████░░░░░░░░░░░░░░░░░░░░░░░] 249/1000 (24.9%)
2026-02-11 16:30:41 [INFO    ] Replications: [███████░░░░░░░░░░░░░░░░░░░░░░░] 250/1000 (25.0%)
2026-02-11 16:30:42 [INFO    ] Replications: [███████░░░░░░░░░░░░░░░░░░░░░░░] 251/1000 (25.1%)
2026-02-11 16:30:43 [INFO    ] Replications: [███████░░░░░░░░░░░░░░░░░░░░░░░] 252/1000 (25.2%)
2026-02-11 16:30:43 [INFO    ] Replications: [███████░░░░░░░░░░░░░░░░░░░░░░░] 253/1000 (25.3%)
2026-02-11 16:30:44 [INFO    ] Replications: [███████░░░░░░░░░░░░░░░░░░░░░░░] 254/1000 (25.4%)
2026-02-11 16:30:45 [INFO    ] Replications: [███████░░░░░░░░░░░░░░░░░░░░░░░] 255/1000 (25.5%)
2026-02-11 16:30:46 [INFO    ] Replications: [███████░░░░░░░░░░░░░░░░░░░░░░░] 256/1000 (25.6%)
2026-02-11 16:30:47 [INFO    ] Replications: [███████░░░░░░░░░░░░░░░░░░░░░░░] 257/1000 (25.7%)
2026-02-11 16:30:47 [INFO    ] Replications: [███████░░░░░░░░░░░░░░░░░░░░░░░] 258/1000 (25.8%)
2026-02-11 16:30:49 [INFO    ] Replications: [███████░░░░░░░░░░░░░░░░░░░░░░░] 259/1000 (25.9%)
2026-02-11 16:30:49 [INFO    ] Replications: [███████░░░░░░░░░░░░░░░░░░░░░░░] 260/1000 (26.0%)
2026-02-11 16:30:50 [INFO    ] Replications: [███████░░░░░░░░░░░░░░░░░░░░░░░] 261/1000 (26.1%)
2026-02-11 16:30:51 [INFO    ] Replications: [███████░░░░░░░░░░░░░░░░░░░░░░░] 262/1000 (26.2%)
2026-02-11 16:30:52 [INFO    ] Replications: [███████░░░░░░░░░░░░░░░░░░░░░░░] 263/1000 (26.3%)
2026-02-11 16:30:52 [INFO    ] Replications: [███████░░░░░░░░░░░░░░░░░░░░░░░] 264/1000 (26.4%)
2026-02-11 16:30:53 [INFO    ] Replications: [███████░░░░░░░░░░░░░░░░░░░░░░░] 265/1000 (26.5%)
2026-02-11 16:30:54 [INFO    ] Replications: [███████░░░░░░░░░░░░░░░░░░░░░░░] 266/1000 (26.6%)
2026-02-11 16:30:55 [INFO    ] Replications: [████████░░░░░░░░░░░░░░░░░░░░░░] 267/1000 (26.7%)
2026-02-11 16:30:56 [INFO    ] Replications: [████████░░░░░░░░░░░░░░░░░░░░░░] 268/1000 (26.8%)
2026-02-11 16:30:56 [INFO    ] Replications: [████████░░░░░░░░░░░░░░░░░░░░░░] 269/1000 (26.9%)
2026-02-11 16:30:57 [INFO    ] Replications: [████████░░░░░░░░░░░░░░░░░░░░░░] 270/1000 (27.0%)
2026-02-11 16:30:58 [INFO    ] Replications: [████████░░░░░░░░░░░░░░░░░░░░░░] 271/1000 (27.1%)
2026-02-11 16:30:59 [INFO    ] Replications: [████████░░░░░░░░░░░░░░░░░░░░░░] 272/1000 (27.2%)
2026-02-11 16:31:00 [INFO    ] Replications: [████████░░░░░░░░░░░░░░░░░░░░░░] 273/1000 (27.3%)
2026-02-11 16:31:01 [INFO    ] Replications: [████████░░░░░░░░░░░░░░░░░░░░░░] 274/1000 (27.4%)
2026-02-11 16:31:01 [INFO    ] Replications: [████████░░░░░░░░░░░░░░░░░░░░░░] 275/1000 (27.5%)
2026-02-11 16:31:02 [INFO    ] Replications: [████████░░░░░░░░░░░░░░░░░░░░░░] 276/1000 (27.6%)
2026-02-11 16:31:03 [INFO    ] Replications: [████████░░░░░░░░░░░░░░░░░░░░░░] 277/1000 (27.7%)
2026-02-11 16:31:04 [INFO    ] Replications: [████████░░░░░░░░░░░░░░░░░░░░░░] 278/1000 (27.8%)
2026-02-11 16:31:05 [INFO    ] Replications: [████████░░░░░░░░░░░░░░░░░░░░░░] 279/1000 (27.9%)
2026-02-11 16:31:05 [INFO    ] Replications: [████████░░░░░░░░░░░░░░░░░░░░░░] 280/1000 (28.0%)
2026-02-11 16:31:06 [INFO    ] Replications: [████████░░░░░░░░░░░░░░░░░░░░░░] 281/1000 (28.1%)
2026-02-11 16:31:07 [INFO    ] Replications: [████████░░░░░░░░░░░░░░░░░░░░░░] 282/1000 (28.2%)
2026-02-11 16:31:08 [INFO    ] Replications: [████████░░░░░░░░░░░░░░░░░░░░░░] 283/1000 (28.3%)
2026-02-11 16:31:09 [INFO    ] Replications: [████████░░░░░░░░░░░░░░░░░░░░░░] 284/1000 (28.4%)
2026-02-11 16:31:09 [INFO    ] Replications: [████████░░░░░░░░░░░░░░░░░░░░░░] 285/1000 (28.5%)
2026-02-11 16:31:10 [INFO    ] Replications: [████████░░░░░░░░░░░░░░░░░░░░░░] 286/1000 (28.6%)
2026-02-11 16:31:11 [INFO    ] Replications: [████████░░░░░░░░░░░░░░░░░░░░░░] 287/1000 (28.7%)
2026-02-11 16:31:12 [INFO    ] Replications: [████████░░░░░░░░░░░░░░░░░░░░░░] 288/1000 (28.8%)
2026-02-11 16:31:13 [INFO    ] Replications: [████████░░░░░░░░░░░░░░░░░░░░░░] 289/1000 (28.9%)
2026-02-11 16:31:13 [INFO    ] Replications: [████████░░░░░░░░░░░░░░░░░░░░░░] 290/1000 (29.0%)
2026-02-11 16:31:14 [INFO    ] Replications: [████████░░░░░░░░░░░░░░░░░░░░░░] 291/1000 (29.1%)
2026-02-11 16:31:15 [INFO    ] Replications: [████████░░░░░░░░░░░░░░░░░░░░░░] 292/1000 (29.2%)
2026-02-11 16:31:16 [INFO    ] Replications: [████████░░░░░░░░░░░░░░░░░░░░░░] 293/1000 (29.3%)
2026-02-11 16:31:17 [INFO    ] Replications: [████████░░░░░░░░░░░░░░░░░░░░░░] 294/1000 (29.4%)
2026-02-11 16:31:17 [INFO    ] Replications: [████████░░░░░░░░░░░░░░░░░░░░░░] 295/1000 (29.5%)
2026-02-11 16:31:18 [INFO    ] Replications: [████████░░░░░░░░░░░░░░░░░░░░░░] 296/1000 (29.6%)
2026-02-11 16:31:19 [INFO    ] Replications: [████████░░░░░░░░░░░░░░░░░░░░░░] 297/1000 (29.7%)
2026-02-11 16:31:20 [INFO    ] Replications: [████████░░░░░░░░░░░░░░░░░░░░░░] 298/1000 (29.8%)
2026-02-11 16:31:21 [INFO    ] Replications: [████████░░░░░░░░░░░░░░░░░░░░░░] 299/1000 (29.9%)
2026-02-11 16:31:22 [INFO    ] Replications: [█████████░░░░░░░░░░░░░░░░░░░░░] 300/1000 (30.0%)
2026-02-11 16:31:22 [INFO    ] Replications: [█████████░░░░░░░░░░░░░░░░░░░░░] 301/1000 (30.1%)
2026-02-11 16:31:23 [INFO    ] Replications: [█████████░░░░░░░░░░░░░░░░░░░░░] 302/1000 (30.2%)
2026-02-11 16:31:24 [INFO    ] Replications: [█████████░░░░░░░░░░░░░░░░░░░░░] 303/1000 (30.3%)
2026-02-11 16:31:25 [INFO    ] Replications: [█████████░░░░░░░░░░░░░░░░░░░░░] 304/1000 (30.4%)
2026-02-11 16:31:25 [INFO    ] Replications: [█████████░░░░░░░░░░░░░░░░░░░░░] 305/1000 (30.5%)
2026-02-11 16:31:26 [INFO    ] Replications: [█████████░░░░░░░░░░░░░░░░░░░░░] 306/1000 (30.6%)
2026-02-11 16:31:27 [INFO    ] Replications: [█████████░░░░░░░░░░░░░░░░░░░░░] 307/1000 (30.7%)
2026-02-11 16:31:28 [INFO    ] Replications: [█████████░░░░░░░░░░░░░░░░░░░░░] 308/1000 (30.8%)
2026-02-11 16:31:29 [INFO    ] Replications: [█████████░░░░░░░░░░░░░░░░░░░░░] 309/1000 (30.9%)
2026-02-11 16:31:29 [INFO    ] Replications: [█████████░░░░░░░░░░░░░░░░░░░░░] 310/1000 (31.0%)
2026-02-11 16:31:30 [INFO    ] Replications: [█████████░░░░░░░░░░░░░░░░░░░░░] 311/1000 (31.1%)
2026-02-11 16:31:31 [INFO    ] Replications: [█████████░░░░░░░░░░░░░░░░░░░░░] 312/1000 (31.2%)
2026-02-11 16:31:32 [INFO    ] Replications: [█████████░░░░░░░░░░░░░░░░░░░░░] 313/1000 (31.3%)
2026-02-11 16:31:33 [INFO    ] Replications: [█████████░░░░░░░░░░░░░░░░░░░░░] 314/1000 (31.4%)
2026-02-11 16:31:34 [INFO    ] Replications: [█████████░░░░░░░░░░░░░░░░░░░░░] 315/1000 (31.5%)
2026-02-11 16:31:34 [INFO    ] Replications: [█████████░░░░░░░░░░░░░░░░░░░░░] 316/1000 (31.6%)
2026-02-11 16:31:35 [INFO    ] Replications: [█████████░░░░░░░░░░░░░░░░░░░░░] 317/1000 (31.7%)
2026-02-11 16:31:36 [INFO    ] Replications: [█████████░░░░░░░░░░░░░░░░░░░░░] 318/1000 (31.8%)
2026-02-11 16:31:37 [INFO    ] Replications: [█████████░░░░░░░░░░░░░░░░░░░░░] 319/1000 (31.9%)
2026-02-11 16:31:37 [INFO    ] Replications: [█████████░░░░░░░░░░░░░░░░░░░░░] 320/1000 (32.0%)
2026-02-11 16:31:38 [INFO    ] Replications: [█████████░░░░░░░░░░░░░░░░░░░░░] 321/1000 (32.1%)
2026-02-11 16:31:39 [INFO    ] Replications: [█████████░░░░░░░░░░░░░░░░░░░░░] 322/1000 (32.2%)
2026-02-11 16:31:40 [INFO    ] Replications: [█████████░░░░░░░░░░░░░░░░░░░░░] 323/1000 (32.3%)
2026-02-11 16:31:41 [INFO    ] Replications: [█████████░░░░░░░░░░░░░░░░░░░░░] 324/1000 (32.4%)
2026-02-11 16:31:41 [INFO    ] Replications: [█████████░░░░░░░░░░░░░░░░░░░░░] 325/1000 (32.5%)
2026-02-11 16:31:42 [INFO    ] Replications: [█████████░░░░░░░░░░░░░░░░░░░░░] 326/1000 (32.6%)
2026-02-11 16:31:43 [INFO    ] Replications: [█████████░░░░░░░░░░░░░░░░░░░░░] 327/1000 (32.7%)
2026-02-11 16:31:44 [INFO    ] Replications: [█████████░░░░░░░░░░░░░░░░░░░░░] 328/1000 (32.8%)
2026-02-11 16:31:45 [INFO    ] Replications: [█████████░░░░░░░░░░░░░░░░░░░░░] 329/1000 (32.9%)
2026-02-11 16:31:46 [INFO    ] Replications: [█████████░░░░░░░░░░░░░░░░░░░░░] 330/1000 (33.0%)
2026-02-11 16:31:46 [INFO    ] Replications: [█████████░░░░░░░░░░░░░░░░░░░░░] 331/1000 (33.1%)
2026-02-11 16:31:47 [INFO    ] Replications: [█████████░░░░░░░░░░░░░░░░░░░░░] 332/1000 (33.2%)
2026-02-11 16:31:48 [INFO    ] Replications: [█████████░░░░░░░░░░░░░░░░░░░░░] 333/1000 (33.3%)
2026-02-11 16:31:49 [INFO    ] Replications: [██████████░░░░░░░░░░░░░░░░░░░░] 334/1000 (33.4%)
2026-02-11 16:31:50 [INFO    ] Replications: [██████████░░░░░░░░░░░░░░░░░░░░] 335/1000 (33.5%)
2026-02-11 16:31:50 [INFO    ] Replications: [██████████░░░░░░░░░░░░░░░░░░░░] 336/1000 (33.6%)
2026-02-11 16:31:51 [INFO    ] Replications: [██████████░░░░░░░░░░░░░░░░░░░░] 337/1000 (33.7%)
2026-02-11 16:31:52 [INFO    ] Replications: [██████████░░░░░░░░░░░░░░░░░░░░] 338/1000 (33.8%)
2026-02-11 16:31:53 [INFO    ] Replications: [██████████░░░░░░░░░░░░░░░░░░░░] 339/1000 (33.9%)
2026-02-11 16:31:53 [INFO    ] Replications: [██████████░░░░░░░░░░░░░░░░░░░░] 340/1000 (34.0%)
2026-02-11 16:31:54 [INFO    ] Replications: [██████████░░░░░░░░░░░░░░░░░░░░] 341/1000 (34.1%)
2026-02-11 16:31:55 [INFO    ] Replications: [██████████░░░░░░░░░░░░░░░░░░░░] 342/1000 (34.2%)
2026-02-11 16:31:56 [INFO    ] Replications: [██████████░░░░░░░░░░░░░░░░░░░░] 343/1000 (34.3%)
2026-02-11 16:31:57 [INFO    ] Replications: [██████████░░░░░░░░░░░░░░░░░░░░] 344/1000 (34.4%)
2026-02-11 16:31:58 [INFO    ] Replications: [██████████░░░░░░░░░░░░░░░░░░░░] 345/1000 (34.5%)
2026-02-11 16:31:58 [INFO    ] Replications: [██████████░░░░░░░░░░░░░░░░░░░░] 346/1000 (34.6%)
2026-02-11 16:31:59 [INFO    ] Replications: [██████████░░░░░░░░░░░░░░░░░░░░] 347/1000 (34.7%)
2026-02-11 16:32:00 [INFO    ] Replications: [██████████░░░░░░░░░░░░░░░░░░░░] 348/1000 (34.8%)
2026-02-11 16:32:01 [INFO    ] Replications: [██████████░░░░░░░░░░░░░░░░░░░░] 349/1000 (34.9%)
2026-02-11 16:32:02 [INFO    ] Replications: [██████████░░░░░░░░░░░░░░░░░░░░] 350/1000 (35.0%)
2026-02-11 16:32:02 [INFO    ] Replications: [██████████░░░░░░░░░░░░░░░░░░░░] 351/1000 (35.1%)
2026-02-11 16:32:03 [INFO    ] Replications: [██████████░░░░░░░░░░░░░░░░░░░░] 352/1000 (35.2%)
2026-02-11 16:32:04 [INFO    ] Replications: [██████████░░░░░░░░░░░░░░░░░░░░] 353/1000 (35.3%)
2026-02-11 16:32:05 [INFO    ] Replications: [██████████░░░░░░░░░░░░░░░░░░░░] 354/1000 (35.4%)
2026-02-11 16:32:06 [INFO    ] Replications: [██████████░░░░░░░░░░░░░░░░░░░░] 355/1000 (35.5%)
2026-02-11 16:32:06 [INFO    ] Replications: [██████████░░░░░░░░░░░░░░░░░░░░] 356/1000 (35.6%)
2026-02-11 16:32:07 [INFO    ] Replications: [██████████░░░░░░░░░░░░░░░░░░░░] 357/1000 (35.7%)
2026-02-11 16:32:08 [INFO    ] Replications: [██████████░░░░░░░░░░░░░░░░░░░░] 358/1000 (35.8%)
2026-02-11 16:32:09 [INFO    ] Replications: [██████████░░░░░░░░░░░░░░░░░░░░] 359/1000 (35.9%)
2026-02-11 16:32:10 [INFO    ] Replications: [██████████░░░░░░░░░░░░░░░░░░░░] 360/1000 (36.0%)
2026-02-11 16:32:11 [INFO    ] Replications: [██████████░░░░░░░░░░░░░░░░░░░░] 361/1000 (36.1%)
2026-02-11 16:32:12 [INFO    ] Replications: [██████████░░░░░░░░░░░░░░░░░░░░] 362/1000 (36.2%)
2026-02-11 16:32:12 [INFO    ] Replications: [██████████░░░░░░░░░░░░░░░░░░░░] 363/1000 (36.3%)
2026-02-11 16:32:13 [INFO    ] Replications: [██████████░░░░░░░░░░░░░░░░░░░░] 364/1000 (36.4%)
2026-02-11 16:32:14 [INFO    ] Replications: [██████████░░░░░░░░░░░░░░░░░░░░] 365/1000 (36.5%)
2026-02-11 16:32:15 [INFO    ] Replications: [██████████░░░░░░░░░░░░░░░░░░░░] 366/1000 (36.6%)
2026-02-11 16:32:16 [INFO    ] Replications: [███████████░░░░░░░░░░░░░░░░░░░] 367/1000 (36.7%)
2026-02-11 16:32:16 [INFO    ] Replications: [███████████░░░░░░░░░░░░░░░░░░░] 368/1000 (36.8%)
2026-02-11 16:32:17 [INFO    ] Replications: [███████████░░░░░░░░░░░░░░░░░░░] 369/1000 (36.9%)
2026-02-11 16:32:18 [INFO    ] Replications: [███████████░░░░░░░░░░░░░░░░░░░] 370/1000 (37.0%)
2026-02-11 16:32:19 [INFO    ] Replications: [███████████░░░░░░░░░░░░░░░░░░░] 371/1000 (37.1%)
2026-02-11 16:32:19 [INFO    ] Replications: [███████████░░░░░░░░░░░░░░░░░░░] 372/1000 (37.2%)
2026-02-11 16:32:20 [INFO    ] Replications: [███████████░░░░░░░░░░░░░░░░░░░] 373/1000 (37.3%)
2026-02-11 16:32:21 [INFO    ] Replications: [███████████░░░░░░░░░░░░░░░░░░░] 374/1000 (37.4%)
2026-02-11 16:32:22 [INFO    ] Replications: [███████████░░░░░░░░░░░░░░░░░░░] 375/1000 (37.5%)
2026-02-11 16:32:23 [INFO    ] Replications: [███████████░░░░░░░░░░░░░░░░░░░] 376/1000 (37.6%)
2026-02-11 16:32:23 [INFO    ] Replications: [███████████░░░░░░░░░░░░░░░░░░░] 377/1000 (37.7%)
2026-02-11 16:32:24 [INFO    ] Replications: [███████████░░░░░░░░░░░░░░░░░░░] 378/1000 (37.8%)
2026-02-11 16:32:25 [INFO    ] Replications: [███████████░░░░░░░░░░░░░░░░░░░] 379/1000 (37.9%)
2026-02-11 16:32:26 [INFO    ] Replications: [███████████░░░░░░░░░░░░░░░░░░░] 380/1000 (38.0%)
2026-02-11 16:32:27 [INFO    ] Replications: [███████████░░░░░░░░░░░░░░░░░░░] 381/1000 (38.1%)
2026-02-11 16:32:27 [INFO    ] Replications: [███████████░░░░░░░░░░░░░░░░░░░] 382/1000 (38.2%)
2026-02-11 16:32:28 [INFO    ] Replications: [███████████░░░░░░░░░░░░░░░░░░░] 383/1000 (38.3%)
2026-02-11 16:32:29 [INFO    ] Replications: [███████████░░░░░░░░░░░░░░░░░░░] 384/1000 (38.4%)
2026-02-11 16:32:30 [INFO    ] Replications: [███████████░░░░░░░░░░░░░░░░░░░] 385/1000 (38.5%)
2026-02-11 16:32:31 [INFO    ] Replications: [███████████░░░░░░░░░░░░░░░░░░░] 386/1000 (38.6%)
2026-02-11 16:32:31 [INFO    ] Replications: [███████████░░░░░░░░░░░░░░░░░░░] 387/1000 (38.7%)
2026-02-11 16:32:32 [INFO    ] Replications: [███████████░░░░░░░░░░░░░░░░░░░] 388/1000 (38.8%)
2026-02-11 16:32:33 [INFO    ] Replications: [███████████░░░░░░░░░░░░░░░░░░░] 389/1000 (38.9%)
2026-02-11 16:32:34 [INFO    ] Replications: [███████████░░░░░░░░░░░░░░░░░░░] 390/1000 (39.0%)
2026-02-11 16:32:35 [INFO    ] Replications: [███████████░░░░░░░░░░░░░░░░░░░] 391/1000 (39.1%)
2026-02-11 16:32:35 [INFO    ] Replications: [███████████░░░░░░░░░░░░░░░░░░░] 392/1000 (39.2%)
2026-02-11 16:32:36 [INFO    ] Replications: [███████████░░░░░░░░░░░░░░░░░░░] 393/1000 (39.3%)
2026-02-11 16:32:37 [INFO    ] Replications: [███████████░░░░░░░░░░░░░░░░░░░] 394/1000 (39.4%)
2026-02-11 16:32:38 [INFO    ] Replications: [███████████░░░░░░░░░░░░░░░░░░░] 395/1000 (39.5%)
2026-02-11 16:32:39 [INFO    ] Replications: [███████████░░░░░░░░░░░░░░░░░░░] 396/1000 (39.6%)
2026-02-11 16:32:39 [INFO    ] Replications: [███████████░░░░░░░░░░░░░░░░░░░] 397/1000 (39.7%)
2026-02-11 16:32:41 [INFO    ] Replications: [███████████░░░░░░░░░░░░░░░░░░░] 398/1000 (39.8%)
2026-02-11 16:32:41 [INFO    ] Replications: [███████████░░░░░░░░░░░░░░░░░░░] 399/1000 (39.9%)
2026-02-11 16:32:42 [INFO    ] Replications: [████████████░░░░░░░░░░░░░░░░░░] 400/1000 (40.0%)
2026-02-11 16:32:43 [INFO    ] Replications: [████████████░░░░░░░░░░░░░░░░░░] 401/1000 (40.1%)
2026-02-11 16:32:44 [INFO    ] Replications: [████████████░░░░░░░░░░░░░░░░░░] 402/1000 (40.2%)
2026-02-11 16:32:45 [INFO    ] Replications: [████████████░░░░░░░░░░░░░░░░░░] 403/1000 (40.3%)
2026-02-11 16:32:45 [INFO    ] Replications: [████████████░░░░░░░░░░░░░░░░░░] 404/1000 (40.4%)
2026-02-11 16:32:46 [INFO    ] Replications: [████████████░░░░░░░░░░░░░░░░░░] 405/1000 (40.5%)
2026-02-11 16:32:47 [INFO    ] Replications: [████████████░░░░░░░░░░░░░░░░░░] 406/1000 (40.6%)
2026-02-11 16:32:48 [INFO    ] Replications: [████████████░░░░░░░░░░░░░░░░░░] 407/1000 (40.7%)
2026-02-11 16:32:49 [INFO    ] Replications: [████████████░░░░░░░░░░░░░░░░░░] 408/1000 (40.8%)
2026-02-11 16:32:49 [INFO    ] Replications: [████████████░░░░░░░░░░░░░░░░░░] 409/1000 (40.9%)
2026-02-11 16:32:50 [INFO    ] Replications: [████████████░░░░░░░░░░░░░░░░░░] 410/1000 (41.0%)
2026-02-11 16:32:51 [INFO    ] Replications: [████████████░░░░░░░░░░░░░░░░░░] 411/1000 (41.1%)
2026-02-11 16:32:52 [INFO    ] Replications: [████████████░░░░░░░░░░░░░░░░░░] 412/1000 (41.2%)
2026-02-11 16:32:52 [INFO    ] Replications: [████████████░░░░░░░░░░░░░░░░░░] 413/1000 (41.3%)
2026-02-11 16:32:53 [INFO    ] Replications: [████████████░░░░░░░░░░░░░░░░░░] 414/1000 (41.4%)
2026-02-11 16:32:54 [INFO    ] Replications: [████████████░░░░░░░░░░░░░░░░░░] 415/1000 (41.5%)
2026-02-11 16:32:55 [INFO    ] Replications: [████████████░░░░░░░░░░░░░░░░░░] 416/1000 (41.6%)
2026-02-11 16:32:56 [INFO    ] Replications: [████████████░░░░░░░░░░░░░░░░░░] 417/1000 (41.7%)
2026-02-11 16:32:57 [INFO    ] Replications: [████████████░░░░░░░░░░░░░░░░░░] 418/1000 (41.8%)
2026-02-11 16:32:58 [INFO    ] Replications: [████████████░░░░░░░░░░░░░░░░░░] 419/1000 (41.9%)
2026-02-11 16:32:58 [INFO    ] Replications: [████████████░░░░░░░░░░░░░░░░░░] 420/1000 (42.0%)
2026-02-11 16:32:59 [INFO    ] Replications: [████████████░░░░░░░░░░░░░░░░░░] 421/1000 (42.1%)
2026-02-11 16:33:00 [INFO    ] Replications: [████████████░░░░░░░░░░░░░░░░░░] 422/1000 (42.2%)
2026-02-11 16:33:01 [INFO    ] Replications: [████████████░░░░░░░░░░░░░░░░░░] 423/1000 (42.3%)
2026-02-11 16:33:02 [INFO    ] Replications: [████████████░░░░░░░░░░░░░░░░░░] 424/1000 (42.4%)
2026-02-11 16:33:02 [INFO    ] Replications: [████████████░░░░░░░░░░░░░░░░░░] 425/1000 (42.5%)
2026-02-11 16:33:03 [INFO    ] Replications: [████████████░░░░░░░░░░░░░░░░░░] 426/1000 (42.6%)
2026-02-11 16:33:04 [INFO    ] Replications: [████████████░░░░░░░░░░░░░░░░░░] 427/1000 (42.7%)
2026-02-11 16:33:05 [INFO    ] Replications: [████████████░░░░░░░░░░░░░░░░░░] 428/1000 (42.8%)
2026-02-11 16:33:06 [INFO    ] Replications: [████████████░░░░░░░░░░░░░░░░░░] 429/1000 (42.9%)
2026-02-11 16:33:06 [INFO    ] Replications: [████████████░░░░░░░░░░░░░░░░░░] 430/1000 (43.0%)
2026-02-11 16:33:07 [INFO    ] Replications: [████████████░░░░░░░░░░░░░░░░░░] 431/1000 (43.1%)
2026-02-11 16:33:08 [INFO    ] Replications: [████████████░░░░░░░░░░░░░░░░░░] 432/1000 (43.2%)
2026-02-11 16:33:09 [INFO    ] Replications: [████████████░░░░░░░░░░░░░░░░░░] 433/1000 (43.3%)
2026-02-11 16:33:10 [INFO    ] Replications: [█████████████░░░░░░░░░░░░░░░░░] 434/1000 (43.4%)
2026-02-11 16:33:10 [INFO    ] Replications: [█████████████░░░░░░░░░░░░░░░░░] 435/1000 (43.5%)
2026-02-11 16:33:11 [INFO    ] Replications: [█████████████░░░░░░░░░░░░░░░░░] 436/1000 (43.6%)
2026-02-11 16:33:12 [INFO    ] Replications: [█████████████░░░░░░░░░░░░░░░░░] 437/1000 (43.7%)
2026-02-11 16:33:13 [INFO    ] Replications: [█████████████░░░░░░░░░░░░░░░░░] 438/1000 (43.8%)
2026-02-11 16:33:14 [INFO    ] Replications: [█████████████░░░░░░░░░░░░░░░░░] 439/1000 (43.9%)
2026-02-11 16:33:15 [INFO    ] Replications: [█████████████░░░░░░░░░░░░░░░░░] 440/1000 (44.0%)
2026-02-11 16:33:16 [INFO    ] Replications: [█████████████░░░░░░░░░░░░░░░░░] 441/1000 (44.1%)
2026-02-11 16:33:17 [INFO    ] Replications: [█████████████░░░░░░░░░░░░░░░░░] 442/1000 (44.2%)
2026-02-11 16:33:17 [INFO    ] Replications: [█████████████░░░░░░░░░░░░░░░░░] 443/1000 (44.3%)
2026-02-11 16:33:18 [INFO    ] Replications: [█████████████░░░░░░░░░░░░░░░░░] 444/1000 (44.4%)
2026-02-11 16:33:19 [INFO    ] Replications: [█████████████░░░░░░░░░░░░░░░░░] 445/1000 (44.5%)
2026-02-11 16:33:20 [INFO    ] Replications: [█████████████░░░░░░░░░░░░░░░░░] 446/1000 (44.6%)
2026-02-11 16:33:21 [INFO    ] Replications: [█████████████░░░░░░░░░░░░░░░░░] 447/1000 (44.7%)
2026-02-11 16:33:21 [INFO    ] Replications: [█████████████░░░░░░░░░░░░░░░░░] 448/1000 (44.8%)
2026-02-11 16:33:22 [INFO    ] Replications: [█████████████░░░░░░░░░░░░░░░░░] 449/1000 (44.9%)
2026-02-11 16:33:23 [INFO    ] Replications: [█████████████░░░░░░░░░░░░░░░░░] 450/1000 (45.0%)
2026-02-11 16:33:24 [INFO    ] Replications: [█████████████░░░░░░░░░░░░░░░░░] 451/1000 (45.1%)
2026-02-11 16:33:25 [INFO    ] Replications: [█████████████░░░░░░░░░░░░░░░░░] 452/1000 (45.2%)
2026-02-11 16:33:26 [INFO    ] Replications: [█████████████░░░░░░░░░░░░░░░░░] 453/1000 (45.3%)
2026-02-11 16:33:26 [INFO    ] Replications: [█████████████░░░░░░░░░░░░░░░░░] 454/1000 (45.4%)
2026-02-11 16:33:27 [INFO    ] Replications: [█████████████░░░░░░░░░░░░░░░░░] 455/1000 (45.5%)
2026-02-11 16:33:28 [INFO    ] Replications: [█████████████░░░░░░░░░░░░░░░░░] 456/1000 (45.6%)
2026-02-11 16:33:29 [INFO    ] Replications: [█████████████░░░░░░░░░░░░░░░░░] 457/1000 (45.7%)
2026-02-11 16:33:30 [INFO    ] Replications: [█████████████░░░░░░░░░░░░░░░░░] 458/1000 (45.8%)
2026-02-11 16:33:31 [INFO    ] Replications: [█████████████░░░░░░░░░░░░░░░░░] 459/1000 (45.9%)
2026-02-11 16:33:32 [INFO    ] Replications: [█████████████░░░░░░░░░░░░░░░░░] 460/1000 (46.0%)
2026-02-11 16:33:33 [INFO    ] Replications: [█████████████░░░░░░░░░░░░░░░░░] 461/1000 (46.1%)
2026-02-11 16:33:33 [INFO    ] Replications: [█████████████░░░░░░░░░░░░░░░░░] 462/1000 (46.2%)
2026-02-11 16:33:34 [INFO    ] Replications: [█████████████░░░░░░░░░░░░░░░░░] 463/1000 (46.3%)
2026-02-11 16:33:35 [INFO    ] Replications: [█████████████░░░░░░░░░░░░░░░░░] 464/1000 (46.4%)
2026-02-11 16:33:36 [INFO    ] Replications: [█████████████░░░░░░░░░░░░░░░░░] 465/1000 (46.5%)
2026-02-11 16:33:37 [INFO    ] Replications: [█████████████░░░░░░░░░░░░░░░░░] 466/1000 (46.6%)
2026-02-11 16:33:37 [INFO    ] Replications: [██████████████░░░░░░░░░░░░░░░░] 467/1000 (46.7%)
2026-02-11 16:33:38 [INFO    ] Replications: [██████████████░░░░░░░░░░░░░░░░] 468/1000 (46.8%)
2026-02-11 16:33:39 [INFO    ] Replications: [██████████████░░░░░░░░░░░░░░░░] 469/1000 (46.9%)
2026-02-11 16:33:40 [INFO    ] Replications: [██████████████░░░░░░░░░░░░░░░░] 470/1000 (47.0%)
2026-02-11 16:33:40 [INFO    ] Replications: [██████████████░░░░░░░░░░░░░░░░] 471/1000 (47.1%)
2026-02-11 16:33:41 [INFO    ] Replications: [██████████████░░░░░░░░░░░░░░░░] 472/1000 (47.2%)
2026-02-11 16:33:42 [INFO    ] Replications: [██████████████░░░░░░░░░░░░░░░░] 473/1000 (47.3%)
2026-02-11 16:33:43 [INFO    ] Replications: [██████████████░░░░░░░░░░░░░░░░] 474/1000 (47.4%)
2026-02-11 16:33:44 [INFO    ] Replications: [██████████████░░░░░░░░░░░░░░░░] 475/1000 (47.5%)
2026-02-11 16:33:44 [INFO    ] Replications: [██████████████░░░░░░░░░░░░░░░░] 476/1000 (47.6%)
2026-02-11 16:33:45 [INFO    ] Replications: [██████████████░░░░░░░░░░░░░░░░] 477/1000 (47.7%)
2026-02-11 16:33:46 [INFO    ] Replications: [██████████████░░░░░░░░░░░░░░░░] 478/1000 (47.8%)
2026-02-11 16:33:47 [INFO    ] Replications: [██████████████░░░░░░░░░░░░░░░░] 479/1000 (47.9%)
2026-02-11 16:33:48 [INFO    ] Replications: [██████████████░░░░░░░░░░░░░░░░] 480/1000 (48.0%)
2026-02-11 16:33:49 [INFO    ] Replications: [██████████████░░░░░░░░░░░░░░░░] 481/1000 (48.1%)
2026-02-11 16:33:50 [INFO    ] Replications: [██████████████░░░░░░░░░░░░░░░░] 482/1000 (48.2%)
2026-02-11 16:33:50 [INFO    ] Replications: [██████████████░░░░░░░░░░░░░░░░] 483/1000 (48.3%)
2026-02-11 16:33:51 [INFO    ] Replications: [██████████████░░░░░░░░░░░░░░░░] 484/1000 (48.4%)
2026-02-11 16:33:52 [INFO    ] Replications: [██████████████░░░░░░░░░░░░░░░░] 485/1000 (48.5%)
2026-02-11 16:33:53 [INFO    ] Replications: [██████████████░░░░░░░░░░░░░░░░] 486/1000 (48.6%)
2026-02-11 16:33:53 [INFO    ] Replications: [██████████████░░░░░░░░░░░░░░░░] 487/1000 (48.7%)
2026-02-11 16:33:54 [INFO    ] Replications: [██████████████░░░░░░░░░░░░░░░░] 488/1000 (48.8%)
2026-02-11 16:33:55 [INFO    ] Replications: [██████████████░░░░░░░░░░░░░░░░] 489/1000 (48.9%)
2026-02-11 16:33:56 [INFO    ] Replications: [██████████████░░░░░░░░░░░░░░░░] 490/1000 (49.0%)
2026-02-11 16:33:57 [INFO    ] Replications: [██████████████░░░░░░░░░░░░░░░░] 491/1000 (49.1%)
2026-02-11 16:33:57 [INFO    ] Replications: [██████████████░░░░░░░░░░░░░░░░] 492/1000 (49.2%)
2026-02-11 16:33:58 [INFO    ] Replications: [██████████████░░░░░░░░░░░░░░░░] 493/1000 (49.3%)
2026-02-11 16:33:59 [INFO    ] Replications: [██████████████░░░░░░░░░░░░░░░░] 494/1000 (49.4%)
2026-02-11 16:34:00 [INFO    ] Replications: [██████████████░░░░░░░░░░░░░░░░] 495/1000 (49.5%)
2026-02-11 16:34:01 [INFO    ] Replications: [██████████████░░░░░░░░░░░░░░░░] 496/1000 (49.6%)
2026-02-11 16:34:01 [INFO    ] Replications: [██████████████░░░░░░░░░░░░░░░░] 497/1000 (49.7%)
2026-02-11 16:34:02 [INFO    ] Replications: [██████████████░░░░░░░░░░░░░░░░] 498/1000 (49.8%)
2026-02-11 16:34:03 [INFO    ] Replications: [██████████████░░░░░░░░░░░░░░░░] 499/1000 (49.9%)
2026-02-11 16:34:04 [INFO    ] Replications: [███████████████░░░░░░░░░░░░░░░] 500/1000 (50.0%)
2026-02-11 16:34:05 [INFO    ] Replications: [███████████████░░░░░░░░░░░░░░░] 501/1000 (50.1%)
2026-02-11 16:34:06 [INFO    ] Replications: [███████████████░░░░░░░░░░░░░░░] 502/1000 (50.2%)
2026-02-11 16:34:07 [INFO    ] Replications: [███████████████░░░░░░░░░░░░░░░] 503/1000 (50.3%)
2026-02-11 16:34:07 [INFO    ] Replications: [███████████████░░░░░░░░░░░░░░░] 504/1000 (50.4%)
2026-02-11 16:34:08 [INFO    ] Replications: [███████████████░░░░░░░░░░░░░░░] 505/1000 (50.5%)
2026-02-11 16:34:09 [INFO    ] Replications: [███████████████░░░░░░░░░░░░░░░] 506/1000 (50.6%)
2026-02-11 16:34:10 [INFO    ] Replications: [███████████████░░░░░░░░░░░░░░░] 507/1000 (50.7%)
2026-02-11 16:34:11 [INFO    ] Replications: [███████████████░░░░░░░░░░░░░░░] 508/1000 (50.8%)
2026-02-11 16:34:12 [INFO    ] Replications: [███████████████░░░░░░░░░░░░░░░] 509/1000 (50.9%)
2026-02-11 16:34:12 [INFO    ] Replications: [███████████████░░░░░░░░░░░░░░░] 510/1000 (51.0%)
2026-02-11 16:34:13 [INFO    ] Replications: [███████████████░░░░░░░░░░░░░░░] 511/1000 (51.1%)
2026-02-11 16:34:14 [INFO    ] Replications: [███████████████░░░░░░░░░░░░░░░] 512/1000 (51.2%)
2026-02-11 16:34:15 [INFO    ] Replications: [███████████████░░░░░░░░░░░░░░░] 513/1000 (51.3%)
2026-02-11 16:34:16 [INFO    ] Replications: [███████████████░░░░░░░░░░░░░░░] 514/1000 (51.4%)
2026-02-11 16:34:16 [INFO    ] Replications: [███████████████░░░░░░░░░░░░░░░] 515/1000 (51.5%)
2026-02-11 16:34:17 [INFO    ] Replications: [███████████████░░░░░░░░░░░░░░░] 516/1000 (51.6%)
2026-02-11 16:34:18 [INFO    ] Replications: [███████████████░░░░░░░░░░░░░░░] 517/1000 (51.7%)
2026-02-11 16:34:19 [INFO    ] Replications: [███████████████░░░░░░░░░░░░░░░] 518/1000 (51.8%)
2026-02-11 16:34:20 [INFO    ] Replications: [███████████████░░░░░░░░░░░░░░░] 519/1000 (51.9%)
2026-02-11 16:34:21 [INFO    ] Replications: [███████████████░░░░░░░░░░░░░░░] 520/1000 (52.0%)
2026-02-11 16:34:21 [INFO    ] Replications: [███████████████░░░░░░░░░░░░░░░] 521/1000 (52.1%)
2026-02-11 16:34:22 [INFO    ] Replications: [███████████████░░░░░░░░░░░░░░░] 522/1000 (52.2%)
2026-02-11 16:34:23 [INFO    ] Replications: [███████████████░░░░░░░░░░░░░░░] 523/1000 (52.3%)
2026-02-11 16:34:24 [INFO    ] Replications: [███████████████░░░░░░░░░░░░░░░] 524/1000 (52.4%)
2026-02-11 16:34:25 [INFO    ] Replications: [███████████████░░░░░░░░░░░░░░░] 525/1000 (52.5%)
2026-02-11 16:34:25 [INFO    ] Replications: [███████████████░░░░░░░░░░░░░░░] 526/1000 (52.6%)
2026-02-11 16:34:27 [INFO    ] Replications: [███████████████░░░░░░░░░░░░░░░] 527/1000 (52.7%)
2026-02-11 16:34:28 [INFO    ] Replications: [███████████████░░░░░░░░░░░░░░░] 528/1000 (52.8%)
2026-02-11 16:34:28 [INFO    ] Replications: [███████████████░░░░░░░░░░░░░░░] 529/1000 (52.9%)
2026-02-11 16:34:29 [INFO    ] Replications: [███████████████░░░░░░░░░░░░░░░] 530/1000 (53.0%)
2026-02-11 16:34:30 [INFO    ] Replications: [███████████████░░░░░░░░░░░░░░░] 531/1000 (53.1%)
2026-02-11 16:34:31 [INFO    ] Replications: [███████████████░░░░░░░░░░░░░░░] 532/1000 (53.2%)
2026-02-11 16:34:32 [INFO    ] Replications: [███████████████░░░░░░░░░░░░░░░] 533/1000 (53.3%)
2026-02-11 16:34:32 [INFO    ] Replications: [████████████████░░░░░░░░░░░░░░] 534/1000 (53.4%)
2026-02-11 16:34:33 [INFO    ] Replications: [████████████████░░░░░░░░░░░░░░] 535/1000 (53.5%)
2026-02-11 16:34:34 [INFO    ] Replications: [████████████████░░░░░░░░░░░░░░] 536/1000 (53.6%)
2026-02-11 16:34:35 [INFO    ] Replications: [████████████████░░░░░░░░░░░░░░] 537/1000 (53.7%)
2026-02-11 16:34:36 [INFO    ] Replications: [████████████████░░░░░░░░░░░░░░] 538/1000 (53.8%)
2026-02-11 16:34:37 [INFO    ] Replications: [████████████████░░░░░░░░░░░░░░] 539/1000 (53.9%)
2026-02-11 16:34:37 [INFO    ] Replications: [████████████████░░░░░░░░░░░░░░] 540/1000 (54.0%)
2026-02-11 16:34:38 [INFO    ] Replications: [████████████████░░░░░░░░░░░░░░] 541/1000 (54.1%)
2026-02-11 16:34:39 [INFO    ] Replications: [████████████████░░░░░░░░░░░░░░] 542/1000 (54.2%)
2026-02-11 16:34:40 [INFO    ] Replications: [████████████████░░░░░░░░░░░░░░] 543/1000 (54.3%)
2026-02-11 16:34:41 [INFO    ] Replications: [████████████████░░░░░░░░░░░░░░] 544/1000 (54.4%)
2026-02-11 16:34:42 [INFO    ] Replications: [████████████████░░░░░░░░░░░░░░] 545/1000 (54.5%)
2026-02-11 16:34:42 [INFO    ] Replications: [████████████████░░░░░░░░░░░░░░] 546/1000 (54.6%)
2026-02-11 16:34:43 [INFO    ] Replications: [████████████████░░░░░░░░░░░░░░] 547/1000 (54.7%)
2026-02-11 16:34:44 [INFO    ] Replications: [████████████████░░░░░░░░░░░░░░] 548/1000 (54.8%)
2026-02-11 16:34:45 [INFO    ] Replications: [████████████████░░░░░░░░░░░░░░] 549/1000 (54.9%)
2026-02-11 16:34:46 [INFO    ] Replications: [████████████████░░░░░░░░░░░░░░] 550/1000 (55.0%)
2026-02-11 16:34:46 [INFO    ] Replications: [████████████████░░░░░░░░░░░░░░] 551/1000 (55.1%)
2026-02-11 16:34:48 [INFO    ] Replications: [████████████████░░░░░░░░░░░░░░] 552/1000 (55.2%)
2026-02-11 16:34:49 [INFO    ] Replications: [████████████████░░░░░░░░░░░░░░] 553/1000 (55.3%)
2026-02-11 16:34:50 [INFO    ] Replications: [████████████████░░░░░░░░░░░░░░] 554/1000 (55.4%)
2026-02-11 16:34:51 [INFO    ] Replications: [████████████████░░░░░░░░░░░░░░] 555/1000 (55.5%)
2026-02-11 16:34:52 [INFO    ] Replications: [████████████████░░░░░░░░░░░░░░] 556/1000 (55.6%)
2026-02-11 16:34:53 [INFO    ] Replications: [████████████████░░░░░░░░░░░░░░] 557/1000 (55.7%)
2026-02-11 16:34:53 [INFO    ] Replications: [████████████████░░░░░░░░░░░░░░] 558/1000 (55.8%)
2026-02-11 16:34:54 [INFO    ] Replications: [████████████████░░░░░░░░░░░░░░] 559/1000 (55.9%)
2026-02-11 16:34:55 [INFO    ] Replications: [████████████████░░░░░░░░░░░░░░] 560/1000 (56.0%)
2026-02-11 16:34:56 [INFO    ] Replications: [████████████████░░░░░░░░░░░░░░] 561/1000 (56.1%)
2026-02-11 16:34:57 [INFO    ] Replications: [████████████████░░░░░░░░░░░░░░] 562/1000 (56.2%)
2026-02-11 16:34:58 [INFO    ] Replications: [████████████████░░░░░░░░░░░░░░] 563/1000 (56.3%)
2026-02-11 16:34:59 [INFO    ] Replications: [████████████████░░░░░░░░░░░░░░] 564/1000 (56.4%)
2026-02-11 16:35:00 [INFO    ] Replications: [████████████████░░░░░░░░░░░░░░] 565/1000 (56.5%)
2026-02-11 16:35:00 [INFO    ] Replications: [████████████████░░░░░░░░░░░░░░] 566/1000 (56.6%)
2026-02-11 16:35:01 [INFO    ] Replications: [█████████████████░░░░░░░░░░░░░] 567/1000 (56.7%)
2026-02-11 16:35:02 [INFO    ] Replications: [█████████████████░░░░░░░░░░░░░] 568/1000 (56.8%)
2026-02-11 16:35:03 [INFO    ] Replications: [█████████████████░░░░░░░░░░░░░] 569/1000 (56.9%)
2026-02-11 16:35:04 [INFO    ] Replications: [█████████████████░░░░░░░░░░░░░] 570/1000 (57.0%)
2026-02-11 16:35:04 [INFO    ] Replications: [█████████████████░░░░░░░░░░░░░] 571/1000 (57.1%)
2026-02-11 16:35:05 [INFO    ] Replications: [█████████████████░░░░░░░░░░░░░] 572/1000 (57.2%)
2026-02-11 16:35:06 [INFO    ] Replications: [█████████████████░░░░░░░░░░░░░] 573/1000 (57.3%)
2026-02-11 16:35:07 [INFO    ] Replications: [█████████████████░░░░░░░░░░░░░] 574/1000 (57.4%)
2026-02-11 16:35:08 [INFO    ] Replications: [█████████████████░░░░░░░░░░░░░] 575/1000 (57.5%)
2026-02-11 16:35:08 [INFO    ] Replications: [█████████████████░░░░░░░░░░░░░] 576/1000 (57.6%)
2026-02-11 16:35:09 [INFO    ] Replications: [█████████████████░░░░░░░░░░░░░] 577/1000 (57.7%)
2026-02-11 16:35:11 [INFO    ] Replications: [█████████████████░░░░░░░░░░░░░] 578/1000 (57.8%)
2026-02-11 16:35:12 [INFO    ] Replications: [█████████████████░░░░░░░░░░░░░] 579/1000 (57.9%)
2026-02-11 16:35:13 [INFO    ] Replications: [█████████████████░░░░░░░░░░░░░] 580/1000 (58.0%)
2026-02-11 16:35:13 [INFO    ] Replications: [█████████████████░░░░░░░░░░░░░] 581/1000 (58.1%)
2026-02-11 16:35:14 [INFO    ] Replications: [█████████████████░░░░░░░░░░░░░] 582/1000 (58.2%)
2026-02-11 16:35:15 [INFO    ] Replications: [█████████████████░░░░░░░░░░░░░] 583/1000 (58.3%)
2026-02-11 16:35:16 [INFO    ] Replications: [█████████████████░░░░░░░░░░░░░] 584/1000 (58.4%)
2026-02-11 16:35:17 [INFO    ] Replications: [█████████████████░░░░░░░░░░░░░] 585/1000 (58.5%)
2026-02-11 16:35:17 [INFO    ] Replications: [█████████████████░░░░░░░░░░░░░] 586/1000 (58.6%)
2026-02-11 16:35:18 [INFO    ] Replications: [█████████████████░░░░░░░░░░░░░] 587/1000 (58.7%)
2026-02-11 16:35:19 [INFO    ] Replications: [█████████████████░░░░░░░░░░░░░] 588/1000 (58.8%)
2026-02-11 16:35:20 [INFO    ] Replications: [█████████████████░░░░░░░░░░░░░] 589/1000 (58.9%)
2026-02-11 16:35:20 [INFO    ] Replications: [█████████████████░░░░░░░░░░░░░] 590/1000 (59.0%)
2026-02-11 16:35:21 [INFO    ] Replications: [█████████████████░░░░░░░░░░░░░] 591/1000 (59.1%)
2026-02-11 16:35:22 [INFO    ] Replications: [█████████████████░░░░░░░░░░░░░] 592/1000 (59.2%)
2026-02-11 16:35:23 [INFO    ] Replications: [█████████████████░░░░░░░░░░░░░] 593/1000 (59.3%)
2026-02-11 16:35:23 [INFO    ] Replications: [█████████████████░░░░░░░░░░░░░] 594/1000 (59.4%)
2026-02-11 16:35:24 [INFO    ] Replications: [█████████████████░░░░░░░░░░░░░] 595/1000 (59.5%)
2026-02-11 16:35:25 [INFO    ] Replications: [█████████████████░░░░░░░░░░░░░] 596/1000 (59.6%)
2026-02-11 16:35:26 [INFO    ] Replications: [█████████████████░░░░░░░░░░░░░] 597/1000 (59.7%)
2026-02-11 16:35:27 [INFO    ] Replications: [█████████████████░░░░░░░░░░░░░] 598/1000 (59.8%)
2026-02-11 16:35:27 [INFO    ] Replications: [█████████████████░░░░░░░░░░░░░] 599/1000 (59.9%)
2026-02-11 16:35:28 [INFO    ] Replications: [██████████████████░░░░░░░░░░░░] 600/1000 (60.0%)
2026-02-11 16:35:29 [INFO    ] Replications: [██████████████████░░░░░░░░░░░░] 601/1000 (60.1%)
2026-02-11 16:35:30 [INFO    ] Replications: [██████████████████░░░░░░░░░░░░] 602/1000 (60.2%)
2026-02-11 16:35:30 [INFO    ] Replications: [██████████████████░░░░░░░░░░░░] 603/1000 (60.3%)
2026-02-11 16:35:31 [INFO    ] Replications: [██████████████████░░░░░░░░░░░░] 604/1000 (60.4%)
2026-02-11 16:35:32 [INFO    ] Replications: [██████████████████░░░░░░░░░░░░] 605/1000 (60.5%)
2026-02-11 16:35:34 [INFO    ] Replications: [██████████████████░░░░░░░░░░░░] 606/1000 (60.6%)
2026-02-11 16:35:34 [INFO    ] Replications: [██████████████████░░░░░░░░░░░░] 607/1000 (60.7%)
2026-02-11 16:35:35 [INFO    ] Replications: [██████████████████░░░░░░░░░░░░] 608/1000 (60.8%)
2026-02-11 16:35:36 [INFO    ] Replications: [██████████████████░░░░░░░░░░░░] 609/1000 (60.9%)
2026-02-11 16:35:37 [INFO    ] Replications: [██████████████████░░░░░░░░░░░░] 610/1000 (61.0%)
2026-02-11 16:35:37 [INFO    ] Replications: [██████████████████░░░░░░░░░░░░] 611/1000 (61.1%)
2026-02-11 16:35:38 [INFO    ] Replications: [██████████████████░░░░░░░░░░░░] 612/1000 (61.2%)
2026-02-11 16:35:39 [INFO    ] Replications: [██████████████████░░░░░░░░░░░░] 613/1000 (61.3%)
2026-02-11 16:35:40 [INFO    ] Replications: [██████████████████░░░░░░░░░░░░] 614/1000 (61.4%)
2026-02-11 16:35:41 [INFO    ] Replications: [██████████████████░░░░░░░░░░░░] 615/1000 (61.5%)
2026-02-11 16:35:41 [INFO    ] Replications: [██████████████████░░░░░░░░░░░░] 616/1000 (61.6%)
2026-02-11 16:35:42 [INFO    ] Replications: [██████████████████░░░░░░░░░░░░] 617/1000 (61.7%)
2026-02-11 16:35:43 [INFO    ] Replications: [██████████████████░░░░░░░░░░░░] 618/1000 (61.8%)
2026-02-11 16:35:44 [INFO    ] Replications: [██████████████████░░░░░░░░░░░░] 619/1000 (61.9%)
2026-02-11 16:35:45 [INFO    ] Replications: [██████████████████░░░░░░░░░░░░] 620/1000 (62.0%)
2026-02-11 16:35:45 [INFO    ] Replications: [██████████████████░░░░░░░░░░░░] 621/1000 (62.1%)
2026-02-11 16:35:46 [INFO    ] Replications: [██████████████████░░░░░░░░░░░░] 622/1000 (62.2%)
2026-02-11 16:35:47 [INFO    ] Replications: [██████████████████░░░░░░░░░░░░] 623/1000 (62.3%)
2026-02-11 16:35:48 [INFO    ] Replications: [██████████████████░░░░░░░░░░░░] 624/1000 (62.4%)
2026-02-11 16:35:49 [INFO    ] Replications: [██████████████████░░░░░░░░░░░░] 625/1000 (62.5%)
2026-02-11 16:35:49 [INFO    ] Replications: [██████████████████░░░░░░░░░░░░] 626/1000 (62.6%)
2026-02-11 16:35:50 [INFO    ] Replications: [██████████████████░░░░░░░░░░░░] 627/1000 (62.7%)
2026-02-11 16:35:51 [INFO    ] Replications: [██████████████████░░░░░░░░░░░░] 628/1000 (62.8%)
2026-02-11 16:35:52 [INFO    ] Replications: [██████████████████░░░░░░░░░░░░] 629/1000 (62.9%)
2026-02-11 16:35:53 [INFO    ] Replications: [██████████████████░░░░░░░░░░░░] 630/1000 (63.0%)
2026-02-11 16:35:53 [INFO    ] Replications: [██████████████████░░░░░░░░░░░░] 631/1000 (63.1%)
2026-02-11 16:35:54 [INFO    ] Replications: [██████████████████░░░░░░░░░░░░] 632/1000 (63.2%)
2026-02-11 16:35:55 [INFO    ] Replications: [██████████████████░░░░░░░░░░░░] 633/1000 (63.3%)
2026-02-11 16:35:56 [INFO    ] Replications: [███████████████████░░░░░░░░░░░] 634/1000 (63.4%)
2026-02-11 16:35:58 [INFO    ] Replications: [███████████████████░░░░░░░░░░░] 635/1000 (63.5%)
2026-02-11 16:35:58 [INFO    ] Replications: [███████████████████░░░░░░░░░░░] 636/1000 (63.6%)
2026-02-11 16:35:59 [INFO    ] Replications: [███████████████████░░░░░░░░░░░] 637/1000 (63.7%)
2026-02-11 16:36:00 [INFO    ] Replications: [███████████████████░░░░░░░░░░░] 638/1000 (63.8%)
2026-02-11 16:36:01 [INFO    ] Replications: [███████████████████░░░░░░░░░░░] 639/1000 (63.9%)
2026-02-11 16:36:02 [INFO    ] Replications: [███████████████████░░░░░░░░░░░] 640/1000 (64.0%)
2026-02-11 16:36:02 [INFO    ] Replications: [███████████████████░░░░░░░░░░░] 641/1000 (64.1%)
2026-02-11 16:36:03 [INFO    ] Replications: [███████████████████░░░░░░░░░░░] 642/1000 (64.2%)
2026-02-11 16:36:04 [INFO    ] Replications: [███████████████████░░░░░░░░░░░] 643/1000 (64.3%)
2026-02-11 16:36:05 [INFO    ] Replications: [███████████████████░░░░░░░░░░░] 644/1000 (64.4%)
2026-02-11 16:36:05 [INFO    ] Replications: [███████████████████░░░░░░░░░░░] 645/1000 (64.5%)
2026-02-11 16:36:06 [INFO    ] Replications: [███████████████████░░░░░░░░░░░] 646/1000 (64.6%)
2026-02-11 16:36:07 [INFO    ] Replications: [███████████████████░░░░░░░░░░░] 647/1000 (64.7%)
2026-02-11 16:36:08 [INFO    ] Replications: [███████████████████░░░░░░░░░░░] 648/1000 (64.8%)
2026-02-11 16:36:09 [INFO    ] Replications: [███████████████████░░░░░░░░░░░] 649/1000 (64.9%)
2026-02-11 16:36:09 [INFO    ] Replications: [███████████████████░░░░░░░░░░░] 650/1000 (65.0%)
2026-02-11 16:36:10 [INFO    ] Replications: [███████████████████░░░░░░░░░░░] 651/1000 (65.1%)
2026-02-11 16:36:11 [INFO    ] Replications: [███████████████████░░░░░░░░░░░] 652/1000 (65.2%)
2026-02-11 16:36:12 [INFO    ] Replications: [███████████████████░░░░░░░░░░░] 653/1000 (65.3%)
2026-02-11 16:36:12 [INFO    ] Replications: [███████████████████░░░░░░░░░░░] 654/1000 (65.4%)
2026-02-11 16:36:13 [INFO    ] Replications: [███████████████████░░░░░░░░░░░] 655/1000 (65.5%)
2026-02-11 16:36:14 [INFO    ] Replications: [███████████████████░░░░░░░░░░░] 656/1000 (65.6%)
2026-02-11 16:36:15 [INFO    ] Replications: [███████████████████░░░░░░░░░░░] 657/1000 (65.7%)
2026-02-11 16:36:15 [INFO    ] Replications: [███████████████████░░░░░░░░░░░] 658/1000 (65.8%)
2026-02-11 16:36:16 [INFO    ] Replications: [███████████████████░░░░░░░░░░░] 659/1000 (65.9%)
2026-02-11 16:36:17 [INFO    ] Replications: [███████████████████░░░░░░░░░░░] 660/1000 (66.0%)
2026-02-11 16:36:18 [INFO    ] Replications: [███████████████████░░░░░░░░░░░] 661/1000 (66.1%)
2026-02-11 16:36:19 [INFO    ] Replications: [███████████████████░░░░░░░░░░░] 662/1000 (66.2%)
2026-02-11 16:36:19 [INFO    ] Replications: [███████████████████░░░░░░░░░░░] 663/1000 (66.3%)
2026-02-11 16:36:20 [INFO    ] Replications: [███████████████████░░░░░░░░░░░] 664/1000 (66.4%)
2026-02-11 16:36:21 [INFO    ] Replications: [███████████████████░░░░░░░░░░░] 665/1000 (66.5%)
2026-02-11 16:36:23 [INFO    ] Replications: [███████████████████░░░░░░░░░░░] 666/1000 (66.6%)
2026-02-11 16:36:23 [INFO    ] Replications: [████████████████████░░░░░░░░░░] 667/1000 (66.7%)
2026-02-11 16:36:24 [INFO    ] Replications: [████████████████████░░░░░░░░░░] 668/1000 (66.8%)
2026-02-11 16:36:25 [INFO    ] Replications: [████████████████████░░░░░░░░░░] 669/1000 (66.9%)
2026-02-11 16:36:26 [INFO    ] Replications: [████████████████████░░░░░░░░░░] 670/1000 (67.0%)
2026-02-11 16:36:27 [INFO    ] Replications: [████████████████████░░░░░░░░░░] 671/1000 (67.1%)
2026-02-11 16:36:27 [INFO    ] Replications: [████████████████████░░░░░░░░░░] 672/1000 (67.2%)
2026-02-11 16:36:28 [INFO    ] Replications: [████████████████████░░░░░░░░░░] 673/1000 (67.3%)
2026-02-11 16:36:29 [INFO    ] Replications: [████████████████████░░░░░░░░░░] 674/1000 (67.4%)
2026-02-11 16:36:30 [INFO    ] Replications: [████████████████████░░░░░░░░░░] 675/1000 (67.5%)
2026-02-11 16:36:30 [INFO    ] Replications: [████████████████████░░░░░░░░░░] 676/1000 (67.6%)
2026-02-11 16:36:31 [INFO    ] Replications: [████████████████████░░░░░░░░░░] 677/1000 (67.7%)
2026-02-11 16:36:32 [INFO    ] Replications: [████████████████████░░░░░░░░░░] 678/1000 (67.8%)
2026-02-11 16:36:33 [INFO    ] Replications: [████████████████████░░░░░░░░░░] 679/1000 (67.9%)
2026-02-11 16:36:34 [INFO    ] Replications: [████████████████████░░░░░░░░░░] 680/1000 (68.0%)
2026-02-11 16:36:34 [INFO    ] Replications: [████████████████████░░░░░░░░░░] 681/1000 (68.1%)
2026-02-11 16:36:35 [INFO    ] Replications: [████████████████████░░░░░░░░░░] 682/1000 (68.2%)
2026-02-11 16:36:36 [INFO    ] Replications: [████████████████████░░░░░░░░░░] 683/1000 (68.3%)
2026-02-11 16:36:37 [INFO    ] Replications: [████████████████████░░░░░░░░░░] 684/1000 (68.4%)
2026-02-11 16:36:38 [INFO    ] Replications: [████████████████████░░░░░░░░░░] 685/1000 (68.5%)
2026-02-11 16:36:38 [INFO    ] Replications: [████████████████████░░░░░░░░░░] 686/1000 (68.6%)
2026-02-11 16:36:39 [INFO    ] Replications: [████████████████████░░░░░░░░░░] 687/1000 (68.7%)
2026-02-11 16:36:40 [INFO    ] Replications: [████████████████████░░░░░░░░░░] 688/1000 (68.8%)
2026-02-11 16:36:41 [INFO    ] Replications: [████████████████████░░░░░░░░░░] 689/1000 (68.9%)
2026-02-11 16:36:41 [INFO    ] Replications: [████████████████████░░░░░░░░░░] 690/1000 (69.0%)
2026-02-11 16:36:42 [INFO    ] Replications: [████████████████████░░░░░░░░░░] 691/1000 (69.1%)
2026-02-11 16:36:43 [INFO    ] Replications: [████████████████████░░░░░░░░░░] 692/1000 (69.2%)
2026-02-11 16:36:44 [INFO    ] Replications: [████████████████████░░░░░░░░░░] 693/1000 (69.3%)
2026-02-11 16:36:45 [INFO    ] Replications: [████████████████████░░░░░░░░░░] 694/1000 (69.4%)
2026-02-11 16:36:45 [INFO    ] Replications: [████████████████████░░░░░░░░░░] 695/1000 (69.5%)
2026-02-11 16:36:46 [INFO    ] Replications: [████████████████████░░░░░░░░░░] 696/1000 (69.6%)
2026-02-11 16:36:48 [INFO    ] Replications: [████████████████████░░░░░░░░░░] 697/1000 (69.7%)
2026-02-11 16:36:48 [INFO    ] Replications: [████████████████████░░░░░░░░░░] 698/1000 (69.8%)
2026-02-11 16:36:49 [INFO    ] Replications: [████████████████████░░░░░░░░░░] 699/1000 (69.9%)
2026-02-11 16:36:50 [INFO    ] Replications: [█████████████████████░░░░░░░░░] 700/1000 (70.0%)
2026-02-11 16:36:51 [INFO    ] Replications: [█████████████████████░░░░░░░░░] 701/1000 (70.1%)
2026-02-11 16:36:51 [INFO    ] Replications: [█████████████████████░░░░░░░░░] 702/1000 (70.2%)
2026-02-11 16:36:52 [INFO    ] Replications: [█████████████████████░░░░░░░░░] 703/1000 (70.3%)
2026-02-11 16:36:53 [INFO    ] Replications: [█████████████████████░░░░░░░░░] 704/1000 (70.4%)
2026-02-11 16:36:54 [INFO    ] Replications: [█████████████████████░░░░░░░░░] 705/1000 (70.5%)
2026-02-11 16:36:55 [INFO    ] Replications: [█████████████████████░░░░░░░░░] 706/1000 (70.6%)
2026-02-11 16:36:55 [INFO    ] Replications: [█████████████████████░░░░░░░░░] 707/1000 (70.7%)
2026-02-11 16:36:56 [INFO    ] Replications: [█████████████████████░░░░░░░░░] 708/1000 (70.8%)
2026-02-11 16:36:57 [INFO    ] Replications: [█████████████████████░░░░░░░░░] 709/1000 (70.9%)
2026-02-11 16:36:58 [INFO    ] Replications: [█████████████████████░░░░░░░░░] 710/1000 (71.0%)
2026-02-11 16:36:58 [INFO    ] Replications: [█████████████████████░░░░░░░░░] 711/1000 (71.1%)
2026-02-11 16:36:59 [INFO    ] Replications: [█████████████████████░░░░░░░░░] 712/1000 (71.2%)
2026-02-11 16:37:00 [INFO    ] Replications: [█████████████████████░░░░░░░░░] 713/1000 (71.3%)
2026-02-11 16:37:01 [INFO    ] Replications: [█████████████████████░░░░░░░░░] 714/1000 (71.4%)
2026-02-11 16:37:02 [INFO    ] Replications: [█████████████████████░░░░░░░░░] 715/1000 (71.5%)
2026-02-11 16:37:02 [INFO    ] Replications: [█████████████████████░░░░░░░░░] 716/1000 (71.6%)
2026-02-11 16:37:03 [INFO    ] Replications: [█████████████████████░░░░░░░░░] 717/1000 (71.7%)
2026-02-11 16:37:04 [INFO    ] Replications: [█████████████████████░░░░░░░░░] 718/1000 (71.8%)
2026-02-11 16:37:05 [INFO    ] Replications: [█████████████████████░░░░░░░░░] 719/1000 (71.9%)
2026-02-11 16:37:06 [INFO    ] Replications: [█████████████████████░░░░░░░░░] 720/1000 (72.0%)
2026-02-11 16:37:06 [INFO    ] Replications: [█████████████████████░░░░░░░░░] 721/1000 (72.1%)
2026-02-11 16:37:07 [INFO    ] Replications: [█████████████████████░░░░░░░░░] 722/1000 (72.2%)
2026-02-11 16:37:08 [INFO    ] Replications: [█████████████████████░░░░░░░░░] 723/1000 (72.3%)
2026-02-11 16:37:09 [INFO    ] Replications: [█████████████████████░░░░░░░░░] 724/1000 (72.4%)
2026-02-11 16:37:09 [INFO    ] Replications: [█████████████████████░░░░░░░░░] 725/1000 (72.5%)
2026-02-11 16:37:10 [INFO    ] Replications: [█████████████████████░░░░░░░░░] 726/1000 (72.6%)
2026-02-11 16:37:11 [INFO    ] Replications: [█████████████████████░░░░░░░░░] 727/1000 (72.7%)
2026-02-11 16:37:12 [INFO    ] Replications: [█████████████████████░░░░░░░░░] 728/1000 (72.8%)
2026-02-11 16:37:13 [INFO    ] Replications: [█████████████████████░░░░░░░░░] 729/1000 (72.9%)
2026-02-11 16:37:14 [INFO    ] Replications: [█████████████████████░░░░░░░░░] 730/1000 (73.0%)
2026-02-11 16:37:15 [INFO    ] Replications: [█████████████████████░░░░░░░░░] 731/1000 (73.1%)
2026-02-11 16:37:16 [INFO    ] Replications: [█████████████████████░░░░░░░░░] 732/1000 (73.2%)
2026-02-11 16:37:16 [INFO    ] Replications: [█████████████████████░░░░░░░░░] 733/1000 (73.3%)
2026-02-11 16:37:17 [INFO    ] Replications: [██████████████████████░░░░░░░░] 734/1000 (73.4%)
2026-02-11 16:37:18 [INFO    ] Replications: [██████████████████████░░░░░░░░] 735/1000 (73.5%)
2026-02-11 16:37:19 [INFO    ] Replications: [██████████████████████░░░░░░░░] 736/1000 (73.6%)
2026-02-11 16:37:19 [INFO    ] Replications: [██████████████████████░░░░░░░░] 737/1000 (73.7%)
2026-02-11 16:37:20 [INFO    ] Replications: [██████████████████████░░░░░░░░] 738/1000 (73.8%)
2026-02-11 16:37:21 [INFO    ] Replications: [██████████████████████░░░░░░░░] 739/1000 (73.9%)
2026-02-11 16:37:22 [INFO    ] Replications: [██████████████████████░░░░░░░░] 740/1000 (74.0%)
2026-02-11 16:37:23 [INFO    ] Replications: [██████████████████████░░░░░░░░] 741/1000 (74.1%)
2026-02-11 16:37:23 [INFO    ] Replications: [██████████████████████░░░░░░░░] 742/1000 (74.2%)
2026-02-11 16:37:24 [INFO    ] Replications: [██████████████████████░░░░░░░░] 743/1000 (74.3%)
2026-02-11 16:37:25 [INFO    ] Replications: [██████████████████████░░░░░░░░] 744/1000 (74.4%)
2026-02-11 16:37:26 [INFO    ] Replications: [██████████████████████░░░░░░░░] 745/1000 (74.5%)
2026-02-11 16:37:26 [INFO    ] Replications: [██████████████████████░░░░░░░░] 746/1000 (74.6%)
2026-02-11 16:37:27 [INFO    ] Replications: [██████████████████████░░░░░░░░] 747/1000 (74.7%)
2026-02-11 16:37:28 [INFO    ] Replications: [██████████████████████░░░░░░░░] 748/1000 (74.8%)
2026-02-11 16:37:29 [INFO    ] Replications: [██████████████████████░░░░░░░░] 749/1000 (74.9%)
2026-02-11 16:37:30 [INFO    ] Replications: [██████████████████████░░░░░░░░] 750/1000 (75.0%)
2026-02-11 16:37:30 [INFO    ] Replications: [██████████████████████░░░░░░░░] 751/1000 (75.1%)
2026-02-11 16:37:31 [INFO    ] Replications: [██████████████████████░░░░░░░░] 752/1000 (75.2%)
2026-02-11 16:37:32 [INFO    ] Replications: [██████████████████████░░░░░░░░] 753/1000 (75.3%)
2026-02-11 16:37:33 [INFO    ] Replications: [██████████████████████░░░░░░░░] 754/1000 (75.4%)
2026-02-11 16:37:33 [INFO    ] Replications: [██████████████████████░░░░░░░░] 755/1000 (75.5%)
2026-02-11 16:37:34 [INFO    ] Replications: [██████████████████████░░░░░░░░] 756/1000 (75.6%)
2026-02-11 16:37:35 [INFO    ] Replications: [██████████████████████░░░░░░░░] 757/1000 (75.7%)
2026-02-11 16:37:36 [INFO    ] Replications: [██████████████████████░░░░░░░░] 758/1000 (75.8%)
2026-02-11 16:37:37 [INFO    ] Replications: [██████████████████████░░░░░░░░] 759/1000 (75.9%)
2026-02-11 16:37:37 [INFO    ] Replications: [██████████████████████░░░░░░░░] 760/1000 (76.0%)
2026-02-11 16:37:38 [INFO    ] Replications: [██████████████████████░░░░░░░░] 761/1000 (76.1%)
2026-02-11 16:37:39 [INFO    ] Replications: [██████████████████████░░░░░░░░] 762/1000 (76.2%)
2026-02-11 16:37:39 [INFO    ] Replications: [██████████████████████░░░░░░░░] 763/1000 (76.3%)
2026-02-11 16:37:41 [INFO    ] Replications: [██████████████████████░░░░░░░░] 764/1000 (76.4%)
2026-02-11 16:37:42 [INFO    ] Replications: [██████████████████████░░░░░░░░] 765/1000 (76.5%)
2026-02-11 16:37:43 [INFO    ] Replications: [██████████████████████░░░░░░░░] 766/1000 (76.6%)
2026-02-11 16:37:44 [INFO    ] Replications: [███████████████████████░░░░░░░] 767/1000 (76.7%)
2026-02-11 16:37:44 [INFO    ] Replications: [███████████████████████░░░░░░░] 768/1000 (76.8%)
2026-02-11 16:37:45 [INFO    ] Replications: [███████████████████████░░░░░░░] 769/1000 (76.9%)
2026-02-11 16:37:46 [INFO    ] Replications: [███████████████████████░░░░░░░] 770/1000 (77.0%)
2026-02-11 16:37:47 [INFO    ] Replications: [███████████████████████░░░░░░░] 771/1000 (77.1%)
2026-02-11 16:37:48 [INFO    ] Replications: [███████████████████████░░░░░░░] 772/1000 (77.2%)
2026-02-11 16:37:48 [INFO    ] Replications: [███████████████████████░░░░░░░] 773/1000 (77.3%)
2026-02-11 16:37:49 [INFO    ] Replications: [███████████████████████░░░░░░░] 774/1000 (77.4%)
2026-02-11 16:37:50 [INFO    ] Replications: [███████████████████████░░░░░░░] 775/1000 (77.5%)
2026-02-11 16:37:51 [INFO    ] Replications: [███████████████████████░░░░░░░] 776/1000 (77.6%)
2026-02-11 16:37:52 [INFO    ] Replications: [███████████████████████░░░░░░░] 777/1000 (77.7%)
2026-02-11 16:37:52 [INFO    ] Replications: [███████████████████████░░░░░░░] 778/1000 (77.8%)
2026-02-11 16:37:53 [INFO    ] Replications: [███████████████████████░░░░░░░] 779/1000 (77.9%)
2026-02-11 16:37:54 [INFO    ] Replications: [███████████████████████░░░░░░░] 780/1000 (78.0%)
2026-02-11 16:37:55 [INFO    ] Replications: [███████████████████████░░░░░░░] 781/1000 (78.1%)
2026-02-11 16:37:56 [INFO    ] Replications: [███████████████████████░░░░░░░] 782/1000 (78.2%)
2026-02-11 16:37:56 [INFO    ] Replications: [███████████████████████░░░░░░░] 783/1000 (78.3%)
2026-02-11 16:37:57 [INFO    ] Replications: [███████████████████████░░░░░░░] 784/1000 (78.4%)
2026-02-11 16:37:58 [INFO    ] Replications: [███████████████████████░░░░░░░] 785/1000 (78.5%)
2026-02-11 16:37:59 [INFO    ] Replications: [███████████████████████░░░░░░░] 786/1000 (78.6%)
2026-02-11 16:37:59 [INFO    ] Replications: [███████████████████████░░░░░░░] 787/1000 (78.7%)
2026-02-11 16:38:00 [INFO    ] Replications: [███████████████████████░░░░░░░] 788/1000 (78.8%)
2026-02-11 16:38:01 [INFO    ] Replications: [███████████████████████░░░░░░░] 789/1000 (78.9%)
2026-02-11 16:38:02 [INFO    ] Replications: [███████████████████████░░░░░░░] 790/1000 (79.0%)
2026-02-11 16:38:03 [INFO    ] Replications: [███████████████████████░░░░░░░] 791/1000 (79.1%)
2026-02-11 16:38:03 [INFO    ] Replications: [███████████████████████░░░░░░░] 792/1000 (79.2%)
2026-02-11 16:38:04 [INFO    ] Replications: [███████████████████████░░░░░░░] 793/1000 (79.3%)
2026-02-11 16:38:05 [INFO    ] Replications: [███████████████████████░░░░░░░] 794/1000 (79.4%)
2026-02-11 16:38:06 [INFO    ] Replications: [███████████████████████░░░░░░░] 795/1000 (79.5%)
2026-02-11 16:38:07 [INFO    ] Replications: [███████████████████████░░░░░░░] 796/1000 (79.6%)
2026-02-11 16:38:07 [INFO    ] Replications: [███████████████████████░░░░░░░] 797/1000 (79.7%)
2026-02-11 16:38:08 [INFO    ] Replications: [███████████████████████░░░░░░░] 798/1000 (79.8%)
2026-02-11 16:38:09 [INFO    ] Replications: [███████████████████████░░░░░░░] 799/1000 (79.9%)
2026-02-11 16:38:11 [INFO    ] Replications: [████████████████████████░░░░░░] 800/1000 (80.0%)
2026-02-11 16:38:11 [INFO    ] Replications: [████████████████████████░░░░░░] 801/1000 (80.1%)
2026-02-11 16:38:12 [INFO    ] Replications: [████████████████████████░░░░░░] 802/1000 (80.2%)
2026-02-11 16:38:13 [INFO    ] Replications: [████████████████████████░░░░░░] 803/1000 (80.3%)
2026-02-11 16:38:14 [INFO    ] Replications: [████████████████████████░░░░░░] 804/1000 (80.4%)
2026-02-11 16:38:15 [INFO    ] Replications: [████████████████████████░░░░░░] 805/1000 (80.5%)
2026-02-11 16:38:15 [INFO    ] Replications: [████████████████████████░░░░░░] 806/1000 (80.6%)
2026-02-11 16:38:16 [INFO    ] Replications: [████████████████████████░░░░░░] 807/1000 (80.7%)
2026-02-11 16:38:17 [INFO    ] Replications: [████████████████████████░░░░░░] 808/1000 (80.8%)
2026-02-11 16:38:18 [INFO    ] Replications: [████████████████████████░░░░░░] 809/1000 (80.9%)
2026-02-11 16:38:19 [INFO    ] Replications: [████████████████████████░░░░░░] 810/1000 (81.0%)
2026-02-11 16:38:19 [INFO    ] Replications: [████████████████████████░░░░░░] 811/1000 (81.1%)
2026-02-11 16:38:20 [INFO    ] Replications: [████████████████████████░░░░░░] 812/1000 (81.2%)
2026-02-11 16:38:21 [INFO    ] Replications: [████████████████████████░░░░░░] 813/1000 (81.3%)
2026-02-11 16:38:22 [INFO    ] Replications: [████████████████████████░░░░░░] 814/1000 (81.4%)
2026-02-11 16:38:22 [INFO    ] Replications: [████████████████████████░░░░░░] 815/1000 (81.5%)
2026-02-11 16:38:23 [INFO    ] Replications: [████████████████████████░░░░░░] 816/1000 (81.6%)
2026-02-11 16:38:24 [INFO    ] Replications: [████████████████████████░░░░░░] 817/1000 (81.7%)
2026-02-11 16:38:25 [INFO    ] Replications: [████████████████████████░░░░░░] 818/1000 (81.8%)
2026-02-11 16:38:25 [INFO    ] Replications: [████████████████████████░░░░░░] 819/1000 (81.9%)
2026-02-11 16:38:26 [INFO    ] Replications: [████████████████████████░░░░░░] 820/1000 (82.0%)
2026-02-11 16:38:27 [INFO    ] Replications: [████████████████████████░░░░░░] 821/1000 (82.1%)
2026-02-11 16:38:28 [INFO    ] Replications: [████████████████████████░░░░░░] 822/1000 (82.2%)
2026-02-11 16:38:29 [INFO    ] Replications: [████████████████████████░░░░░░] 823/1000 (82.3%)
2026-02-11 16:38:29 [INFO    ] Replications: [████████████████████████░░░░░░] 824/1000 (82.4%)
2026-02-11 16:38:30 [INFO    ] Replications: [████████████████████████░░░░░░] 825/1000 (82.5%)
2026-02-11 16:38:31 [INFO    ] Replications: [████████████████████████░░░░░░] 826/1000 (82.6%)
2026-02-11 16:38:32 [INFO    ] Replications: [████████████████████████░░░░░░] 827/1000 (82.7%)
2026-02-11 16:38:32 [INFO    ] Replications: [████████████████████████░░░░░░] 828/1000 (82.8%)
2026-02-11 16:38:33 [INFO    ] Replications: [████████████████████████░░░░░░] 829/1000 (82.9%)
2026-02-11 16:38:34 [INFO    ] Replications: [████████████████████████░░░░░░] 830/1000 (83.0%)
2026-02-11 16:38:35 [INFO    ] Replications: [████████████████████████░░░░░░] 831/1000 (83.1%)
2026-02-11 16:38:35 [INFO    ] Replications: [████████████████████████░░░░░░] 832/1000 (83.2%)
2026-02-11 16:38:36 [INFO    ] Replications: [████████████████████████░░░░░░] 833/1000 (83.3%)
2026-02-11 16:38:37 [INFO    ] Replications: [█████████████████████████░░░░░] 834/1000 (83.4%)
2026-02-11 16:38:38 [INFO    ] Replications: [█████████████████████████░░░░░] 835/1000 (83.5%)
2026-02-11 16:38:38 [INFO    ] Replications: [█████████████████████████░░░░░] 836/1000 (83.6%)
2026-02-11 16:38:39 [INFO    ] Replications: [█████████████████████████░░░░░] 837/1000 (83.7%)
2026-02-11 16:38:41 [INFO    ] Replications: [█████████████████████████░░░░░] 838/1000 (83.8%)
2026-02-11 16:38:42 [INFO    ] Replications: [█████████████████████████░░░░░] 839/1000 (83.9%)
2026-02-11 16:38:42 [INFO    ] Replications: [█████████████████████████░░░░░] 840/1000 (84.0%)
2026-02-11 16:38:43 [INFO    ] Replications: [█████████████████████████░░░░░] 841/1000 (84.1%)
2026-02-11 16:38:44 [INFO    ] Replications: [█████████████████████████░░░░░] 842/1000 (84.2%)
2026-02-11 16:38:45 [INFO    ] Replications: [█████████████████████████░░░░░] 843/1000 (84.3%)
2026-02-11 16:38:46 [INFO    ] Replications: [█████████████████████████░░░░░] 844/1000 (84.4%)
2026-02-11 16:38:46 [INFO    ] Replications: [█████████████████████████░░░░░] 845/1000 (84.5%)
2026-02-11 16:38:47 [INFO    ] Replications: [█████████████████████████░░░░░] 846/1000 (84.6%)
2026-02-11 16:38:48 [INFO    ] Replications: [█████████████████████████░░░░░] 847/1000 (84.7%)
2026-02-11 16:38:49 [INFO    ] Replications: [█████████████████████████░░░░░] 848/1000 (84.8%)
2026-02-11 16:38:50 [INFO    ] Replications: [█████████████████████████░░░░░] 849/1000 (84.9%)
2026-02-11 16:38:50 [INFO    ] Replications: [█████████████████████████░░░░░] 850/1000 (85.0%)
2026-02-11 16:38:51 [INFO    ] Replications: [█████████████████████████░░░░░] 851/1000 (85.1%)
2026-02-11 16:38:52 [INFO    ] Replications: [█████████████████████████░░░░░] 852/1000 (85.2%)
2026-02-11 16:38:53 [INFO    ] Replications: [█████████████████████████░░░░░] 853/1000 (85.3%)
2026-02-11 16:38:54 [INFO    ] Replications: [█████████████████████████░░░░░] 854/1000 (85.4%)
2026-02-11 16:38:54 [INFO    ] Replications: [█████████████████████████░░░░░] 855/1000 (85.5%)
2026-02-11 16:38:55 [INFO    ] Replications: [█████████████████████████░░░░░] 856/1000 (85.6%)
2026-02-11 16:38:56 [INFO    ] Replications: [█████████████████████████░░░░░] 857/1000 (85.7%)
2026-02-11 16:38:57 [INFO    ] Replications: [█████████████████████████░░░░░] 858/1000 (85.8%)
2026-02-11 16:38:57 [INFO    ] Replications: [█████████████████████████░░░░░] 859/1000 (85.9%)
2026-02-11 16:38:58 [INFO    ] Replications: [█████████████████████████░░░░░] 860/1000 (86.0%)
2026-02-11 16:38:59 [INFO    ] Replications: [█████████████████████████░░░░░] 861/1000 (86.1%)
2026-02-11 16:39:00 [INFO    ] Replications: [█████████████████████████░░░░░] 862/1000 (86.2%)
2026-02-11 16:39:01 [INFO    ] Replications: [█████████████████████████░░░░░] 863/1000 (86.3%)
2026-02-11 16:39:01 [INFO    ] Replications: [█████████████████████████░░░░░] 864/1000 (86.4%)
2026-02-11 16:39:02 [INFO    ] Replications: [█████████████████████████░░░░░] 865/1000 (86.5%)
2026-02-11 16:39:03 [INFO    ] Replications: [█████████████████████████░░░░░] 866/1000 (86.6%)
2026-02-11 16:39:04 [INFO    ] Replications: [██████████████████████████░░░░] 867/1000 (86.7%)
2026-02-11 16:39:05 [INFO    ] Replications: [██████████████████████████░░░░] 868/1000 (86.8%)
2026-02-11 16:39:06 [INFO    ] Replications: [██████████████████████████░░░░] 869/1000 (86.9%)
2026-02-11 16:39:07 [INFO    ] Replications: [██████████████████████████░░░░] 870/1000 (87.0%)
2026-02-11 16:39:07 [INFO    ] Replications: [██████████████████████████░░░░] 871/1000 (87.1%)
2026-02-11 16:39:08 [INFO    ] Replications: [██████████████████████████░░░░] 872/1000 (87.2%)
2026-02-11 16:39:09 [INFO    ] Replications: [██████████████████████████░░░░] 873/1000 (87.3%)
2026-02-11 16:39:10 [INFO    ] Replications: [██████████████████████████░░░░] 874/1000 (87.4%)
2026-02-11 16:39:11 [INFO    ] Replications: [██████████████████████████░░░░] 875/1000 (87.5%)
2026-02-11 16:39:11 [INFO    ] Replications: [██████████████████████████░░░░] 876/1000 (87.6%)
2026-02-11 16:39:12 [INFO    ] Replications: [██████████████████████████░░░░] 877/1000 (87.7%)
2026-02-11 16:39:13 [INFO    ] Replications: [██████████████████████████░░░░] 878/1000 (87.8%)
2026-02-11 16:39:15 [INFO    ] Replications: [██████████████████████████░░░░] 879/1000 (87.9%)
2026-02-11 16:39:16 [INFO    ] Replications: [██████████████████████████░░░░] 880/1000 (88.0%)
2026-02-11 16:39:17 [INFO    ] Replications: [██████████████████████████░░░░] 881/1000 (88.1%)
2026-02-11 16:39:18 [INFO    ] Replications: [██████████████████████████░░░░] 882/1000 (88.2%)
2026-02-11 16:39:18 [INFO    ] Replications: [██████████████████████████░░░░] 883/1000 (88.3%)
2026-02-11 16:39:19 [INFO    ] Replications: [██████████████████████████░░░░] 884/1000 (88.4%)
2026-02-11 16:39:20 [INFO    ] Replications: [██████████████████████████░░░░] 885/1000 (88.5%)
2026-02-11 16:39:21 [INFO    ] Replications: [██████████████████████████░░░░] 886/1000 (88.6%)
2026-02-11 16:39:22 [INFO    ] Replications: [██████████████████████████░░░░] 887/1000 (88.7%)
2026-02-11 16:39:22 [INFO    ] Replications: [██████████████████████████░░░░] 888/1000 (88.8%)
2026-02-11 16:39:23 [INFO    ] Replications: [██████████████████████████░░░░] 889/1000 (88.9%)
2026-02-11 16:39:24 [INFO    ] Replications: [██████████████████████████░░░░] 890/1000 (89.0%)
2026-02-11 16:39:25 [INFO    ] Replications: [██████████████████████████░░░░] 891/1000 (89.1%)
2026-02-11 16:39:26 [INFO    ] Replications: [██████████████████████████░░░░] 892/1000 (89.2%)
2026-02-11 16:39:26 [INFO    ] Replications: [██████████████████████████░░░░] 893/1000 (89.3%)
2026-02-11 16:39:27 [INFO    ] Replications: [██████████████████████████░░░░] 894/1000 (89.4%)
2026-02-11 16:39:28 [INFO    ] Replications: [██████████████████████████░░░░] 895/1000 (89.5%)
2026-02-11 16:39:29 [INFO    ] Replications: [██████████████████████████░░░░] 896/1000 (89.6%)
2026-02-11 16:39:30 [INFO    ] Replications: [██████████████████████████░░░░] 897/1000 (89.7%)
2026-02-11 16:39:31 [INFO    ] Replications: [██████████████████████████░░░░] 898/1000 (89.8%)
2026-02-11 16:39:31 [INFO    ] Replications: [██████████████████████████░░░░] 899/1000 (89.9%)
2026-02-11 16:39:32 [INFO    ] Replications: [███████████████████████████░░░] 900/1000 (90.0%)
2026-02-11 16:39:33 [INFO    ] Replications: [███████████████████████████░░░] 901/1000 (90.1%)
2026-02-11 16:39:34 [INFO    ] Replications: [███████████████████████████░░░] 902/1000 (90.2%)
2026-02-11 16:39:35 [INFO    ] Replications: [███████████████████████████░░░] 903/1000 (90.3%)
2026-02-11 16:39:36 [INFO    ] Replications: [███████████████████████████░░░] 904/1000 (90.4%)
2026-02-11 16:39:36 [INFO    ] Replications: [███████████████████████████░░░] 905/1000 (90.5%)
2026-02-11 16:39:37 [INFO    ] Replications: [███████████████████████████░░░] 906/1000 (90.6%)
2026-02-11 16:39:38 [INFO    ] Replications: [███████████████████████████░░░] 907/1000 (90.7%)
2026-02-11 16:39:39 [INFO    ] Replications: [███████████████████████████░░░] 908/1000 (90.8%)
2026-02-11 16:39:40 [INFO    ] Replications: [███████████████████████████░░░] 909/1000 (90.9%)
2026-02-11 16:39:40 [INFO    ] Replications: [███████████████████████████░░░] 910/1000 (91.0%)
2026-02-11 16:39:41 [INFO    ] Replications: [███████████████████████████░░░] 911/1000 (91.1%)
2026-02-11 16:39:42 [INFO    ] Replications: [███████████████████████████░░░] 912/1000 (91.2%)
2026-02-11 16:39:43 [INFO    ] Replications: [███████████████████████████░░░] 913/1000 (91.3%)
2026-02-11 16:39:44 [INFO    ] Replications: [███████████████████████████░░░] 914/1000 (91.4%)
2026-02-11 16:39:44 [INFO    ] Replications: [███████████████████████████░░░] 915/1000 (91.5%)
2026-02-11 16:39:45 [INFO    ] Replications: [███████████████████████████░░░] 916/1000 (91.6%)
2026-02-11 16:39:46 [INFO    ] Replications: [███████████████████████████░░░] 917/1000 (91.7%)
2026-02-11 16:39:47 [INFO    ] Replications: [███████████████████████████░░░] 918/1000 (91.8%)
2026-02-11 16:39:48 [INFO    ] Replications: [███████████████████████████░░░] 919/1000 (91.9%)
2026-02-11 16:39:50 [INFO    ] Replications: [███████████████████████████░░░] 920/1000 (92.0%)
2026-02-11 16:39:51 [INFO    ] Replications: [███████████████████████████░░░] 921/1000 (92.1%)
2026-02-11 16:39:52 [INFO    ] Replications: [███████████████████████████░░░] 922/1000 (92.2%)
2026-02-11 16:39:52 [INFO    ] Replications: [███████████████████████████░░░] 923/1000 (92.3%)
2026-02-11 16:39:53 [INFO    ] Replications: [███████████████████████████░░░] 924/1000 (92.4%)
2026-02-11 16:39:54 [INFO    ] Replications: [███████████████████████████░░░] 925/1000 (92.5%)
2026-02-11 16:39:55 [INFO    ] Replications: [███████████████████████████░░░] 926/1000 (92.6%)
2026-02-11 16:39:56 [INFO    ] Replications: [███████████████████████████░░░] 927/1000 (92.7%)
2026-02-11 16:39:56 [INFO    ] Replications: [███████████████████████████░░░] 928/1000 (92.8%)
2026-02-11 16:39:57 [INFO    ] Replications: [███████████████████████████░░░] 929/1000 (92.9%)
2026-02-11 16:39:58 [INFO    ] Replications: [███████████████████████████░░░] 930/1000 (93.0%)
2026-02-11 16:39:59 [INFO    ] Replications: [███████████████████████████░░░] 931/1000 (93.1%)
2026-02-11 16:39:59 [INFO    ] Replications: [███████████████████████████░░░] 932/1000 (93.2%)
2026-02-11 16:40:00 [INFO    ] Replications: [███████████████████████████░░░] 933/1000 (93.3%)
2026-02-11 16:40:01 [INFO    ] Replications: [████████████████████████████░░] 934/1000 (93.4%)
2026-02-11 16:40:02 [INFO    ] Replications: [████████████████████████████░░] 935/1000 (93.5%)
2026-02-11 16:40:03 [INFO    ] Replications: [████████████████████████████░░] 936/1000 (93.6%)
2026-02-11 16:40:03 [INFO    ] Replications: [████████████████████████████░░] 937/1000 (93.7%)
2026-02-11 16:40:04 [INFO    ] Replications: [████████████████████████████░░] 938/1000 (93.8%)
2026-02-11 16:40:05 [INFO    ] Replications: [████████████████████████████░░] 939/1000 (93.9%)
2026-02-11 16:40:06 [INFO    ] Replications: [████████████████████████████░░] 940/1000 (94.0%)
2026-02-11 16:40:07 [INFO    ] Replications: [████████████████████████████░░] 941/1000 (94.1%)
2026-02-11 16:40:07 [INFO    ] Replications: [████████████████████████████░░] 942/1000 (94.2%)
2026-02-11 16:40:08 [INFO    ] Replications: [████████████████████████████░░] 943/1000 (94.3%)
2026-02-11 16:40:09 [INFO    ] Replications: [████████████████████████████░░] 944/1000 (94.4%)
2026-02-11 16:40:10 [INFO    ] Replications: [████████████████████████████░░] 945/1000 (94.5%)
2026-02-11 16:40:10 [INFO    ] Replications: [████████████████████████████░░] 946/1000 (94.6%)
2026-02-11 16:40:11 [INFO    ] Replications: [████████████████████████████░░] 947/1000 (94.7%)
2026-02-11 16:40:12 [INFO    ] Replications: [████████████████████████████░░] 948/1000 (94.8%)
2026-02-11 16:40:13 [INFO    ] Replications: [████████████████████████████░░] 949/1000 (94.9%)
2026-02-11 16:40:14 [INFO    ] Replications: [████████████████████████████░░] 950/1000 (95.0%)
2026-02-11 16:40:15 [INFO    ] Replications: [████████████████████████████░░] 951/1000 (95.1%)
2026-02-11 16:40:15 [INFO    ] Replications: [████████████████████████████░░] 952/1000 (95.2%)
2026-02-11 16:40:16 [INFO    ] Replications: [████████████████████████████░░] 953/1000 (95.3%)
2026-02-11 16:40:17 [INFO    ] Replications: [████████████████████████████░░] 954/1000 (95.4%)
2026-02-11 16:40:18 [INFO    ] Replications: [████████████████████████████░░] 955/1000 (95.5%)
2026-02-11 16:40:18 [INFO    ] Replications: [████████████████████████████░░] 956/1000 (95.6%)
2026-02-11 16:40:19 [INFO    ] Replications: [████████████████████████████░░] 957/1000 (95.7%)
2026-02-11 16:40:20 [INFO    ] Replications: [████████████████████████████░░] 958/1000 (95.8%)
2026-02-11 16:40:21 [INFO    ] Replications: [████████████████████████████░░] 959/1000 (95.9%)
2026-02-11 16:40:22 [INFO    ] Replications: [████████████████████████████░░] 960/1000 (96.0%)
2026-02-11 16:40:22 [INFO    ] Replications: [████████████████████████████░░] 961/1000 (96.1%)
2026-02-11 16:40:23 [INFO    ] Replications: [████████████████████████████░░] 962/1000 (96.2%)
2026-02-11 16:40:26 [INFO    ] Replications: [████████████████████████████░░] 963/1000 (96.3%)
2026-02-11 16:40:26 [INFO    ] Replications: [████████████████████████████░░] 964/1000 (96.4%)
2026-02-11 16:40:27 [INFO    ] Replications: [████████████████████████████░░] 965/1000 (96.5%)
2026-02-11 16:40:28 [INFO    ] Replications: [████████████████████████████░░] 966/1000 (96.6%)
2026-02-11 16:40:29 [INFO    ] Replications: [█████████████████████████████░] 967/1000 (96.7%)
2026-02-11 16:40:30 [INFO    ] Replications: [█████████████████████████████░] 968/1000 (96.8%)
2026-02-11 16:40:30 [INFO    ] Replications: [█████████████████████████████░] 969/1000 (96.9%)
2026-02-11 16:40:31 [INFO    ] Replications: [█████████████████████████████░] 970/1000 (97.0%)
2026-02-11 16:40:32 [INFO    ] Replications: [█████████████████████████████░] 971/1000 (97.1%)
2026-02-11 16:40:33 [INFO    ] Replications: [█████████████████████████████░] 972/1000 (97.2%)
2026-02-11 16:40:34 [INFO    ] Replications: [█████████████████████████████░] 973/1000 (97.3%)
2026-02-11 16:40:35 [INFO    ] Replications: [█████████████████████████████░] 974/1000 (97.4%)
2026-02-11 16:40:35 [INFO    ] Replications: [█████████████████████████████░] 975/1000 (97.5%)
2026-02-11 16:40:36 [INFO    ] Replications: [█████████████████████████████░] 976/1000 (97.6%)
2026-02-11 16:40:37 [INFO    ] Replications: [█████████████████████████████░] 977/1000 (97.7%)
2026-02-11 16:40:38 [INFO    ] Replications: [█████████████████████████████░] 978/1000 (97.8%)
2026-02-11 16:40:39 [INFO    ] Replications: [█████████████████████████████░] 979/1000 (97.9%)
2026-02-11 16:40:39 [INFO    ] Replications: [█████████████████████████████░] 980/1000 (98.0%)
2026-02-11 16:40:40 [INFO    ] Replications: [█████████████████████████████░] 981/1000 (98.1%)
2026-02-11 16:40:41 [INFO    ] Replications: [█████████████████████████████░] 982/1000 (98.2%)
2026-02-11 16:40:42 [INFO    ] Replications: [█████████████████████████████░] 983/1000 (98.3%)
2026-02-11 16:40:43 [INFO    ] Replications: [█████████████████████████████░] 984/1000 (98.4%)
2026-02-11 16:40:43 [INFO    ] Replications: [█████████████████████████████░] 985/1000 (98.5%)
2026-02-11 16:40:44 [INFO    ] Replications: [█████████████████████████████░] 986/1000 (98.6%)
2026-02-11 16:40:45 [INFO    ] Replications: [█████████████████████████████░] 987/1000 (98.7%)
2026-02-11 16:40:46 [INFO    ] Replications: [█████████████████████████████░] 988/1000 (98.8%)
2026-02-11 16:40:46 [INFO    ] Replications: [█████████████████████████████░] 989/1000 (98.9%)
2026-02-11 16:40:47 [INFO    ] Replications: [█████████████████████████████░] 990/1000 (99.0%)
2026-02-11 16:40:48 [INFO    ] Replications: [█████████████████████████████░] 991/1000 (99.1%)
2026-02-11 16:40:49 [INFO    ] Replications: [█████████████████████████████░] 992/1000 (99.2%)
2026-02-11 16:40:50 [INFO    ] Replications: [█████████████████████████████░] 993/1000 (99.3%)
2026-02-11 16:40:50 [INFO    ] Replications: [█████████████████████████████░] 994/1000 (99.4%)
2026-02-11 16:40:51 [INFO    ] Replications: [█████████████████████████████░] 995/1000 (99.5%)
2026-02-11 16:40:52 [INFO    ] Replications: [█████████████████████████████░] 996/1000 (99.6%)
2026-02-11 16:40:53 [INFO    ] Replications: [█████████████████████████████░] 997/1000 (99.7%)
2026-02-11 16:40:54 [INFO    ] Replications: [█████████████████████████████░] 998/1000 (99.8%)
2026-02-11 16:40:54 [INFO    ] Replications: [█████████████████████████████░] 999/1000 (99.9%)
2026-02-11 16:40:55 [INFO    ] Replications: [██████████████████████████████] 1000/1000 (100.0%)
2026-02-11 16:40:58 [INFO    ] --- Results for baseline ---
2026-02-11 16:40:58 [INFO    ] Metric                            | Mean       | Std       | 95% CI                  
2026-02-11 16:40:58 [INFO    ] ----------------------------------+------------+-----------+-------------------------
2026-02-11 16:40:58 [INFO    ] abandonment_rate                  | 0.2627     | 0.0296    | [0.2608, 0.2646]        
2026-02-11 16:40:58 [INFO    ] avg_waiting_time                  | 0.4141     | 0.0126    | [0.4133, 0.4149]        
2026-02-11 16:40:58 [INFO    ] pickup_waiting_time_p90           | 0.7632     | 0.0149    | [0.7622, 0.7642]        
2026-02-11 16:40:58 [INFO    ] avg_hourly_earnings               | 24.7199    | 0.2709    | [24.7023, 24.7374]      
2026-02-11 16:40:58 [INFO    ] avg_net_hourly_earnings           | 20.9578    | 0.2284    | [20.9430, 20.9725]      
2026-02-11 16:40:58 [INFO    ] time_weighted_net_hourly_earnings | 21.1684    | 0.2142    | [21.1546, 21.1823]      
2026-02-11 16:40:58 [INFO    ] fairness_ratio                    | 1.4407     | 0.0278    | [1.4389, 1.4425]        
2026-02-11 16:40:58 [INFO    ] avg_utilization                   | 0.9404     | 0.0153    | [0.9394, 0.9414]        
2026-02-11 16:40:58 [INFO    ] avg_rest_fraction                 | 0.0596     | 0.0153    | [0.0586, 0.0606]        
2026-02-11 16:40:58 [INFO    ] long_rest_prob_15min              | 0.3131     | 0.0755    | [0.3082, 0.3180]        
2026-02-11 16:40:58 [INFO    ] long_rest_prob_30min              | 0.1181     | 0.0511    | [0.1148, 0.1214]        
2026-02-11 16:40:58 [INFO    ] total_revenue                     | 75550.5908 | 2982.3000 | [75357.7297, 75743.4519]
2026-02-11 16:41:02 [INFO    ] Results saved to: ./output/baseline/results_20260211_162720/results_20260211_164102.json
2026-02-11 16:41:02 [INFO    ] ============================================================
2026-02-11 16:41:02 [INFO    ]   Simulation Complete
2026-02-11 16:41:02 [INFO    ] ============================================================
2026-02-11 16:41:02 [INFO    ] Finished at: 2026-02-11 16:41:02
2026-02-11 16:41:02 [INFO    ] Log saved to: ./output/baseline/results_20260211_162720/simulation_20260211_162720.log

======================================================================
Log ended: 2026-02-11 16:41:02
======================================================================
