======================================================================
BoxCar Ride-Sharing Simulation Log
Started: 2026-03-04 06:21:45
Logger: BoxCarSimulation
======================================================================

2026-03-04 06:21:45 [INFO    ] ============================================================
2026-03-04 06:21:45 [INFO    ]   BoxCar Ride-Sharing Simulation
2026-03-04 06:21:45 [INFO    ] ============================================================
2026-03-04 06:21:45 [INFO    ] Started at: 2026-03-04 06:21:45
2026-03-04 06:21:45 [INFO    ] Config file: config.json
2026-03-04 06:21:45 [INFO    ] Output directory: ./output\baseline\results_20260304_062145
2026-03-04 06:21:45 [INFO    ] Log file: ./output\baseline\results_20260304_062145\simulation_20260304_062145.log
2026-03-04 06:21:45 [INFO    ] ============================================================
2026-03-04 06:21:45 [INFO    ]   SCENARIO: baseline (mode: baseline)
2026-03-04 06:21:45 [INFO    ] ============================================================
2026-03-04 06:21:45 [INFO    ] --- Input Mode ---
2026-03-04 06:21:45 [INFO    ] Mode 1 - Baseline (PDF Assumptions)
  All parameters generated from distributions specified in project spec:
  - Driver arrival: Exponential(rate=4.74/hr)
  - Driver availability: Uniform(6.0, 8.0) hrs
  - Rider arrival: Exponential(rate=34.56/hr)
  - Rider patience: Exponential(rate=5.0/hr)
  - Trip time: Uniform(0.8*mu, 1.2*mu), speed=20.0 mph
  - Fare: base=3.0 + 2.0/mile
2026-03-04 06:21:45 [INFO    ] Replications: 10
2026-03-04 06:21:45 [INFO    ] Matching algorithm: nearest
2026-03-04 06:21:45 [INFO    ] Simulation time: 960.0 hours
2026-03-04 06:21:45 [INFO    ] Using base random seed: 1 (replications will use seed base+i)
2026-03-04 06:22:07 [INFO    ] Replications: [███░░░░░░░░░░░░░░░░░░░░░░░░░░░] 1/10 (10.0%)
2026-03-04 06:22:31 [INFO    ] Replications: [██████░░░░░░░░░░░░░░░░░░░░░░░░] 2/10 (20.0%)
2026-03-04 06:22:53 [INFO    ] Replications: [█████████░░░░░░░░░░░░░░░░░░░░░] 3/10 (30.0%)
2026-03-04 06:23:16 [INFO    ] Replications: [████████████░░░░░░░░░░░░░░░░░░] 4/10 (40.0%)
2026-03-04 06:23:39 [INFO    ] Replications: [███████████████░░░░░░░░░░░░░░░] 5/10 (50.0%)
2026-03-04 06:24:02 [INFO    ] Replications: [██████████████████░░░░░░░░░░░░] 6/10 (60.0%)
2026-03-04 06:24:25 [INFO    ] Replications: [█████████████████████░░░░░░░░░] 7/10 (70.0%)
2026-03-04 06:25:41 [INFO    ] Replications: [████████████████████████░░░░░░] 8/10 (80.0%)
2026-03-04 06:27:31 [INFO    ] Replications: [███████████████████████████░░░] 9/10 (90.0%)
2026-03-04 06:28:28 [INFO    ] Replications: [██████████████████████████████] 10/10 (100.0%)
2026-03-04 06:28:29 [INFO    ] --- Results for baseline ---
2026-03-04 06:28:29 [INFO    ] Metric                            | Mean        | Std       | 95% CI                    
2026-03-04 06:28:29 [INFO    ] ----------------------------------+-------------+-----------+---------------------------
2026-03-04 06:28:30 [INFO    ] abandonment_rate                  | 0.0451      | 0.0056    | [0.0411, 0.0491]          
2026-03-04 06:28:30 [INFO    ] avg_waiting_time                  | 0.2604      | 0.0056    | [0.2563, 0.2644]          
2026-03-04 06:28:30 [INFO    ] pickup_waiting_time_p90           | 0.5533      | 0.0114    | [0.5452, 0.5615]          
2026-03-04 06:28:30 [INFO    ] avg_hourly_earnings               | 22.4698     | 0.1699    | [22.3483, 22.5913]        
2026-03-04 06:28:30 [INFO    ] avg_net_hourly_earnings           | 19.5404     | 0.1360    | [19.4430, 19.6377]        
2026-03-04 06:28:30 [INFO    ] time_weighted_net_hourly_earnings | 19.6033     | 0.1280    | [19.5118, 19.6948]        
2026-03-04 06:28:30 [INFO    ] fairness_ratio                    | 1.6304      | 0.0234    | [1.6137, 1.6472]          
2026-03-04 06:28:30 [INFO    ] avg_utilization                   | 0.7323      | 0.0092    | [0.7257, 0.7389]          
2026-03-04 06:28:30 [INFO    ] avg_rest_fraction                 | 0.2677      | 0.0092    | [0.2611, 0.2743]          
2026-03-04 06:28:30 [INFO    ] long_rest_prob_15min              | 0.8871      | 0.0141    | [0.8770, 0.8972]          
2026-03-04 06:28:30 [INFO    ] long_rest_prob_30min              | 0.6992      | 0.0208    | [0.6843, 0.7141]          
2026-03-04 06:28:30 [INFO    ] total_revenue                     | 677037.9047 | 6405.7176 | [672455.8487, 681619.9607]
2026-03-04 06:28:31 [INFO    ] Results saved to: ./output\baseline\results_20260304_062145\results_20260304_062831.json
2026-03-04 06:28:31 [INFO    ] ============================================================
2026-03-04 06:28:31 [INFO    ]   Simulation Complete
2026-03-04 06:28:31 [INFO    ] ============================================================
2026-03-04 06:28:31 [INFO    ] Finished at: 2026-03-04 06:28:31
2026-03-04 06:28:31 [INFO    ] Log saved to: ./output\baseline\results_20260304_062145\simulation_20260304_062145.log

======================================================================
Log ended: 2026-03-04 06:28:31
======================================================================
