======================================================================
BoxCar Ride-Sharing Simulation Log
Started: 2026-03-04 06:56:22
Logger: BoxCarSimulation
======================================================================

2026-03-04 06:56:22 [INFO    ] ============================================================
2026-03-04 06:56:22 [INFO    ]   BoxCar Ride-Sharing Simulation
2026-03-04 06:56:22 [INFO    ] ============================================================
2026-03-04 06:56:22 [INFO    ] Started at: 2026-03-04 06:56:22
2026-03-04 06:56:22 [INFO    ] Config file: config.json
2026-03-04 06:56:22 [INFO    ] Output directory: ./output\baseline\results_20260304_065622
2026-03-04 06:56:22 [INFO    ] Log file: ./output\baseline\results_20260304_065622\simulation_20260304_065622.log
2026-03-04 06:56:22 [INFO    ] ============================================================
2026-03-04 06:56:22 [INFO    ]   SCENARIO: baseline (mode: baseline)
2026-03-04 06:56:22 [INFO    ] ============================================================
2026-03-04 06:56:22 [INFO    ] --- Input Mode ---
2026-03-04 06:56:22 [INFO    ] Mode 1 - Baseline (PDF Assumptions)
  All parameters generated from distributions specified in project spec:
  - Driver arrival: Exponential(rate=4.74/hr)
  - Driver availability: Uniform(6.0, 8.0) hrs
  - Rider arrival: Exponential(rate=34.56/hr)
  - Rider patience: Exponential(rate=5.0/hr)
  - Trip time: Uniform(0.8*mu, 1.2*mu), speed=20.0 mph
  - Fare: base=3.0 + 2.0/mile
2026-03-04 06:56:22 [INFO    ] Replications: 50
2026-03-04 06:56:22 [INFO    ] Matching algorithm: nearest
2026-03-04 06:56:22 [INFO    ] Simulation time: 1000.0 hours
2026-03-04 06:56:22 [INFO    ] Using base random seed: 1 (replications will use seed base+i)
2026-03-04 06:56:50 [INFO    ] Replications: [░░░░░░░░░░░░░░░░░░░░░░░░░░░░░░] 1/50 (2.0%)
2026-03-04 06:57:16 [INFO    ] Replications: [█░░░░░░░░░░░░░░░░░░░░░░░░░░░░░] 2/50 (4.0%)
2026-03-04 06:57:41 [INFO    ] Replications: [█░░░░░░░░░░░░░░░░░░░░░░░░░░░░░] 3/50 (6.0%)
2026-03-04 06:58:07 [INFO    ] Replications: [██░░░░░░░░░░░░░░░░░░░░░░░░░░░░] 4/50 (8.0%)
2026-03-04 06:58:32 [INFO    ] Replications: [███░░░░░░░░░░░░░░░░░░░░░░░░░░░] 5/50 (10.0%)
2026-03-04 06:58:56 [INFO    ] Replications: [███░░░░░░░░░░░░░░░░░░░░░░░░░░░] 6/50 (12.0%)
2026-03-04 06:59:21 [INFO    ] Replications: [████░░░░░░░░░░░░░░░░░░░░░░░░░░] 7/50 (14.0%)
2026-03-04 06:59:45 [INFO    ] Replications: [████░░░░░░░░░░░░░░░░░░░░░░░░░░] 8/50 (16.0%)
2026-03-04 07:00:10 [INFO    ] Replications: [█████░░░░░░░░░░░░░░░░░░░░░░░░░] 9/50 (18.0%)
2026-03-04 07:00:35 [INFO    ] Replications: [██████░░░░░░░░░░░░░░░░░░░░░░░░] 10/50 (20.0%)
2026-03-04 07:01:02 [INFO    ] Replications: [██████░░░░░░░░░░░░░░░░░░░░░░░░] 11/50 (22.0%)
2026-03-04 07:01:26 [INFO    ] Replications: [███████░░░░░░░░░░░░░░░░░░░░░░░] 12/50 (24.0%)
2026-03-04 07:01:51 [INFO    ] Replications: [███████░░░░░░░░░░░░░░░░░░░░░░░] 13/50 (26.0%)
2026-03-04 07:02:17 [INFO    ] Replications: [████████░░░░░░░░░░░░░░░░░░░░░░] 14/50 (28.0%)
2026-03-04 07:02:42 [INFO    ] Replications: [█████████░░░░░░░░░░░░░░░░░░░░░] 15/50 (30.0%)
2026-03-04 07:03:07 [INFO    ] Replications: [█████████░░░░░░░░░░░░░░░░░░░░░] 16/50 (32.0%)
2026-03-04 07:03:32 [INFO    ] Replications: [██████████░░░░░░░░░░░░░░░░░░░░] 17/50 (34.0%)
2026-03-04 07:03:57 [INFO    ] Replications: [██████████░░░░░░░░░░░░░░░░░░░░] 18/50 (36.0%)
2026-03-04 07:04:22 [INFO    ] Replications: [███████████░░░░░░░░░░░░░░░░░░░] 19/50 (38.0%)
2026-03-04 07:04:50 [INFO    ] Replications: [████████████░░░░░░░░░░░░░░░░░░] 20/50 (40.0%)
2026-03-04 07:05:16 [INFO    ] Replications: [████████████░░░░░░░░░░░░░░░░░░] 21/50 (42.0%)
2026-03-04 07:05:41 [INFO    ] Replications: [█████████████░░░░░░░░░░░░░░░░░] 22/50 (44.0%)
2026-03-04 07:06:07 [INFO    ] Replications: [█████████████░░░░░░░░░░░░░░░░░] 23/50 (46.0%)
2026-03-04 07:06:32 [INFO    ] Replications: [██████████████░░░░░░░░░░░░░░░░] 24/50 (48.0%)
2026-03-04 07:06:57 [INFO    ] Replications: [███████████████░░░░░░░░░░░░░░░] 25/50 (50.0%)
2026-03-04 07:07:23 [INFO    ] Replications: [███████████████░░░░░░░░░░░░░░░] 26/50 (52.0%)
2026-03-04 07:07:50 [INFO    ] Replications: [████████████████░░░░░░░░░░░░░░] 27/50 (54.0%)
2026-03-04 07:08:15 [INFO    ] Replications: [████████████████░░░░░░░░░░░░░░] 28/50 (56.0%)
2026-03-04 07:08:41 [INFO    ] Replications: [█████████████████░░░░░░░░░░░░░] 29/50 (58.0%)
2026-03-04 07:09:07 [INFO    ] Replications: [██████████████████░░░░░░░░░░░░] 30/50 (60.0%)
2026-03-04 07:09:32 [INFO    ] Replications: [██████████████████░░░░░░░░░░░░] 31/50 (62.0%)
2026-03-04 07:09:57 [INFO    ] Replications: [███████████████████░░░░░░░░░░░] 32/50 (64.0%)
2026-03-04 07:10:23 [INFO    ] Replications: [███████████████████░░░░░░░░░░░] 33/50 (66.0%)
2026-03-04 07:10:48 [INFO    ] Replications: [████████████████████░░░░░░░░░░] 34/50 (68.0%)
2026-03-04 07:11:13 [INFO    ] Replications: [█████████████████████░░░░░░░░░] 35/50 (70.0%)
2026-03-04 07:11:38 [INFO    ] Replications: [█████████████████████░░░░░░░░░] 36/50 (72.0%)
2026-03-04 07:12:03 [INFO    ] Replications: [██████████████████████░░░░░░░░] 37/50 (74.0%)
2026-03-04 07:12:28 [INFO    ] Replications: [██████████████████████░░░░░░░░] 38/50 (76.0%)
2026-03-04 07:12:54 [INFO    ] Replications: [███████████████████████░░░░░░░] 39/50 (78.0%)
2026-03-04 07:13:20 [INFO    ] Replications: [████████████████████████░░░░░░] 40/50 (80.0%)
2026-03-04 07:13:46 [INFO    ] Replications: [████████████████████████░░░░░░] 41/50 (82.0%)
2026-03-04 07:14:13 [INFO    ] Replications: [█████████████████████████░░░░░] 42/50 (84.0%)
2026-03-04 07:14:38 [INFO    ] Replications: [█████████████████████████░░░░░] 43/50 (86.0%)
2026-03-04 07:15:03 [INFO    ] Replications: [██████████████████████████░░░░] 44/50 (88.0%)
2026-03-04 07:15:29 [INFO    ] Replications: [███████████████████████████░░░] 45/50 (90.0%)
2026-03-04 07:15:55 [INFO    ] Replications: [███████████████████████████░░░] 46/50 (92.0%)
2026-03-04 07:16:20 [INFO    ] Replications: [████████████████████████████░░] 47/50 (94.0%)
2026-03-04 07:16:46 [INFO    ] Replications: [████████████████████████████░░] 48/50 (96.0%)
2026-03-04 07:17:11 [INFO    ] Replications: [█████████████████████████████░] 49/50 (98.0%)
2026-03-04 07:17:35 [INFO    ] Replications: [██████████████████████████████] 50/50 (100.0%)
2026-03-04 07:17:36 [INFO    ] --- Results for baseline ---
2026-03-04 07:17:36 [INFO    ] Metric                            | Mean        | Std       | 95% CI                    
2026-03-04 07:17:36 [INFO    ] ----------------------------------+-------------+-----------+---------------------------
2026-03-04 07:17:36 [INFO    ] abandonment_rate                  | 0.0485      | 0.0066    | [0.0466, 0.0504]          
2026-03-04 07:17:36 [INFO    ] avg_waiting_time                  | 0.2652      | 0.0095    | [0.2624, 0.2679]          
2026-03-04 07:17:36 [INFO    ] pickup_waiting_time_p90           | 0.5639      | 0.0197    | [0.5582, 0.5696]          
2026-03-04 07:17:36 [INFO    ] avg_hourly_earnings               | 22.5458     | 0.2074    | [22.4858, 22.6058]        
2026-03-04 07:17:36 [INFO    ] avg_net_hourly_earnings           | 19.5934     | 0.1580    | [19.5477, 19.6391]        
2026-03-04 07:17:36 [INFO    ] time_weighted_net_hourly_earnings | 19.6485     | 0.1560    | [19.6033, 19.6936]        
2026-03-04 07:17:36 [INFO    ] fairness_ratio                    | 1.6183      | 0.0293    | [1.6098, 1.6268]          
2026-03-04 07:17:36 [INFO    ] avg_utilization                   | 0.7381      | 0.0133    | [0.7342, 0.7419]          
2026-03-04 07:17:36 [INFO    ] avg_rest_fraction                 | 0.2619      | 0.0133    | [0.2581, 0.2658]          
2026-03-04 07:17:36 [INFO    ] long_rest_prob_15min              | 0.8787      | 0.0185    | [0.8734, 0.8841]          
2026-03-04 07:17:36 [INFO    ] long_rest_prob_30min              | 0.6837      | 0.0305    | [0.6749, 0.6925]          
2026-03-04 07:17:36 [INFO    ] total_revenue                     | 708534.2713 | 5863.2256 | [706838.5873, 710229.9552]
2026-03-04 07:17:37 [INFO    ] Results saved to: ./output\baseline\results_20260304_065622\results_20260304_071737.json
2026-03-04 07:17:37 [INFO    ] ============================================================
2026-03-04 07:17:37 [INFO    ]   Simulation Complete
2026-03-04 07:17:37 [INFO    ] ============================================================
2026-03-04 07:17:37 [INFO    ] Finished at: 2026-03-04 07:17:37
2026-03-04 07:17:37 [INFO    ] Log saved to: ./output\baseline\results_20260304_065622\simulation_20260304_065622.log

======================================================================
Log ended: 2026-03-04 07:17:37
======================================================================
