======================================================================
BoxCar Ride-Sharing Simulation Log
Started: 2026-02-11 16:23:22
Logger: BoxCarSimulation
======================================================================

2026-02-11 16:23:22 [INFO    ] ============================================================
2026-02-11 16:23:22 [INFO    ]   BoxCar Ride-Sharing Simulation
2026-02-11 16:23:22 [INFO    ] ============================================================
2026-02-11 16:23:22 [INFO    ] Started at: 2026-02-11 16:23:22
2026-02-11 16:23:22 [INFO    ] Config file: config.json
2026-02-11 16:23:22 [INFO    ] Output directory: ./output/baseline/results_20260211_162322
2026-02-11 16:23:22 [INFO    ] Log file: ./output/baseline/results_20260211_162322/simulation_20260211_162322.log
2026-02-11 16:23:22 [INFO    ] ============================================================
2026-02-11 16:23:22 [INFO    ]   SCENARIO: baseline (mode: baseline)
2026-02-11 16:23:22 [INFO    ] ============================================================
2026-02-11 16:23:22 [INFO    ] --- Input Mode ---
2026-02-11 16:23:22 [INFO    ] Mode 1 - Baseline (PDF Assumptions)
  All parameters generated from distributions specified in project spec:
  - Driver arrival: Exponential(rate=3.0/hr)
  - Driver availability: Uniform(5.0, 8.0) hrs
  - Rider arrival: Exponential(rate=30.0/hr)
  - Rider patience: Exponential(rate=5.0/hr)
  - Trip time: Uniform(0.8*mu, 1.2*mu), speed=20.0 mph
  - Fare: base=3.0 + 2.0/mile
2026-02-11 16:23:22 [INFO    ] Replications: 10
2026-02-11 16:23:22 [INFO    ] Matching algorithm: nearest
2026-02-11 16:23:22 [INFO    ] Simulation time: 168.0 hours
2026-02-11 16:23:23 [INFO    ] Replications: [███░░░░░░░░░░░░░░░░░░░░░░░░░░░] 1/10 (10.0%)
2026-02-11 16:23:24 [INFO    ] Replications: [██████░░░░░░░░░░░░░░░░░░░░░░░░] 2/10 (20.0%)
2026-02-11 16:23:24 [INFO    ] Replications: [█████████░░░░░░░░░░░░░░░░░░░░░] 3/10 (30.0%)
2026-02-11 16:23:25 [INFO    ] Replications: [████████████░░░░░░░░░░░░░░░░░░] 4/10 (40.0%)
2026-02-11 16:23:26 [INFO    ] Replications: [███████████████░░░░░░░░░░░░░░░] 5/10 (50.0%)
2026-02-11 16:23:27 [INFO    ] Replications: [██████████████████░░░░░░░░░░░░] 6/10 (60.0%)
2026-02-11 16:23:27 [INFO    ] Replications: [█████████████████████░░░░░░░░░] 7/10 (70.0%)
2026-02-11 16:23:28 [INFO    ] Replications: [████████████████████████░░░░░░] 8/10 (80.0%)
2026-02-11 16:23:29 [INFO    ] Replications: [███████████████████████████░░░] 9/10 (90.0%)
2026-02-11 16:23:30 [INFO    ] Replications: [██████████████████████████████] 10/10 (100.0%)
2026-02-11 16:23:30 [INFO    ] --- Results for baseline ---
2026-02-11 16:23:30 [INFO    ] Metric                            | Mean       | Std       | 95% CI                  
2026-02-11 16:23:30 [INFO    ] ----------------------------------+------------+-----------+-------------------------
2026-02-11 16:23:30 [INFO    ] abandonment_rate                  | 0.2654     | 0.0336    | [0.2414, 0.2895]        
2026-02-11 16:23:30 [INFO    ] avg_waiting_time                  | 0.4086     | 0.0149    | [0.3980, 0.4193]        
2026-02-11 16:23:30 [INFO    ] pickup_waiting_time_p90           | 0.7571     | 0.0190    | [0.7435, 0.7707]        
2026-02-11 16:23:30 [INFO    ] avg_hourly_earnings               | 24.7065    | 0.2832    | [24.5039, 24.9091]      
2026-02-11 16:23:30 [INFO    ] avg_net_hourly_earnings           | 20.9602    | 0.2436    | [20.7859, 21.1344]      
2026-02-11 16:23:30 [INFO    ] time_weighted_net_hourly_earnings | 21.1765    | 0.2428    | [21.0028, 21.3501]      
2026-02-11 16:23:30 [INFO    ] fairness_ratio                    | 1.4430     | 0.0223    | [1.4270, 1.4589]        
2026-02-11 16:23:30 [INFO    ] gini_coefficient                  | 0.0769     | 0.0035    | [0.0744, 0.0794]        
2026-02-11 16:23:30 [INFO    ] avg_utilization                   | 0.9368     | 0.0147    | [0.9262, 0.9473]        
2026-02-11 16:23:30 [INFO    ] avg_rest_fraction                 | 0.0632     | 0.0147    | [0.0527, 0.0738]        
2026-02-11 16:23:30 [INFO    ] long_rest_prob_15min              | 0.3233     | 0.0804    | [0.2658, 0.3808]        
2026-02-11 16:23:30 [INFO    ] long_rest_prob_30min              | 0.1350     | 0.0482    | [0.1005, 0.1695]        
2026-02-11 16:23:30 [INFO    ] total_revenue                     | 74806.5961 | 3291.3257 | [72452.2871, 77160.9051]
2026-02-11 16:23:30 [INFO    ] Results saved to: ./output/baseline/results_20260211_162322/results_20260211_162330.json
2026-02-11 16:23:30 [INFO    ] ============================================================
2026-02-11 16:23:30 [INFO    ]   Simulation Complete
2026-02-11 16:23:30 [INFO    ] ============================================================
2026-02-11 16:23:30 [INFO    ] Finished at: 2026-02-11 16:23:30
2026-02-11 16:23:30 [INFO    ] Log saved to: ./output/baseline/results_20260211_162322/simulation_20260211_162322.log

======================================================================
Log ended: 2026-02-11 16:23:30
======================================================================
