======================================================================
BoxCar Ride-Sharing Simulation Log
Started: 2026-03-04 07:47:10
Logger: BoxCarSimulation
======================================================================

2026-03-04 07:47:10 [INFO    ] ============================================================
2026-03-04 07:47:10 [INFO    ]   BoxCar Ride-Sharing Simulation
2026-03-04 07:47:10 [INFO    ] ============================================================
2026-03-04 07:47:10 [INFO    ] Started at: 2026-03-04 07:47:10
2026-03-04 07:47:10 [INFO    ] Config file: config.json
2026-03-04 07:47:10 [INFO    ] Output directory: ./output\baseline\results_20260304_074710
2026-03-04 07:47:10 [INFO    ] Log file: ./output\baseline\results_20260304_074710\simulation_20260304_074710.log
2026-03-04 07:47:10 [INFO    ] ============================================================
2026-03-04 07:47:10 [INFO    ]   SCENARIO: baseline (mode: baseline)
2026-03-04 07:47:10 [INFO    ] ============================================================
2026-03-04 07:47:10 [INFO    ] --- Input Mode ---
2026-03-04 07:47:10 [INFO    ] Mode 1 - Baseline (PDF Assumptions)
  All parameters generated from distributions specified in project spec:
  - Driver arrival: Exponential(rate=4.74/hr)
  - Driver availability: Uniform(6.0, 8.0) hrs
  - Rider arrival: Exponential(rate=34.56/hr)
  - Rider patience: Exponential(rate=5.0/hr)
  - Trip time: Uniform(0.8*mu, 1.2*mu), speed=20.0 mph
  - Fare: base=3.0 + 2.0/mile
2026-03-04 07:47:10 [INFO    ] Replications: 50
2026-03-04 07:47:10 [INFO    ] Matching algorithm: nearest
2026-03-04 07:47:10 [INFO    ] Simulation time: 1000.0 hours
2026-03-04 07:47:10 [INFO    ] Using base random seed: 1 (replications will use seed base+i)
2026-03-04 07:47:35 [INFO    ] Replications: [░░░░░░░░░░░░░░░░░░░░░░░░░░░░░░] 1/50 (2.0%)
2026-03-04 07:48:01 [INFO    ] Replications: [█░░░░░░░░░░░░░░░░░░░░░░░░░░░░░] 2/50 (4.0%)
2026-03-04 07:49:47 [INFO    ] Replications: [█░░░░░░░░░░░░░░░░░░░░░░░░░░░░░] 3/50 (6.0%)
2026-03-04 07:52:44 [INFO    ] Replications: [██░░░░░░░░░░░░░░░░░░░░░░░░░░░░] 4/50 (8.0%)
2026-03-04 07:55:39 [INFO    ] Replications: [███░░░░░░░░░░░░░░░░░░░░░░░░░░░] 5/50 (10.0%)
2026-03-04 07:58:36 [INFO    ] Replications: [███░░░░░░░░░░░░░░░░░░░░░░░░░░░] 6/50 (12.0%)
2026-03-04 08:01:31 [INFO    ] Replications: [████░░░░░░░░░░░░░░░░░░░░░░░░░░] 7/50 (14.0%)
2026-03-04 08:04:23 [INFO    ] Replications: [████░░░░░░░░░░░░░░░░░░░░░░░░░░] 8/50 (16.0%)
2026-03-04 08:07:14 [INFO    ] Replications: [█████░░░░░░░░░░░░░░░░░░░░░░░░░] 9/50 (18.0%)
2026-03-04 08:09:49 [INFO    ] Replications: [██████░░░░░░░░░░░░░░░░░░░░░░░░] 10/50 (20.0%)
2026-03-04 08:12:10 [INFO    ] Replications: [██████░░░░░░░░░░░░░░░░░░░░░░░░] 11/50 (22.0%)
2026-03-04 08:14:37 [INFO    ] Replications: [███████░░░░░░░░░░░░░░░░░░░░░░░] 12/50 (24.0%)
2026-03-04 08:17:03 [INFO    ] Replications: [███████░░░░░░░░░░░░░░░░░░░░░░░] 13/50 (26.0%)
2026-03-04 08:19:45 [INFO    ] Replications: [████████░░░░░░░░░░░░░░░░░░░░░░] 14/50 (28.0%)
2026-03-04 08:22:42 [INFO    ] Replications: [█████████░░░░░░░░░░░░░░░░░░░░░] 15/50 (30.0%)
2026-03-04 08:25:41 [INFO    ] Replications: [█████████░░░░░░░░░░░░░░░░░░░░░] 16/50 (32.0%)
2026-03-04 08:28:33 [INFO    ] Replications: [██████████░░░░░░░░░░░░░░░░░░░░] 17/50 (34.0%)
2026-03-04 08:31:36 [INFO    ] Replications: [██████████░░░░░░░░░░░░░░░░░░░░] 18/50 (36.0%)
2026-03-04 08:34:31 [INFO    ] Replications: [███████████░░░░░░░░░░░░░░░░░░░] 19/50 (38.0%)
2026-03-04 08:37:28 [INFO    ] Replications: [████████████░░░░░░░░░░░░░░░░░░] 20/50 (40.0%)
2026-03-04 08:40:18 [INFO    ] Replications: [████████████░░░░░░░░░░░░░░░░░░] 21/50 (42.0%)
2026-03-04 08:43:05 [INFO    ] Replications: [█████████████░░░░░░░░░░░░░░░░░] 22/50 (44.0%)
2026-03-04 08:46:07 [INFO    ] Replications: [█████████████░░░░░░░░░░░░░░░░░] 23/50 (46.0%)
2026-03-04 08:48:58 [INFO    ] Replications: [██████████████░░░░░░░░░░░░░░░░] 24/50 (48.0%)
2026-03-04 08:51:38 [INFO    ] Replications: [███████████████░░░░░░░░░░░░░░░] 25/50 (50.0%)
2026-03-04 08:54:41 [INFO    ] Replications: [███████████████░░░░░░░░░░░░░░░] 26/50 (52.0%)
2026-03-04 08:57:37 [INFO    ] Replications: [████████████████░░░░░░░░░░░░░░] 27/50 (54.0%)
2026-03-04 09:00:26 [INFO    ] Replications: [████████████████░░░░░░░░░░░░░░] 28/50 (56.0%)
2026-03-04 09:03:31 [INFO    ] Replications: [█████████████████░░░░░░░░░░░░░] 29/50 (58.0%)
2026-03-04 09:06:22 [INFO    ] Replications: [██████████████████░░░░░░░░░░░░] 30/50 (60.0%)
2026-03-04 09:08:39 [INFO    ] Replications: [██████████████████░░░░░░░░░░░░] 31/50 (62.0%)
2026-03-04 09:11:33 [INFO    ] Replications: [███████████████████░░░░░░░░░░░] 32/50 (64.0%)
2026-03-04 09:14:25 [INFO    ] Replications: [███████████████████░░░░░░░░░░░] 33/50 (66.0%)
2026-03-04 09:17:16 [INFO    ] Replications: [████████████████████░░░░░░░░░░] 34/50 (68.0%)
2026-03-04 09:20:18 [INFO    ] Replications: [█████████████████████░░░░░░░░░] 35/50 (70.0%)
2026-03-04 09:22:55 [INFO    ] Replications: [█████████████████████░░░░░░░░░] 36/50 (72.0%)
2026-03-04 09:24:13 [INFO    ] Replications: [██████████████████████░░░░░░░░] 37/50 (74.0%)
2026-03-04 09:27:14 [INFO    ] Replications: [██████████████████████░░░░░░░░] 38/50 (76.0%)
