======================================================================
BoxCar Ride-Sharing Simulation Log
Started: 2026-02-09 20:59:07
Logger: BoxCarSimulation
======================================================================

2026-02-09 20:59:07 [INFO    ] ============================================================
2026-02-09 20:59:07 [INFO    ]   BoxCar Ride-Sharing Simulation
2026-02-09 20:59:07 [INFO    ] ============================================================
2026-02-09 20:59:07 [INFO    ] Started at: 2026-02-09 20:59:07
2026-02-09 20:59:07 [INFO    ] Config file: config.json
2026-02-09 20:59:07 [INFO    ] Output directory: ./output/results_20260209_205907
2026-02-09 20:59:07 [INFO    ] Log file: ./output/results_20260209_205907/simulation_20260209_205907.log
2026-02-09 20:59:07 [INFO    ] ============================================================
2026-02-09 20:59:07 [INFO    ]   SCENARIO: baseline (mode: baseline)
2026-02-09 20:59:07 [INFO    ] ============================================================
2026-02-09 20:59:07 [INFO    ] --- Input Mode ---
2026-02-09 20:59:07 [INFO    ] Mode 1 - Baseline (PDF Assumptions)
  All parameters generated from distributions specified in project spec:
  - Driver arrival: Exponential(rate=3.0/hr)
  - Driver availability: Uniform(5.0, 8.0) hrs
  - Rider arrival: Exponential(rate=30.0/hr)
  - Rider patience: Exponential(rate=5.0/hr)
  - Trip time: Uniform(0.8*mu, 1.2*mu), speed=20.0 mph
  - Fare: base=3.0 + 2.0/mile
2026-02-09 20:59:07 [INFO    ] Replications: 10
2026-02-09 20:59:07 [INFO    ] Matching algorithm: nearest
2026-02-09 20:59:07 [INFO    ] Simulation time: 168.0 hours
2026-02-09 20:59:07 [INFO    ] Replications: [███░░░░░░░░░░░░░░░░░░░░░░░░░░░] 1/10 (10.0%)
2026-02-09 20:59:08 [INFO    ] Replications: [██████░░░░░░░░░░░░░░░░░░░░░░░░] 2/10 (20.0%)
2026-02-09 20:59:09 [INFO    ] Replications: [█████████░░░░░░░░░░░░░░░░░░░░░] 3/10 (30.0%)
2026-02-09 20:59:10 [INFO    ] Replications: [████████████░░░░░░░░░░░░░░░░░░] 4/10 (40.0%)
2026-02-09 20:59:10 [INFO    ] Replications: [███████████████░░░░░░░░░░░░░░░] 5/10 (50.0%)
2026-02-09 20:59:11 [INFO    ] Replications: [██████████████████░░░░░░░░░░░░] 6/10 (60.0%)
2026-02-09 20:59:12 [INFO    ] Replications: [█████████████████████░░░░░░░░░] 7/10 (70.0%)
2026-02-09 20:59:13 [INFO    ] Replications: [████████████████████████░░░░░░] 8/10 (80.0%)
2026-02-09 20:59:14 [INFO    ] Replications: [███████████████████████████░░░] 9/10 (90.0%)
2026-02-09 20:59:14 [INFO    ] Replications: [██████████████████████████████] 10/10 (100.0%)
2026-02-09 20:59:14 [INFO    ] --- Results for baseline ---
2026-02-09 20:59:14 [INFO    ] Metric              | Mean       | 95% CI                  
2026-02-09 20:59:14 [INFO    ] --------------------+------------+-------------------------
2026-02-09 20:59:14 [INFO    ] abandonment_rate    | 0.2805     | [0.2639, 0.2971]        
2026-02-09 20:59:14 [INFO    ] avg_waiting_time    | 0.4226     | [0.4149, 0.4302]        
2026-02-09 20:59:14 [INFO    ] avg_hourly_earnings | 24.8279    | [24.6257, 25.0301]      
2026-02-09 20:59:14 [INFO    ] gini_coefficient    | 0.0775     | [0.0720, 0.0829]        
2026-02-09 20:59:14 [INFO    ] avg_utilization     | 1.0249     | [1.0117, 1.0381]        
2026-02-09 20:59:14 [INFO    ] total_revenue       | 73557.7579 | [71846.1603, 75269.3554]
2026-02-09 20:59:14 [INFO    ] Results saved to: ./output/results_20260209_205907/results_20260209_205914.json
2026-02-09 20:59:14 [INFO    ] ============================================================
2026-02-09 20:59:14 [INFO    ]   Simulation Complete
2026-02-09 20:59:14 [INFO    ] ============================================================
2026-02-09 20:59:14 [INFO    ] Finished at: 2026-02-09 20:59:14
2026-02-09 20:59:14 [INFO    ] Log saved to: ./output/results_20260209_205907/simulation_20260209_205907.log

======================================================================
Log ended: 2026-02-09 20:59:14
======================================================================
