======================================================================
BoxCar Ride-Sharing Simulation Log
Started: 2026-03-04 20:53:13
Logger: BoxCarSimulation
======================================================================

2026-03-04 20:53:13 [INFO    ] ============================================================
2026-03-04 20:53:13 [INFO    ]   BoxCar Ride-Sharing Simulation
2026-03-04 20:53:13 [INFO    ] ============================================================
2026-03-04 20:53:13 [INFO    ] Started at: 2026-03-04 20:53:13
2026-03-04 20:53:13 [INFO    ] Config file: config.json
2026-03-04 20:53:13 [INFO    ] Output directory: ./output/baseline/results_20260304_205313
2026-03-04 20:53:13 [INFO    ] Log file: ./output/baseline/results_20260304_205313/simulation_20260304_205313.log
2026-03-04 20:53:13 [INFO    ] ============================================================
2026-03-04 20:53:13 [INFO    ]   SCENARIO: baseline (mode: baseline)
2026-03-04 20:53:13 [INFO    ] ============================================================
2026-03-04 20:53:13 [INFO    ] --- Input Mode ---
2026-03-04 20:53:13 [INFO    ] Mode 1 - Baseline (PDF Assumptions)
  All parameters generated from distributions specified in project spec:
  - Driver arrival: Exponential(rate=4.74/hr)
  - Driver availability: Uniform(6.0, 8.0) hrs
  - Rider arrival: Exponential(rate=34.56/hr)
  - Rider patience: Exponential(rate=5.0/hr)
  - Trip time: Uniform(0.8*mu, 1.2*mu), speed=20.0 mph
  - Fare: base=3.0 + 2.0/mile
2026-03-04 20:53:13 [INFO    ] Replications: 50
2026-03-04 20:53:13 [INFO    ] Matching algorithm: fifo
2026-03-04 20:53:13 [INFO    ] Simulation time: 1000.0 hours
2026-03-04 20:53:13 [INFO    ] Using base random seed: 1 (replications will use seed base+i)
2026-03-04 20:53:59 [INFO    ] Replications: [░░░░░░░░░░░░░░░░░░░░░░░░░░░░░░] 1/50 (2.0%)
2026-03-04 20:54:49 [INFO    ] Replications: [█░░░░░░░░░░░░░░░░░░░░░░░░░░░░░] 2/50 (4.0%)
2026-03-04 20:55:38 [INFO    ] Replications: [█░░░░░░░░░░░░░░░░░░░░░░░░░░░░░] 3/50 (6.0%)
2026-03-04 20:56:27 [INFO    ] Replications: [██░░░░░░░░░░░░░░░░░░░░░░░░░░░░] 4/50 (8.0%)
2026-03-04 20:57:18 [INFO    ] Replications: [███░░░░░░░░░░░░░░░░░░░░░░░░░░░] 5/50 (10.0%)
2026-03-04 20:58:08 [INFO    ] Replications: [███░░░░░░░░░░░░░░░░░░░░░░░░░░░] 6/50 (12.0%)
2026-03-04 20:58:59 [INFO    ] Replications: [████░░░░░░░░░░░░░░░░░░░░░░░░░░] 7/50 (14.0%)
2026-03-04 20:59:51 [INFO    ] Replications: [████░░░░░░░░░░░░░░░░░░░░░░░░░░] 8/50 (16.0%)
2026-03-04 21:00:42 [INFO    ] Replications: [█████░░░░░░░░░░░░░░░░░░░░░░░░░] 9/50 (18.0%)
2026-03-04 21:01:34 [INFO    ] Replications: [██████░░░░░░░░░░░░░░░░░░░░░░░░] 10/50 (20.0%)
2026-03-04 21:02:25 [INFO    ] Replications: [██████░░░░░░░░░░░░░░░░░░░░░░░░] 11/50 (22.0%)
2026-03-04 21:03:16 [INFO    ] Replications: [███████░░░░░░░░░░░░░░░░░░░░░░░] 12/50 (24.0%)
2026-03-04 21:04:07 [INFO    ] Replications: [███████░░░░░░░░░░░░░░░░░░░░░░░] 13/50 (26.0%)
2026-03-04 21:05:00 [INFO    ] Replications: [████████░░░░░░░░░░░░░░░░░░░░░░] 14/50 (28.0%)
2026-03-04 21:05:52 [INFO    ] Replications: [█████████░░░░░░░░░░░░░░░░░░░░░] 15/50 (30.0%)
2026-03-04 21:06:44 [INFO    ] Replications: [█████████░░░░░░░░░░░░░░░░░░░░░] 16/50 (32.0%)
2026-03-04 21:07:35 [INFO    ] Replications: [██████████░░░░░░░░░░░░░░░░░░░░] 17/50 (34.0%)
2026-03-04 21:08:26 [INFO    ] Replications: [██████████░░░░░░░░░░░░░░░░░░░░] 18/50 (36.0%)
2026-03-04 21:09:18 [INFO    ] Replications: [███████████░░░░░░░░░░░░░░░░░░░] 19/50 (38.0%)
2026-03-04 21:10:09 [INFO    ] Replications: [████████████░░░░░░░░░░░░░░░░░░] 20/50 (40.0%)
2026-03-04 21:10:59 [INFO    ] Replications: [████████████░░░░░░░░░░░░░░░░░░] 21/50 (42.0%)
2026-03-04 21:11:51 [INFO    ] Replications: [█████████████░░░░░░░░░░░░░░░░░] 22/50 (44.0%)
2026-03-04 21:12:44 [INFO    ] Replications: [█████████████░░░░░░░░░░░░░░░░░] 23/50 (46.0%)
2026-03-04 21:13:35 [INFO    ] Replications: [██████████████░░░░░░░░░░░░░░░░] 24/50 (48.0%)
2026-03-04 21:14:28 [INFO    ] Replications: [███████████████░░░░░░░░░░░░░░░] 25/50 (50.0%)
2026-03-04 21:15:19 [INFO    ] Replications: [███████████████░░░░░░░░░░░░░░░] 26/50 (52.0%)
2026-03-04 21:16:11 [INFO    ] Replications: [████████████████░░░░░░░░░░░░░░] 27/50 (54.0%)
2026-03-04 21:17:04 [INFO    ] Replications: [████████████████░░░░░░░░░░░░░░] 28/50 (56.0%)
2026-03-04 21:17:57 [INFO    ] Replications: [█████████████████░░░░░░░░░░░░░] 29/50 (58.0%)
2026-03-04 21:18:51 [INFO    ] Replications: [██████████████████░░░░░░░░░░░░] 30/50 (60.0%)
2026-03-04 21:19:48 [INFO    ] Replications: [██████████████████░░░░░░░░░░░░] 31/50 (62.0%)
2026-03-04 21:20:43 [INFO    ] Replications: [███████████████████░░░░░░░░░░░] 32/50 (64.0%)
2026-03-04 21:21:37 [INFO    ] Replications: [███████████████████░░░░░░░░░░░] 33/50 (66.0%)
2026-03-04 21:22:31 [INFO    ] Replications: [████████████████████░░░░░░░░░░] 34/50 (68.0%)
2026-03-04 21:23:25 [INFO    ] Replications: [█████████████████████░░░░░░░░░] 35/50 (70.0%)
2026-03-04 21:24:19 [INFO    ] Replications: [█████████████████████░░░░░░░░░] 36/50 (72.0%)
2026-03-04 21:25:14 [INFO    ] Replications: [██████████████████████░░░░░░░░] 37/50 (74.0%)
2026-03-04 21:26:08 [INFO    ] Replications: [██████████████████████░░░░░░░░] 38/50 (76.0%)
2026-03-04 21:27:01 [INFO    ] Replications: [███████████████████████░░░░░░░] 39/50 (78.0%)
2026-03-04 21:27:56 [INFO    ] Replications: [████████████████████████░░░░░░] 40/50 (80.0%)
2026-03-04 21:28:48 [INFO    ] Replications: [████████████████████████░░░░░░] 41/50 (82.0%)
2026-03-04 21:29:41 [INFO    ] Replications: [█████████████████████████░░░░░] 42/50 (84.0%)
2026-03-04 21:30:42 [INFO    ] Replications: [█████████████████████████░░░░░] 43/50 (86.0%)
2026-03-04 21:31:37 [INFO    ] Replications: [██████████████████████████░░░░] 44/50 (88.0%)
2026-03-04 21:32:34 [INFO    ] Replications: [███████████████████████████░░░] 45/50 (90.0%)
2026-03-04 21:33:30 [INFO    ] Replications: [███████████████████████████░░░] 46/50 (92.0%)
2026-03-04 21:34:27 [INFO    ] Replications: [████████████████████████████░░] 47/50 (94.0%)
2026-03-04 21:35:25 [INFO    ] Replications: [████████████████████████████░░] 48/50 (96.0%)
2026-03-04 21:36:28 [INFO    ] Replications: [█████████████████████████████░] 49/50 (98.0%)
2026-03-04 21:37:25 [INFO    ] Replications: [██████████████████████████████] 50/50 (100.0%)
2026-03-04 21:37:27 [INFO    ] --- Results for baseline ---
2026-03-04 21:37:27 [INFO    ] Metric                            | Mean        | Std       | 95% CI                    
2026-03-04 21:37:27 [INFO    ] ----------------------------------+-------------+-----------+---------------------------
2026-03-04 21:37:27 [INFO    ] abandonment_rate                  | 0.0600      | 0.0071    | [0.0580, 0.0621]          
2026-03-04 21:37:27 [INFO    ] avg_waiting_time                  | 0.2881      | 0.0102    | [0.2851, 0.2910]          
2026-03-04 21:37:27 [INFO    ] pickup_waiting_time_p90           | 0.6423      | 0.0217    | [0.6360, 0.6485]          
2026-03-04 21:37:27 [INFO    ] avg_hourly_earnings               | 22.1224     | 0.1876    | [22.0682, 22.1767]        
2026-03-04 21:37:27 [INFO    ] avg_net_hourly_earnings           | 19.1522     | 0.1389    | [19.1120, 19.1923]        
2026-03-04 21:37:27 [INFO    ] time_weighted_net_hourly_earnings | 19.2033     | 0.1349    | [19.1643, 19.2423]        
2026-03-04 21:37:27 [INFO    ] fairness_ratio                    | 1.6069      | 0.0292    | [1.5985, 1.6154]          
2026-03-04 21:37:27 [INFO    ] avg_utilization                   | 0.7425      | 0.0138    | [0.7385, 0.7464]          
2026-03-04 21:37:27 [INFO    ] avg_rest_fraction                 | 0.2575      | 0.0138    | [0.2536, 0.2615]          
2026-03-04 21:37:27 [INFO    ] long_rest_prob_15min              | 0.8575      | 0.0218    | [0.8512, 0.8638]          
2026-03-04 21:37:27 [INFO    ] long_rest_prob_30min              | 0.6698      | 0.0330    | [0.6603, 0.6794]          
2026-03-04 21:37:27 [INFO    ] total_revenue                     | 769562.6097 | 5951.7200 | [767841.3325, 771283.8868]
2026-03-04 21:37:28 [INFO    ] Results saved to: ./output/baseline/results_20260304_205313/results_20260304_213728.json
2026-03-04 21:37:28 [INFO    ] ============================================================
2026-03-04 21:37:28 [INFO    ]   Simulation Complete
2026-03-04 21:37:28 [INFO    ] ============================================================
2026-03-04 21:37:28 [INFO    ] Finished at: 2026-03-04 21:37:28
2026-03-04 21:37:28 [INFO    ] Log saved to: ./output/baseline/results_20260304_205313/simulation_20260304_205313.log

======================================================================
Log ended: 2026-03-04 21:37:28
======================================================================
