======================================================================
BoxCar Ride-Sharing Simulation Log
Started: 2026-02-09 21:08:16
Logger: BoxCarSimulation
======================================================================

2026-02-09 21:08:16 [INFO    ] ============================================================
2026-02-09 21:08:16 [INFO    ]   BoxCar Ride-Sharing Simulation
2026-02-09 21:08:16 [INFO    ] ============================================================
2026-02-09 21:08:16 [INFO    ] Started at: 2026-02-09 21:08:16
2026-02-09 21:08:16 [INFO    ] Config file: config.json
2026-02-09 21:08:16 [INFO    ] Output directory: ./output/baseline/results_20260209_210816
2026-02-09 21:08:16 [INFO    ] Log file: ./output/baseline/results_20260209_210816/simulation_20260209_210816.log
2026-02-09 21:08:16 [INFO    ] ============================================================
2026-02-09 21:08:16 [INFO    ]   SCENARIO: baseline (mode: baseline)
2026-02-09 21:08:16 [INFO    ] ============================================================
2026-02-09 21:08:16 [INFO    ] --- Input Mode ---
2026-02-09 21:08:16 [INFO    ] Mode 1 - Baseline (PDF Assumptions)
  All parameters generated from distributions specified in project spec:
  - Driver arrival: Exponential(rate=3.0/hr)
  - Driver availability: Uniform(5.0, 8.0) hrs
  - Rider arrival: Exponential(rate=30.0/hr)
  - Rider patience: Exponential(rate=5.0/hr)
  - Trip time: Uniform(0.8*mu, 1.2*mu), speed=20.0 mph
  - Fare: base=3.0 + 2.0/mile
2026-02-09 21:08:16 [INFO    ] Replications: 10
2026-02-09 21:08:16 [INFO    ] Matching algorithm: nearest
2026-02-09 21:08:16 [INFO    ] Simulation time: 168.0 hours
2026-02-09 21:08:17 [INFO    ] Replications: [███░░░░░░░░░░░░░░░░░░░░░░░░░░░] 1/10 (10.0%)
2026-02-09 21:08:18 [INFO    ] Replications: [██████░░░░░░░░░░░░░░░░░░░░░░░░] 2/10 (20.0%)
2026-02-09 21:08:18 [INFO    ] Replications: [█████████░░░░░░░░░░░░░░░░░░░░░] 3/10 (30.0%)
2026-02-09 21:08:19 [INFO    ] Replications: [████████████░░░░░░░░░░░░░░░░░░] 4/10 (40.0%)
2026-02-09 21:08:20 [INFO    ] Replications: [███████████████░░░░░░░░░░░░░░░] 5/10 (50.0%)
2026-02-09 21:08:21 [INFO    ] Replications: [██████████████████░░░░░░░░░░░░] 6/10 (60.0%)
2026-02-09 21:08:22 [INFO    ] Replications: [█████████████████████░░░░░░░░░] 7/10 (70.0%)
2026-02-09 21:08:23 [INFO    ] Replications: [████████████████████████░░░░░░] 8/10 (80.0%)
2026-02-09 21:08:23 [INFO    ] Replications: [███████████████████████████░░░] 9/10 (90.0%)
2026-02-09 21:08:24 [INFO    ] Replications: [██████████████████████████████] 10/10 (100.0%)
2026-02-09 21:08:24 [INFO    ] --- Results for baseline ---
2026-02-09 21:08:24 [INFO    ] Metric              | Mean       | 95% CI                  
2026-02-09 21:08:24 [INFO    ] --------------------+------------+-------------------------
2026-02-09 21:08:24 [INFO    ] abandonment_rate    | 0.2585     | [0.2359, 0.2810]        
2026-02-09 21:08:24 [INFO    ] avg_waiting_time    | 0.4139     | [0.4033, 0.4244]        
2026-02-09 21:08:24 [INFO    ] avg_hourly_earnings | 24.7831    | [24.6151, 24.9510]      
2026-02-09 21:08:24 [INFO    ] gini_coefficient    | 0.0759     | [0.0736, 0.0782]        
2026-02-09 21:08:24 [INFO    ] avg_utilization     | 1.0203     | [1.0029, 1.0377]        
2026-02-09 21:08:24 [INFO    ] total_revenue       | 76491.2321 | [74061.0912, 78921.3731]
2026-02-09 21:08:24 [INFO    ] Results saved to: ./output/baseline/results_20260209_210816/results_20260209_210824.json
2026-02-09 21:08:24 [INFO    ] ============================================================
2026-02-09 21:08:24 [INFO    ]   Simulation Complete
2026-02-09 21:08:24 [INFO    ] ============================================================
2026-02-09 21:08:24 [INFO    ] Finished at: 2026-02-09 21:08:24
2026-02-09 21:08:24 [INFO    ] Log saved to: ./output/baseline/results_20260209_210816/simulation_20260209_210816.log

======================================================================
Log ended: 2026-02-09 21:08:24
======================================================================
