======================================================================
BoxCar Ride-Sharing Simulation Log
Started: 2026-03-02 19:42:10
Logger: BoxCarSimulation
======================================================================

2026-03-02 19:42:10 [INFO    ] ============================================================
2026-03-02 19:42:10 [INFO    ]   BoxCar Ride-Sharing Simulation
2026-03-02 19:42:10 [INFO    ] ============================================================
2026-03-02 19:42:10 [INFO    ] Started at: 2026-03-02 19:42:10
2026-03-02 19:42:10 [INFO    ] Config file: config.json
2026-03-02 19:42:10 [INFO    ] Output directory: ./output/data_driven/results_20260302_194210
2026-03-02 19:42:10 [INFO    ] Log file: ./output/data_driven/results_20260302_194210/simulation_20260302_194210.log
2026-03-02 19:42:10 [INFO    ] ============================================================
2026-03-02 19:42:10 [INFO    ]   SCENARIO: data_driven (mode: data_driven)
2026-03-02 19:42:10 [INFO    ] ============================================================
2026-03-02 19:42:10 [INFO    ] --- Input Mode ---
2026-03-02 19:42:10 [INFO    ] Mode 2 - Data-Driven (Real Data Estimates)
  Parameters estimated from drivers.xlsx & riders.xlsx:
  - Driver arrival: Exponential(rate=4.74/hr) [from data]
  - Driver availability: Uniform(6.0, 8.0) hrs [from data]
  - Rider arrival: Exponential(rate=34.60/hr) [from data]
  - Rider patience: Exponential(rate=5.0/hr) [baseline - no data]
  - Trip time: Uniform(0.8*mu, 1.2*mu), speed=19.97 mph [from data]
  - Fare: base=3.0 + 2.0/mile [baseline]

  Parameter comparison (Assumed vs Estimated):
    driver_arrival_rate: 3.00 -> 4.74 (+58.1%)
    driver_availability_min: 5.00 -> 6.00 (+20.0%)
    driver_availability_max: 8.00 -> 8.00 (-0.0%)
    rider_arrival_rate: 30.00 -> 34.60 (+15.3%)
    avg_speed: 20.00 -> 19.97 (-0.1%)
2026-03-02 19:42:10 [INFO    ] --- Data-Driven Parameter Updates ---
2026-03-02 19:42:10 [INFO    ] Parameter               | PDF Assumed | Data Estimated | Diff %
2026-03-02 19:42:10 [INFO    ] ------------------------+-------------+----------------+-------
2026-03-02 19:42:10 [INFO    ] driver_arrival_rate     | 3.00        | 4.74           | +58.1%
2026-03-02 19:42:10 [INFO    ] driver_availability_min | 5.00        | 6.00           | +20.0%
2026-03-02 19:42:10 [INFO    ] driver_availability_max | 8.00        | 8.00           | -0.0% 
2026-03-02 19:42:10 [INFO    ] rider_arrival_rate      | 30.00       | 34.60          | +15.3%
2026-03-02 19:42:10 [INFO    ] avg_speed               | 20.00       | 19.97          | -0.1% 
2026-03-02 19:42:10 [INFO    ] Replications: 50
2026-03-02 19:42:10 [INFO    ] Matching algorithm: nearest
2026-03-02 19:42:10 [INFO    ] Simulation time: 960.0 hours
2026-03-02 19:42:55 [INFO    ] Replications: [░░░░░░░░░░░░░░░░░░░░░░░░░░░░░░] 1/50 (2.0%)
2026-03-02 19:43:43 [INFO    ] Replications: [█░░░░░░░░░░░░░░░░░░░░░░░░░░░░░] 2/50 (4.0%)
2026-03-02 19:44:30 [INFO    ] Replications: [█░░░░░░░░░░░░░░░░░░░░░░░░░░░░░] 3/50 (6.0%)
2026-03-02 19:45:18 [INFO    ] Replications: [██░░░░░░░░░░░░░░░░░░░░░░░░░░░░] 4/50 (8.0%)
2026-03-02 19:46:06 [INFO    ] Replications: [███░░░░░░░░░░░░░░░░░░░░░░░░░░░] 5/50 (10.0%)
2026-03-02 19:46:55 [INFO    ] Replications: [███░░░░░░░░░░░░░░░░░░░░░░░░░░░] 6/50 (12.0%)
2026-03-02 19:47:43 [INFO    ] Replications: [████░░░░░░░░░░░░░░░░░░░░░░░░░░] 7/50 (14.0%)
2026-03-02 19:48:32 [INFO    ] Replications: [████░░░░░░░░░░░░░░░░░░░░░░░░░░] 8/50 (16.0%)
2026-03-02 19:49:21 [INFO    ] Replications: [█████░░░░░░░░░░░░░░░░░░░░░░░░░] 9/50 (18.0%)
2026-03-02 19:50:10 [INFO    ] Replications: [██████░░░░░░░░░░░░░░░░░░░░░░░░] 10/50 (20.0%)
2026-03-02 19:51:03 [INFO    ] Replications: [██████░░░░░░░░░░░░░░░░░░░░░░░░] 11/50 (22.0%)
2026-03-02 19:51:56 [INFO    ] Replications: [███████░░░░░░░░░░░░░░░░░░░░░░░] 12/50 (24.0%)
2026-03-02 19:53:04 [INFO    ] Replications: [███████░░░░░░░░░░░░░░░░░░░░░░░] 13/50 (26.0%)
2026-03-02 19:54:52 [INFO    ] Replications: [████████░░░░░░░░░░░░░░░░░░░░░░] 14/50 (28.0%)
2026-03-02 19:55:52 [INFO    ] Replications: [█████████░░░░░░░░░░░░░░░░░░░░░] 15/50 (30.0%)
2026-03-02 19:56:43 [INFO    ] Replications: [█████████░░░░░░░░░░░░░░░░░░░░░] 16/50 (32.0%)
2026-03-02 19:57:31 [INFO    ] Replications: [██████████░░░░░░░░░░░░░░░░░░░░] 17/50 (34.0%)
2026-03-02 19:58:20 [INFO    ] Replications: [██████████░░░░░░░░░░░░░░░░░░░░] 18/50 (36.0%)
2026-03-02 19:59:12 [INFO    ] Replications: [███████████░░░░░░░░░░░░░░░░░░░] 19/50 (38.0%)
2026-03-02 20:00:05 [INFO    ] Replications: [████████████░░░░░░░░░░░░░░░░░░] 20/50 (40.0%)
2026-03-02 20:00:56 [INFO    ] Replications: [████████████░░░░░░░░░░░░░░░░░░] 21/50 (42.0%)
2026-03-02 20:01:51 [INFO    ] Replications: [█████████████░░░░░░░░░░░░░░░░░] 22/50 (44.0%)
2026-03-02 20:02:44 [INFO    ] Replications: [█████████████░░░░░░░░░░░░░░░░░] 23/50 (46.0%)
2026-03-02 20:03:37 [INFO    ] Replications: [██████████████░░░░░░░░░░░░░░░░] 24/50 (48.0%)
2026-03-02 20:04:33 [INFO    ] Replications: [███████████████░░░░░░░░░░░░░░░] 25/50 (50.0%)
2026-03-02 20:05:25 [INFO    ] Replications: [███████████████░░░░░░░░░░░░░░░] 26/50 (52.0%)
2026-03-02 20:06:22 [INFO    ] Replications: [████████████████░░░░░░░░░░░░░░] 27/50 (54.0%)
2026-03-02 20:07:19 [INFO    ] Replications: [████████████████░░░░░░░░░░░░░░] 28/50 (56.0%)
2026-03-02 20:08:09 [INFO    ] Replications: [█████████████████░░░░░░░░░░░░░] 29/50 (58.0%)
2026-03-02 20:09:04 [INFO    ] Replications: [██████████████████░░░░░░░░░░░░] 30/50 (60.0%)
2026-03-02 20:09:56 [INFO    ] Replications: [██████████████████░░░░░░░░░░░░] 31/50 (62.0%)
2026-03-02 20:10:48 [INFO    ] Replications: [███████████████████░░░░░░░░░░░] 32/50 (64.0%)
2026-03-02 20:11:42 [INFO    ] Replications: [███████████████████░░░░░░░░░░░] 33/50 (66.0%)
2026-03-02 20:12:36 [INFO    ] Replications: [████████████████████░░░░░░░░░░] 34/50 (68.0%)
2026-03-02 20:14:00 [INFO    ] Replications: [█████████████████████░░░░░░░░░] 35/50 (70.0%)
2026-03-02 20:14:52 [INFO    ] Replications: [█████████████████████░░░░░░░░░] 36/50 (72.0%)
2026-03-02 20:15:44 [INFO    ] Replications: [██████████████████████░░░░░░░░] 37/50 (74.0%)
2026-03-02 20:16:48 [INFO    ] Replications: [██████████████████████░░░░░░░░] 38/50 (76.0%)
2026-03-02 20:17:52 [INFO    ] Replications: [███████████████████████░░░░░░░] 39/50 (78.0%)
2026-03-02 20:18:57 [INFO    ] Replications: [████████████████████████░░░░░░] 40/50 (80.0%)
2026-03-02 20:20:12 [INFO    ] Replications: [████████████████████████░░░░░░] 41/50 (82.0%)
2026-03-02 20:21:09 [INFO    ] Replications: [█████████████████████████░░░░░] 42/50 (84.0%)
2026-03-02 20:22:13 [INFO    ] Replications: [█████████████████████████░░░░░] 43/50 (86.0%)
2026-03-02 20:23:08 [INFO    ] Replications: [██████████████████████████░░░░] 44/50 (88.0%)
2026-03-02 20:24:02 [INFO    ] Replications: [███████████████████████████░░░] 45/50 (90.0%)
2026-03-02 20:25:04 [INFO    ] Replications: [███████████████████████████░░░] 46/50 (92.0%)
2026-03-02 20:26:19 [INFO    ] Replications: [████████████████████████████░░] 47/50 (94.0%)
2026-03-02 20:27:18 [INFO    ] Replications: [████████████████████████████░░] 48/50 (96.0%)
2026-03-02 20:28:14 [INFO    ] Replications: [█████████████████████████████░] 49/50 (98.0%)
2026-03-02 20:29:15 [INFO    ] Replications: [██████████████████████████████] 50/50 (100.0%)
2026-03-02 20:29:18 [INFO    ] --- Results for data_driven ---
2026-03-02 20:29:18 [INFO    ] Metric                            | Mean        | Std       | 95% CI                    
2026-03-02 20:29:18 [INFO    ] ----------------------------------+-------------+-----------+---------------------------
2026-03-02 20:29:18 [INFO    ] abandonment_rate                  | 0.0490      | 0.0064    | [0.0472, 0.0509]          
2026-03-02 20:29:18 [INFO    ] avg_waiting_time                  | 0.2662      | 0.0085    | [0.2637, 0.2686]          
2026-03-02 20:29:18 [INFO    ] pickup_waiting_time_p90           | 0.5655      | 0.0172    | [0.5605, 0.5705]          
2026-03-02 20:29:18 [INFO    ] avg_hourly_earnings               | 22.5767     | 0.2227    | [22.5123, 22.6411]        
2026-03-02 20:29:18 [INFO    ] avg_net_hourly_earnings           | 19.6162     | 0.1683    | [19.5675, 19.6649]        
2026-03-02 20:29:18 [INFO    ] time_weighted_net_hourly_earnings | 19.6726     | 0.1661    | [19.6245, 19.7206]        
2026-03-02 20:29:18 [INFO    ] fairness_ratio                    | 1.6090      | 0.0287    | [1.6007, 1.6173]          
2026-03-02 20:29:18 [INFO    ] avg_utilization                   | 0.7410      | 0.0143    | [0.7369, 0.7451]          
2026-03-02 20:29:18 [INFO    ] avg_rest_fraction                 | 0.2590      | 0.0143    | [0.2549, 0.2631]          
2026-03-02 20:29:18 [INFO    ] long_rest_prob_15min              | 0.8772      | 0.0206    | [0.8712, 0.8831]          
2026-03-02 20:29:18 [INFO    ] long_rest_prob_30min              | 0.6783      | 0.0316    | [0.6692, 0.6875]          
2026-03-02 20:29:18 [INFO    ] total_revenue                     | 677609.6104 | 4860.0627 | [676204.0479, 679015.1730]
2026-03-02 20:29:20 [INFO    ] Results saved to: ./output/data_driven/results_20260302_194210/results_20260302_202920.json
2026-03-02 20:29:20 [INFO    ] ============================================================
2026-03-02 20:29:20 [INFO    ]   Simulation Complete
2026-03-02 20:29:20 [INFO    ] ============================================================
2026-03-02 20:29:20 [INFO    ] Finished at: 2026-03-02 20:29:20
2026-03-02 20:29:20 [INFO    ] Log saved to: ./output/data_driven/results_20260302_194210/simulation_20260302_194210.log

======================================================================
Log ended: 2026-03-02 20:29:20
======================================================================
