======================================================================
BoxCar Ride-Sharing Simulation Log
Started: 2026-02-09 20:59:29
Logger: BoxCarSimulation
======================================================================

2026-02-09 20:59:29 [INFO    ] ============================================================
2026-02-09 20:59:29 [INFO    ]   BoxCar Ride-Sharing Simulation
2026-02-09 20:59:29 [INFO    ] ============================================================
2026-02-09 20:59:29 [INFO    ] Started at: 2026-02-09 20:59:29
2026-02-09 20:59:29 [INFO    ] Config file: config.json
2026-02-09 20:59:29 [INFO    ] Output directory: ./output/results_20260209_205929
2026-02-09 20:59:29 [INFO    ] Log file: ./output/results_20260209_205929/simulation_20260209_205929.log
2026-02-09 20:59:29 [INFO    ] ============================================================
2026-02-09 20:59:29 [INFO    ]   SCENARIO: data_driven (mode: data_driven)
2026-02-09 20:59:29 [INFO    ] ============================================================
2026-02-09 20:59:29 [INFO    ] --- Input Mode ---
2026-02-09 20:59:29 [INFO    ] Mode 2 - Data-Driven (Real Data Estimates)
  Parameters estimated from drivers.xlsx & riders.xlsx:
  - Driver arrival: Exponential(rate=4.74/hr) [from data]
  - Driver availability: Uniform(6.0, 8.0) hrs [from data]
  - Rider arrival: Exponential(rate=34.60/hr) [from data]
  - Rider patience: Exponential(rate=5.0/hr) [baseline - no data]
  - Trip time: Uniform(0.8*mu, 1.2*mu), speed=19.97 mph [from data]
  - Fare: base=3.0 + 2.0/mile [baseline]

  Parameter comparison (Assumed vs Estimated):
    driver_arrival_rate: 3.00 -> 4.74 (+58.1%)
    driver_availability_min: 5.00 -> 6.00 (+20.0%)
    driver_availability_max: 8.00 -> 8.00 (-0.0%)
    rider_arrival_rate: 30.00 -> 34.60 (+15.3%)
    avg_speed: 20.00 -> 19.97 (-0.1%)
2026-02-09 20:59:29 [INFO    ] --- Data-Driven Parameter Updates ---
2026-02-09 20:59:29 [INFO    ] Parameter               | PDF Assumed | Data Estimated | Diff %
2026-02-09 20:59:29 [INFO    ] ------------------------+-------------+----------------+-------
2026-02-09 20:59:29 [INFO    ] driver_arrival_rate     | 3.00        | 4.74           | +58.1%
2026-02-09 20:59:29 [INFO    ] driver_availability_min | 5.00        | 6.00           | +20.0%
2026-02-09 20:59:29 [INFO    ] driver_availability_max | 8.00        | 8.00           | -0.0% 
2026-02-09 20:59:29 [INFO    ] rider_arrival_rate      | 30.00       | 34.60          | +15.3%
2026-02-09 20:59:29 [INFO    ] avg_speed               | 20.00       | 19.97          | -0.1% 
2026-02-09 20:59:29 [INFO    ] Replications: 10
2026-02-09 20:59:29 [INFO    ] Matching algorithm: nearest
2026-02-09 20:59:29 [INFO    ] Simulation time: 168.0 hours
2026-02-09 20:59:30 [INFO    ] Replications: [███░░░░░░░░░░░░░░░░░░░░░░░░░░░] 1/10 (10.0%)
2026-02-09 20:59:32 [INFO    ] Replications: [██████░░░░░░░░░░░░░░░░░░░░░░░░] 2/10 (20.0%)
2026-02-09 20:59:33 [INFO    ] Replications: [█████████░░░░░░░░░░░░░░░░░░░░░] 3/10 (30.0%)
2026-02-09 20:59:34 [INFO    ] Replications: [████████████░░░░░░░░░░░░░░░░░░] 4/10 (40.0%)
2026-02-09 20:59:36 [INFO    ] Replications: [███████████████░░░░░░░░░░░░░░░] 5/10 (50.0%)
2026-02-09 20:59:37 [INFO    ] Replications: [██████████████████░░░░░░░░░░░░] 6/10 (60.0%)
2026-02-09 20:59:38 [INFO    ] Replications: [█████████████████████░░░░░░░░░] 7/10 (70.0%)
2026-02-09 20:59:40 [INFO    ] Replications: [████████████████████████░░░░░░] 8/10 (80.0%)
2026-02-09 20:59:41 [INFO    ] Replications: [███████████████████████████░░░] 9/10 (90.0%)
2026-02-09 20:59:42 [INFO    ] Replications: [██████████████████████████████] 10/10 (100.0%)
2026-02-09 20:59:42 [INFO    ] --- Results for data_driven ---
2026-02-09 20:59:42 [INFO    ] Metric              | Mean        | 95% CI                    
2026-02-09 20:59:42 [INFO    ] --------------------+-------------+---------------------------
2026-02-09 20:59:42 [INFO    ] abandonment_rate    | 0.0457      | [0.0354, 0.0560]          
2026-02-09 20:59:42 [INFO    ] avg_waiting_time    | 0.2667      | [0.2522, 0.2812]          
2026-02-09 20:59:42 [INFO    ] avg_hourly_earnings | 22.4256     | [22.1114, 22.7397]        
2026-02-09 20:59:42 [INFO    ] gini_coefficient    | 0.1082      | [0.1027, 0.1138]          
2026-02-09 20:59:42 [INFO    ] avg_utilization     | 0.7899      | [0.7690, 0.8109]          
2026-02-09 20:59:42 [INFO    ] total_revenue       | 113293.7559 | [111922.3943, 114665.1175]
2026-02-09 20:59:42 [INFO    ] Results saved to: ./output/results_20260209_205929/results_20260209_205942.json
2026-02-09 20:59:42 [INFO    ] ============================================================
2026-02-09 20:59:42 [INFO    ]   Simulation Complete
2026-02-09 20:59:42 [INFO    ] ============================================================
2026-02-09 20:59:42 [INFO    ] Finished at: 2026-02-09 20:59:42
2026-02-09 20:59:42 [INFO    ] Log saved to: ./output/results_20260209_205929/simulation_20260209_205929.log

======================================================================
Log ended: 2026-02-09 20:59:42
======================================================================
