======================================================================
BoxCar Ride-Sharing Simulation Log
Started: 2026-03-04 21:40:01
Logger: BoxCarSimulation
======================================================================

2026-03-04 21:40:01 [INFO    ] ============================================================
2026-03-04 21:40:01 [INFO    ]   BoxCar Ride-Sharing Simulation
2026-03-04 21:40:01 [INFO    ] ============================================================
2026-03-04 21:40:01 [INFO    ] Started at: 2026-03-04 21:40:01
2026-03-04 21:40:01 [INFO    ] Config file: config.json
2026-03-04 21:40:01 [INFO    ] Output directory: ./output/baseline/results_20260304_214001
2026-03-04 21:40:01 [INFO    ] Log file: ./output/baseline/results_20260304_214001/simulation_20260304_214001.log
2026-03-04 21:40:01 [INFO    ] ============================================================
2026-03-04 21:40:01 [INFO    ]   SCENARIO: baseline (mode: baseline)
2026-03-04 21:40:01 [INFO    ] ============================================================
2026-03-04 21:40:01 [INFO    ] --- Input Mode ---
2026-03-04 21:40:01 [INFO    ] Mode 1 - Baseline (PDF Assumptions)
  All parameters generated from distributions specified in project spec:
  - Driver arrival: Exponential(rate=4.74/hr)
  - Driver availability: Uniform(6.0, 8.0) hrs
  - Rider arrival: Exponential(rate=34.56/hr)
  - Rider patience: Exponential(rate=5.0/hr)
  - Trip time: Uniform(0.8*mu, 1.2*mu), speed=20.0 mph
  - Fare: base=3.0 + 2.0/mile
2026-03-04 21:40:01 [INFO    ] Replications: 50
2026-03-04 21:40:01 [INFO    ] Matching algorithm: zoned
2026-03-04 21:40:01 [INFO    ] Simulation time: 1000.0 hours
2026-03-04 21:40:01 [INFO    ] Using base random seed: 1 (replications will use seed base+i)
2026-03-04 21:40:48 [INFO    ] Replications: [░░░░░░░░░░░░░░░░░░░░░░░░░░░░░░] 1/50 (2.0%)
2026-03-04 21:41:41 [INFO    ] Replications: [█░░░░░░░░░░░░░░░░░░░░░░░░░░░░░] 2/50 (4.0%)
2026-03-04 21:42:34 [INFO    ] Replications: [█░░░░░░░░░░░░░░░░░░░░░░░░░░░░░] 3/50 (6.0%)
2026-03-04 21:43:27 [INFO    ] Replications: [██░░░░░░░░░░░░░░░░░░░░░░░░░░░░] 4/50 (8.0%)
2026-03-04 21:44:22 [INFO    ] Replications: [███░░░░░░░░░░░░░░░░░░░░░░░░░░░] 5/50 (10.0%)
2026-03-04 21:45:16 [INFO    ] Replications: [███░░░░░░░░░░░░░░░░░░░░░░░░░░░] 6/50 (12.0%)
2026-03-04 21:46:11 [INFO    ] Replications: [████░░░░░░░░░░░░░░░░░░░░░░░░░░] 7/50 (14.0%)
2026-03-04 21:47:05 [INFO    ] Replications: [████░░░░░░░░░░░░░░░░░░░░░░░░░░] 8/50 (16.0%)
2026-03-04 21:48:07 [INFO    ] Replications: [█████░░░░░░░░░░░░░░░░░░░░░░░░░] 9/50 (18.0%)
2026-03-04 21:49:03 [INFO    ] Replications: [██████░░░░░░░░░░░░░░░░░░░░░░░░] 10/50 (20.0%)
2026-03-04 21:50:02 [INFO    ] Replications: [██████░░░░░░░░░░░░░░░░░░░░░░░░] 11/50 (22.0%)
2026-03-04 21:51:16 [INFO    ] Replications: [███████░░░░░░░░░░░░░░░░░░░░░░░] 12/50 (24.0%)
2026-03-04 21:52:15 [INFO    ] Replications: [███████░░░░░░░░░░░░░░░░░░░░░░░] 13/50 (26.0%)
2026-03-04 21:53:15 [INFO    ] Replications: [████████░░░░░░░░░░░░░░░░░░░░░░] 14/50 (28.0%)
2026-03-04 21:54:16 [INFO    ] Replications: [█████████░░░░░░░░░░░░░░░░░░░░░] 15/50 (30.0%)
2026-03-04 21:55:16 [INFO    ] Replications: [█████████░░░░░░░░░░░░░░░░░░░░░] 16/50 (32.0%)
2026-03-04 21:56:12 [INFO    ] Replications: [██████████░░░░░░░░░░░░░░░░░░░░] 17/50 (34.0%)
2026-03-04 21:57:11 [INFO    ] Replications: [██████████░░░░░░░░░░░░░░░░░░░░] 18/50 (36.0%)
2026-03-04 21:58:09 [INFO    ] Replications: [███████████░░░░░░░░░░░░░░░░░░░] 19/50 (38.0%)
2026-03-04 21:59:09 [INFO    ] Replications: [████████████░░░░░░░░░░░░░░░░░░] 20/50 (40.0%)
2026-03-04 22:00:07 [INFO    ] Replications: [████████████░░░░░░░░░░░░░░░░░░] 21/50 (42.0%)
2026-03-04 22:01:05 [INFO    ] Replications: [█████████████░░░░░░░░░░░░░░░░░] 22/50 (44.0%)
2026-03-04 22:02:02 [INFO    ] Replications: [█████████████░░░░░░░░░░░░░░░░░] 23/50 (46.0%)
2026-03-04 22:02:58 [INFO    ] Replications: [██████████████░░░░░░░░░░░░░░░░] 24/50 (48.0%)
2026-03-04 22:03:59 [INFO    ] Replications: [███████████████░░░░░░░░░░░░░░░] 25/50 (50.0%)
2026-03-04 22:04:54 [INFO    ] Replications: [███████████████░░░░░░░░░░░░░░░] 26/50 (52.0%)
2026-03-04 22:05:53 [INFO    ] Replications: [████████████████░░░░░░░░░░░░░░] 27/50 (54.0%)
2026-03-04 22:06:53 [INFO    ] Replications: [████████████████░░░░░░░░░░░░░░] 28/50 (56.0%)
2026-03-04 22:07:54 [INFO    ] Replications: [█████████████████░░░░░░░░░░░░░] 29/50 (58.0%)
2026-03-04 22:08:53 [INFO    ] Replications: [██████████████████░░░░░░░░░░░░] 30/50 (60.0%)
2026-03-04 22:09:52 [INFO    ] Replications: [██████████████████░░░░░░░░░░░░] 31/50 (62.0%)
2026-03-04 22:10:56 [INFO    ] Replications: [███████████████████░░░░░░░░░░░] 32/50 (64.0%)
2026-03-04 22:11:56 [INFO    ] Replications: [███████████████████░░░░░░░░░░░] 33/50 (66.0%)
2026-03-04 22:12:54 [INFO    ] Replications: [████████████████████░░░░░░░░░░] 34/50 (68.0%)
2026-03-04 22:13:56 [INFO    ] Replications: [█████████████████████░░░░░░░░░] 35/50 (70.0%)
2026-03-04 22:14:56 [INFO    ] Replications: [█████████████████████░░░░░░░░░] 36/50 (72.0%)
2026-03-04 22:15:54 [INFO    ] Replications: [██████████████████████░░░░░░░░] 37/50 (74.0%)
2026-03-04 22:16:58 [INFO    ] Replications: [██████████████████████░░░░░░░░] 38/50 (76.0%)
2026-03-04 22:18:00 [INFO    ] Replications: [███████████████████████░░░░░░░] 39/50 (78.0%)
2026-03-04 22:19:01 [INFO    ] Replications: [████████████████████████░░░░░░] 40/50 (80.0%)
2026-03-04 22:20:01 [INFO    ] Replications: [████████████████████████░░░░░░] 41/50 (82.0%)
2026-03-04 22:20:54 [INFO    ] Replications: [█████████████████████████░░░░░] 42/50 (84.0%)
2026-03-04 22:21:49 [INFO    ] Replications: [█████████████████████████░░░░░] 43/50 (86.0%)
2026-03-04 22:22:44 [INFO    ] Replications: [██████████████████████████░░░░] 44/50 (88.0%)
2026-03-04 22:23:39 [INFO    ] Replications: [███████████████████████████░░░] 45/50 (90.0%)
2026-03-04 22:24:36 [INFO    ] Replications: [███████████████████████████░░░] 46/50 (92.0%)
2026-03-04 22:25:34 [INFO    ] Replications: [████████████████████████████░░] 47/50 (94.0%)
2026-03-04 22:26:31 [INFO    ] Replications: [████████████████████████████░░] 48/50 (96.0%)
2026-03-04 22:27:23 [INFO    ] Replications: [█████████████████████████████░] 49/50 (98.0%)
2026-03-04 22:28:16 [INFO    ] Replications: [██████████████████████████████] 50/50 (100.0%)
2026-03-04 22:28:18 [INFO    ] --- Results for baseline ---
2026-03-04 22:28:18 [INFO    ] Metric                            | Mean        | Std       | 95% CI                    
2026-03-04 22:28:18 [INFO    ] ----------------------------------+-------------+-----------+---------------------------
2026-03-04 22:28:18 [INFO    ] abandonment_rate                  | 0.0478      | 0.0059    | [0.0461, 0.0495]          
2026-03-04 22:28:18 [INFO    ] avg_waiting_time                  | 0.2674      | 0.0067    | [0.2655, 0.2694]          
2026-03-04 22:28:18 [INFO    ] pickup_waiting_time_p90           | 0.5618      | 0.0137    | [0.5578, 0.5657]          
2026-03-04 22:28:18 [INFO    ] avg_hourly_earnings               | 22.4908     | 0.1944    | [22.4346, 22.5470]        
2026-03-04 22:28:18 [INFO    ] avg_net_hourly_earnings           | 19.5367     | 0.1504    | [19.4932, 19.5802]        
2026-03-04 22:28:18 [INFO    ] time_weighted_net_hourly_earnings | 19.5937     | 0.1481    | [19.5509, 19.6365]        
2026-03-04 22:28:18 [INFO    ] fairness_ratio                    | 1.6185      | 0.0285    | [1.6103, 1.6268]          
2026-03-04 22:28:18 [INFO    ] avg_utilization                   | 0.7385      | 0.0115    | [0.7352, 0.7418]          
2026-03-04 22:28:18 [INFO    ] avg_rest_fraction                 | 0.2615      | 0.0115    | [0.2582, 0.2648]          
2026-03-04 22:28:18 [INFO    ] long_rest_prob_15min              | 0.8824      | 0.0172    | [0.8774, 0.8874]          
2026-03-04 22:28:18 [INFO    ] long_rest_prob_30min              | 0.6859      | 0.0258    | [0.6784, 0.6933]          
2026-03-04 22:28:18 [INFO    ] total_revenue                     | 779979.4608 | 4956.8953 | [778545.8936, 781413.0280]
2026-03-04 22:28:20 [INFO    ] Results saved to: ./output/baseline/results_20260304_214001/results_20260304_222820.json
2026-03-04 22:28:20 [INFO    ] ============================================================
2026-03-04 22:28:20 [INFO    ]   Simulation Complete
2026-03-04 22:28:20 [INFO    ] ============================================================
2026-03-04 22:28:20 [INFO    ] Finished at: 2026-03-04 22:28:20
2026-03-04 22:28:20 [INFO    ] Log saved to: ./output/baseline/results_20260304_214001/simulation_20260304_214001.log

======================================================================
Log ended: 2026-03-04 22:28:20
======================================================================
