======================================================================
BoxCar Ride-Sharing Simulation Log
Started: 2026-03-03 15:53:28
Logger: BoxCarSimulation
======================================================================

2026-03-03 15:53:28 [INFO    ] ============================================================
2026-03-03 15:53:28 [INFO    ]   BoxCar Ride-Sharing Simulation
2026-03-03 15:53:28 [INFO    ] ============================================================
2026-03-03 15:53:28 [INFO    ] Started at: 2026-03-03 15:53:28
2026-03-03 15:53:28 [INFO    ] Config file: config.json
2026-03-03 15:53:28 [INFO    ] Output directory: ./output/baseline/results_20260303_155328
2026-03-03 15:53:28 [INFO    ] Log file: ./output/baseline/results_20260303_155328/simulation_20260303_155328.log
2026-03-03 15:53:28 [INFO    ] ============================================================
2026-03-03 15:53:28 [INFO    ]   SCENARIO: baseline (mode: baseline)
2026-03-03 15:53:28 [INFO    ] ============================================================
2026-03-03 15:53:28 [INFO    ] --- Input Mode ---
2026-03-03 15:53:28 [INFO    ] Mode 1 - Baseline (PDF Assumptions)
  All parameters generated from distributions specified in project spec:
  - Driver arrival: Exponential(rate=4.74/hr)
  - Driver availability: Uniform(6.0, 8.0) hrs
  - Rider arrival: Exponential(rate=34.56/hr)
  - Rider patience: Exponential(rate=5.0/hr)
  - Trip time: Uniform(0.8*mu, 1.2*mu), speed=20.0 mph
  - Fare: base=3.0 + 2.0/mile
2026-03-03 15:53:28 [INFO    ] Replications: 50
2026-03-03 15:53:28 [INFO    ] Matching algorithm: nearest
2026-03-03 15:53:28 [INFO    ] Simulation time: 960.0 hours
2026-03-03 15:54:09 [INFO    ] Replications: [░░░░░░░░░░░░░░░░░░░░░░░░░░░░░░] 1/50 (2.0%)
2026-03-03 15:54:55 [INFO    ] Replications: [█░░░░░░░░░░░░░░░░░░░░░░░░░░░░░] 2/50 (4.0%)
2026-03-03 15:55:40 [INFO    ] Replications: [█░░░░░░░░░░░░░░░░░░░░░░░░░░░░░] 3/50 (6.0%)
2026-03-03 15:56:25 [INFO    ] Replications: [██░░░░░░░░░░░░░░░░░░░░░░░░░░░░] 4/50 (8.0%)
2026-03-03 15:57:10 [INFO    ] Replications: [███░░░░░░░░░░░░░░░░░░░░░░░░░░░] 5/50 (10.0%)
2026-03-03 15:57:55 [INFO    ] Replications: [███░░░░░░░░░░░░░░░░░░░░░░░░░░░] 6/50 (12.0%)
2026-03-03 15:58:43 [INFO    ] Replications: [████░░░░░░░░░░░░░░░░░░░░░░░░░░] 7/50 (14.0%)
2026-03-03 15:59:30 [INFO    ] Replications: [████░░░░░░░░░░░░░░░░░░░░░░░░░░] 8/50 (16.0%)
2026-03-03 16:00:17 [INFO    ] Replications: [█████░░░░░░░░░░░░░░░░░░░░░░░░░] 9/50 (18.0%)
2026-03-03 16:01:04 [INFO    ] Replications: [██████░░░░░░░░░░░░░░░░░░░░░░░░] 10/50 (20.0%)
2026-03-03 16:01:51 [INFO    ] Replications: [██████░░░░░░░░░░░░░░░░░░░░░░░░] 11/50 (22.0%)
2026-03-03 16:02:38 [INFO    ] Replications: [███████░░░░░░░░░░░░░░░░░░░░░░░] 12/50 (24.0%)
2026-03-03 16:03:27 [INFO    ] Replications: [███████░░░░░░░░░░░░░░░░░░░░░░░] 13/50 (26.0%)
2026-03-03 16:04:14 [INFO    ] Replications: [████████░░░░░░░░░░░░░░░░░░░░░░] 14/50 (28.0%)
2026-03-03 16:05:00 [INFO    ] Replications: [█████████░░░░░░░░░░░░░░░░░░░░░] 15/50 (30.0%)
2026-03-03 16:05:47 [INFO    ] Replications: [█████████░░░░░░░░░░░░░░░░░░░░░] 16/50 (32.0%)
2026-03-03 16:07:05 [INFO    ] Replications: [██████████░░░░░░░░░░░░░░░░░░░░] 17/50 (34.0%)
2026-03-03 16:08:23 [INFO    ] Replications: [██████████░░░░░░░░░░░░░░░░░░░░] 18/50 (36.0%)
2026-03-03 16:09:41 [INFO    ] Replications: [███████████░░░░░░░░░░░░░░░░░░░] 19/50 (38.0%)
2026-03-03 16:11:01 [INFO    ] Replications: [████████████░░░░░░░░░░░░░░░░░░] 20/50 (40.0%)
2026-03-03 16:12:14 [INFO    ] Replications: [████████████░░░░░░░░░░░░░░░░░░] 21/50 (42.0%)
2026-03-03 16:13:27 [INFO    ] Replications: [█████████████░░░░░░░░░░░░░░░░░] 22/50 (44.0%)
2026-03-03 16:14:27 [INFO    ] Replications: [█████████████░░░░░░░░░░░░░░░░░] 23/50 (46.0%)
2026-03-03 16:15:26 [INFO    ] Replications: [██████████████░░░░░░░░░░░░░░░░] 24/50 (48.0%)
2026-03-03 16:16:26 [INFO    ] Replications: [███████████████░░░░░░░░░░░░░░░] 25/50 (50.0%)
2026-03-03 16:17:21 [INFO    ] Replications: [███████████████░░░░░░░░░░░░░░░] 26/50 (52.0%)
2026-03-03 16:18:16 [INFO    ] Replications: [████████████████░░░░░░░░░░░░░░] 27/50 (54.0%)
2026-03-03 16:19:13 [INFO    ] Replications: [████████████████░░░░░░░░░░░░░░] 28/50 (56.0%)
2026-03-03 16:20:06 [INFO    ] Replications: [█████████████████░░░░░░░░░░░░░] 29/50 (58.0%)
2026-03-03 16:20:55 [INFO    ] Replications: [██████████████████░░░░░░░░░░░░] 30/50 (60.0%)
2026-03-03 16:21:44 [INFO    ] Replications: [██████████████████░░░░░░░░░░░░] 31/50 (62.0%)
2026-03-03 16:22:35 [INFO    ] Replications: [███████████████████░░░░░░░░░░░] 32/50 (64.0%)
2026-03-03 16:23:36 [INFO    ] Replications: [███████████████████░░░░░░░░░░░] 33/50 (66.0%)
2026-03-03 16:24:32 [INFO    ] Replications: [████████████████████░░░░░░░░░░] 34/50 (68.0%)
2026-03-03 16:25:35 [INFO    ] Replications: [█████████████████████░░░░░░░░░] 35/50 (70.0%)
2026-03-03 16:26:28 [INFO    ] Replications: [█████████████████████░░░░░░░░░] 36/50 (72.0%)
2026-03-03 16:27:19 [INFO    ] Replications: [██████████████████████░░░░░░░░] 37/50 (74.0%)
2026-03-03 16:28:15 [INFO    ] Replications: [██████████████████████░░░░░░░░] 38/50 (76.0%)
2026-03-03 16:29:14 [INFO    ] Replications: [███████████████████████░░░░░░░] 39/50 (78.0%)
2026-03-03 16:30:08 [INFO    ] Replications: [████████████████████████░░░░░░] 40/50 (80.0%)
2026-03-03 16:31:01 [INFO    ] Replications: [████████████████████████░░░░░░] 41/50 (82.0%)
2026-03-03 16:31:51 [INFO    ] Replications: [█████████████████████████░░░░░] 42/50 (84.0%)
2026-03-03 16:32:40 [INFO    ] Replications: [█████████████████████████░░░░░] 43/50 (86.0%)
2026-03-03 16:33:38 [INFO    ] Replications: [██████████████████████████░░░░] 44/50 (88.0%)
2026-03-03 16:34:33 [INFO    ] Replications: [███████████████████████████░░░] 45/50 (90.0%)
2026-03-03 16:35:29 [INFO    ] Replications: [███████████████████████████░░░] 46/50 (92.0%)
2026-03-03 16:36:18 [INFO    ] Replications: [████████████████████████████░░] 47/50 (94.0%)
2026-03-03 16:37:11 [INFO    ] Replications: [████████████████████████████░░] 48/50 (96.0%)
2026-03-03 16:38:02 [INFO    ] Replications: [█████████████████████████████░] 49/50 (98.0%)
2026-03-03 16:38:51 [INFO    ] Replications: [██████████████████████████████] 50/50 (100.0%)
2026-03-03 16:38:53 [INFO    ] --- Results for baseline ---
2026-03-03 16:38:53 [INFO    ] Metric                            | Mean        | Std       | 95% CI                    
2026-03-03 16:38:53 [INFO    ] ----------------------------------+-------------+-----------+---------------------------
2026-03-03 16:38:53 [INFO    ] abandonment_rate                  | 0.0464      | 0.0073    | [0.0443, 0.0486]          
2026-03-03 16:38:53 [INFO    ] avg_waiting_time                  | 0.2635      | 0.0086    | [0.2610, 0.2660]          
2026-03-03 16:38:53 [INFO    ] pickup_waiting_time_p90           | 0.5607      | 0.0183    | [0.5555, 0.5660]          
2026-03-03 16:38:53 [INFO    ] avg_hourly_earnings               | 22.5181     | 0.1951    | [22.4617, 22.5745]        
2026-03-03 16:38:53 [INFO    ] avg_net_hourly_earnings           | 19.5732     | 0.1501    | [19.5298, 19.6166]        
2026-03-03 16:38:53 [INFO    ] time_weighted_net_hourly_earnings | 19.6351     | 0.1502    | [19.5917, 19.6786]        
2026-03-03 16:38:53 [INFO    ] fairness_ratio                    | 1.6213      | 0.0275    | [1.6134, 1.6293]          
2026-03-03 16:38:53 [INFO    ] avg_utilization                   | 0.7360      | 0.0126    | [0.7324, 0.7397]          
2026-03-03 16:38:53 [INFO    ] avg_rest_fraction                 | 0.2640      | 0.0126    | [0.2603, 0.2676]          
2026-03-03 16:38:53 [INFO    ] long_rest_prob_15min              | 0.8838      | 0.0200    | [0.8781, 0.8896]          
2026-03-03 16:38:53 [INFO    ] long_rest_prob_30min              | 0.6893      | 0.0278    | [0.6813, 0.6974]          
2026-03-03 16:38:53 [INFO    ] total_revenue                     | 677597.2554 | 6150.3180 | [675818.5424, 679375.9684]
2026-03-03 16:38:54 [INFO    ] Results saved to: ./output/baseline/results_20260303_155328/results_20260303_163854.json
2026-03-03 16:38:54 [INFO    ] ============================================================
2026-03-03 16:38:54 [INFO    ]   Simulation Complete
2026-03-03 16:38:54 [INFO    ] ============================================================
2026-03-03 16:38:54 [INFO    ] Finished at: 2026-03-03 16:38:54
2026-03-03 16:38:54 [INFO    ] Log saved to: ./output/baseline/results_20260303_155328/simulation_20260303_155328.log

======================================================================
Log ended: 2026-03-03 16:38:54
======================================================================
