======================================================================
BoxCar Ride-Sharing Simulation Log
Started: 2026-02-09 20:54:40
Logger: BoxCarSimulation
======================================================================

2026-02-09 20:54:40 [INFO    ] ============================================================
2026-02-09 20:54:40 [INFO    ]   BoxCar Ride-Sharing Simulation
2026-02-09 20:54:40 [INFO    ] ============================================================
2026-02-09 20:54:40 [INFO    ] Started at: 2026-02-09 20:54:40
2026-02-09 20:54:40 [INFO    ] Config file: config.json
2026-02-09 20:54:40 [INFO    ] Output directory: ./output/results_20260209_205440
2026-02-09 20:54:40 [INFO    ] Log file: ./output/results_20260209_205440/simulation_20260209_205440.log
2026-02-09 20:54:40 [INFO    ] ============================================================
2026-02-09 20:54:40 [INFO    ]   SCENARIO: baseline (mode: baseline)
2026-02-09 20:54:40 [INFO    ] ============================================================
2026-02-09 20:54:40 [INFO    ] --- Input Mode ---
2026-02-09 20:54:40 [INFO    ] Mode 1 - Baseline (PDF Assumptions)
  All parameters generated from distributions specified in project spec:
  - Driver arrival: Exponential(rate=3.0/hr)
  - Driver availability: Uniform(5.0, 8.0) hrs
  - Rider arrival: Exponential(rate=30.0/hr)
  - Rider patience: Exponential(rate=5.0/hr)
  - Trip time: Uniform(0.8*mu, 1.2*mu), speed=20.0 mph
  - Fare: base=3.0 + 2.0/mile
2026-02-09 20:54:40 [INFO    ] Replications: 10
2026-02-09 20:54:40 [INFO    ] Matching algorithm: nearest
2026-02-09 20:54:40 [INFO    ] Simulation time: 168.0 hours
2026-02-09 20:54:41 [INFO    ] Replications: [███░░░░░░░░░░░░░░░░░░░░░░░░░░░] 1/10 (10.0%)
2026-02-09 20:54:42 [INFO    ] Replications: [██████░░░░░░░░░░░░░░░░░░░░░░░░] 2/10 (20.0%)
2026-02-09 20:54:43 [INFO    ] Replications: [█████████░░░░░░░░░░░░░░░░░░░░░] 3/10 (30.0%)
2026-02-09 20:54:43 [INFO    ] Replications: [████████████░░░░░░░░░░░░░░░░░░] 4/10 (40.0%)
2026-02-09 20:54:44 [INFO    ] Replications: [███████████████░░░░░░░░░░░░░░░] 5/10 (50.0%)
2026-02-09 20:54:45 [INFO    ] Replications: [██████████████████░░░░░░░░░░░░] 6/10 (60.0%)
2026-02-09 20:54:46 [INFO    ] Replications: [█████████████████████░░░░░░░░░] 7/10 (70.0%)
2026-02-09 20:54:46 [INFO    ] Replications: [████████████████████████░░░░░░] 8/10 (80.0%)
2026-02-09 20:54:47 [INFO    ] Replications: [███████████████████████████░░░] 9/10 (90.0%)
2026-02-09 20:54:48 [INFO    ] Replications: [██████████████████████████████] 10/10 (100.0%)
2026-02-09 20:54:48 [INFO    ] --- Results for baseline ---
2026-02-09 20:54:48 [INFO    ] Metric              | Mean       | 95% CI                  
2026-02-09 20:54:48 [INFO    ] --------------------+------------+-------------------------
2026-02-09 20:54:48 [INFO    ] abandonment_rate    | 0.2674     | [0.2451, 0.2898]        
2026-02-09 20:54:48 [INFO    ] avg_waiting_time    | 0.4115     | [0.3989, 0.4240]        
2026-02-09 20:54:48 [INFO    ] avg_hourly_earnings | 24.5664    | [24.4342, 24.6986]      
2026-02-09 20:54:48 [INFO    ] gini_coefficient    | 0.0795     | [0.0762, 0.0828]        
2026-02-09 20:54:48 [INFO    ] avg_utilization     | 1.0239     | [0.9917, 1.0560]        
2026-02-09 20:54:48 [INFO    ] total_revenue       | 74703.8188 | [72602.0841, 76805.5536]
2026-02-09 20:54:48 [INFO    ] Results saved to: ./output/results_20260209_205440/results_20260209_205448.json
2026-02-09 20:54:48 [INFO    ] ============================================================
2026-02-09 20:54:48 [INFO    ]   Simulation Complete
2026-02-09 20:54:48 [INFO    ] ============================================================
2026-02-09 20:54:48 [INFO    ] Finished at: 2026-02-09 20:54:48
2026-02-09 20:54:48 [INFO    ] Log saved to: ./output/results_20260209_205440/simulation_20260209_205440.log

======================================================================
Log ended: 2026-02-09 20:54:48
======================================================================
