======================================================================
BoxCar Ride-Sharing Simulation Log
Started: 2026-02-09 20:59:54
Logger: BoxCarSimulation
======================================================================

2026-02-09 20:59:54 [INFO    ] ============================================================
2026-02-09 20:59:54 [INFO    ]   BoxCar Ride-Sharing Simulation
2026-02-09 20:59:54 [INFO    ] ============================================================
2026-02-09 20:59:54 [INFO    ] Started at: 2026-02-09 20:59:54
2026-02-09 20:59:54 [INFO    ] Config file: config.json
2026-02-09 20:59:54 [INFO    ] Output directory: ./output/results_20260209_205954
2026-02-09 20:59:54 [INFO    ] Log file: ./output/results_20260209_205954/simulation_20260209_205954.log
2026-02-09 20:59:54 [INFO    ] ============================================================
2026-02-09 20:59:54 [INFO    ]   SCENARIO: data_driven (mode: data_driven)
2026-02-09 20:59:54 [INFO    ] ============================================================
2026-02-09 20:59:54 [INFO    ] --- Input Mode ---
2026-02-09 20:59:54 [INFO    ] Mode 2 - Data-Driven (Real Data Estimates)
  Parameters estimated from drivers.xlsx & riders.xlsx:
  - Driver arrival: Exponential(rate=4.74/hr) [from data]
  - Driver availability: Uniform(6.0, 8.0) hrs [from data]
  - Rider arrival: Exponential(rate=34.60/hr) [from data]
  - Rider patience: Exponential(rate=5.0/hr) [baseline - no data]
  - Trip time: Uniform(0.8*mu, 1.2*mu), speed=19.97 mph [from data]
  - Fare: base=3.0 + 2.0/mile [baseline]

  Parameter comparison (Assumed vs Estimated):
    driver_arrival_rate: 3.00 -> 4.74 (+58.1%)
    driver_availability_min: 5.00 -> 6.00 (+20.0%)
    driver_availability_max: 8.00 -> 8.00 (-0.0%)
    rider_arrival_rate: 30.00 -> 34.60 (+15.3%)
    avg_speed: 20.00 -> 19.97 (-0.1%)
2026-02-09 20:59:54 [INFO    ] --- Data-Driven Parameter Updates ---
2026-02-09 20:59:54 [INFO    ] Parameter               | PDF Assumed | Data Estimated | Diff %
2026-02-09 20:59:54 [INFO    ] ------------------------+-------------+----------------+-------
2026-02-09 20:59:54 [INFO    ] driver_arrival_rate     | 3.00        | 4.74           | +58.1%
2026-02-09 20:59:54 [INFO    ] driver_availability_min | 5.00        | 6.00           | +20.0%
2026-02-09 20:59:54 [INFO    ] driver_availability_max | 8.00        | 8.00           | -0.0% 
2026-02-09 20:59:54 [INFO    ] rider_arrival_rate      | 30.00       | 34.60          | +15.3%
2026-02-09 20:59:54 [INFO    ] avg_speed               | 20.00       | 19.97          | -0.1% 
2026-02-09 20:59:54 [INFO    ] Replications: 10
2026-02-09 20:59:54 [INFO    ] Matching algorithm: nearest
2026-02-09 20:59:54 [INFO    ] Simulation time: 168.0 hours
2026-02-09 20:59:55 [INFO    ] Replications: [███░░░░░░░░░░░░░░░░░░░░░░░░░░░] 1/10 (10.0%)
2026-02-09 20:59:57 [INFO    ] Replications: [██████░░░░░░░░░░░░░░░░░░░░░░░░] 2/10 (20.0%)
2026-02-09 20:59:58 [INFO    ] Replications: [█████████░░░░░░░░░░░░░░░░░░░░░] 3/10 (30.0%)
2026-02-09 20:59:59 [INFO    ] Replications: [████████████░░░░░░░░░░░░░░░░░░] 4/10 (40.0%)
2026-02-09 21:00:01 [INFO    ] Replications: [███████████████░░░░░░░░░░░░░░░] 5/10 (50.0%)
2026-02-09 21:00:02 [INFO    ] Replications: [██████████████████░░░░░░░░░░░░] 6/10 (60.0%)
2026-02-09 21:00:04 [INFO    ] Replications: [█████████████████████░░░░░░░░░] 7/10 (70.0%)
2026-02-09 21:00:05 [INFO    ] Replications: [████████████████████████░░░░░░] 8/10 (80.0%)
2026-02-09 21:00:06 [INFO    ] Replications: [███████████████████████████░░░] 9/10 (90.0%)
2026-02-09 21:00:08 [INFO    ] Replications: [██████████████████████████████] 10/10 (100.0%)
2026-02-09 21:00:08 [INFO    ] --- Results for data_driven ---
2026-02-09 21:00:08 [INFO    ] Metric              | Mean        | 95% CI                    
2026-02-09 21:00:08 [INFO    ] --------------------+-------------+---------------------------
2026-02-09 21:00:08 [INFO    ] abandonment_rate    | 0.0427      | [0.0331, 0.0524]          
2026-02-09 21:00:08 [INFO    ] avg_waiting_time    | 0.2617      | [0.2529, 0.2704]          
2026-02-09 21:00:08 [INFO    ] avg_hourly_earnings | 22.2697     | [22.0687, 22.4707]        
2026-02-09 21:00:08 [INFO    ] gini_coefficient    | 0.1123      | [0.1084, 0.1161]          
2026-02-09 21:00:08 [INFO    ] avg_utilization     | 0.7816      | [0.7668, 0.7964]          
2026-02-09 21:00:08 [INFO    ] total_revenue       | 113698.2881 | [112297.1576, 115099.4187]
2026-02-09 21:00:08 [INFO    ] Results saved to: ./output/results_20260209_205954/results_20260209_210008.json
2026-02-09 21:00:08 [INFO    ] ============================================================
2026-02-09 21:00:08 [INFO    ]   Simulation Complete
2026-02-09 21:00:08 [INFO    ] ============================================================
2026-02-09 21:00:08 [INFO    ] Finished at: 2026-02-09 21:00:08
2026-02-09 21:00:08 [INFO    ] Log saved to: ./output/results_20260209_205954/simulation_20260209_205954.log

======================================================================
Log ended: 2026-02-09 21:00:08
======================================================================
