======================================================================
BoxCar Ride-Sharing Simulation Log
Started: 2026-03-04 06:50:04
Logger: BoxCarSimulation
======================================================================

2026-03-04 06:50:04 [INFO    ] Overriding warmup time: 5.0 hours
2026-03-04 06:50:04 [INFO    ] ============================================================
2026-03-04 06:50:04 [INFO    ]   BoxCar Ride-Sharing Simulation
2026-03-04 06:50:04 [INFO    ] ============================================================
2026-03-04 06:50:04 [INFO    ] Started at: 2026-03-04 06:50:04
2026-03-04 06:50:04 [INFO    ] Config file: config.json
2026-03-04 06:50:04 [INFO    ] Output directory: ./output\baseline\results_20260304_065004
2026-03-04 06:50:04 [INFO    ] Log file: ./output\baseline\results_20260304_065004\simulation_20260304_065004.log
2026-03-04 06:50:04 [INFO    ] ============================================================
2026-03-04 06:50:04 [INFO    ]   SCENARIO: baseline (mode: baseline)
2026-03-04 06:50:04 [INFO    ] ============================================================
2026-03-04 06:50:04 [INFO    ] --- Input Mode ---
2026-03-04 06:50:04 [INFO    ] Mode 1 - Baseline (PDF Assumptions)
  All parameters generated from distributions specified in project spec:
  - Driver arrival: Exponential(rate=4.74/hr)
  - Driver availability: Uniform(6.0, 8.0) hrs
  - Rider arrival: Exponential(rate=34.56/hr)
  - Rider patience: Exponential(rate=5.0/hr)
  - Trip time: Uniform(0.8*mu, 1.2*mu), speed=20.0 mph
  - Fare: base=3.0 + 2.0/mile
2026-03-04 06:50:04 [INFO    ] Replications: 1
2026-03-04 06:50:04 [INFO    ] Matching algorithm: nearest
2026-03-04 06:50:04 [INFO    ] Simulation time: 1000.0 hours
2026-03-04 06:50:04 [INFO    ] Using base random seed: 1 (replications will use seed base+i)
2026-03-04 06:50:30 [INFO    ] Replications: [██████████████████████████████] 1/1 (100.0%)
2026-03-04 06:50:30 [INFO    ] --- Results for baseline ---
2026-03-04 06:50:30 [INFO    ] Metric                            | Mean        | Std    | 95% CI                    
2026-03-04 06:50:30 [INFO    ] ----------------------------------+-------------+--------+---------------------------
2026-03-04 06:50:30 [INFO    ] abandonment_rate                  | 0.0457      | 0.0000 | [0.0457, 0.0457]          
2026-03-04 06:50:30 [INFO    ] avg_waiting_time                  | 0.2657      | 0.0000 | [0.2657, 0.2657]          
2026-03-04 06:50:30 [INFO    ] pickup_waiting_time_p90           | 0.5631      | 0.0000 | [0.5631, 0.5631]          
2026-03-04 06:50:30 [INFO    ] avg_hourly_earnings               | 22.7541     | 0.0000 | [22.7541, 22.7541]        
2026-03-04 06:50:30 [INFO    ] avg_net_hourly_earnings           | 19.7733     | 0.0000 | [19.7733, 19.7733]        
2026-03-04 06:50:30 [INFO    ] time_weighted_net_hourly_earnings | 19.8243     | 0.0000 | [19.8243, 19.8243]        
2026-03-04 06:50:30 [INFO    ] fairness_ratio                    | 1.5990      | 0.0000 | [1.5990, 1.5990]          
2026-03-04 06:50:30 [INFO    ] avg_utilization                   | 0.7455      | 0.0000 | [0.7455, 0.7455]          
2026-03-04 06:50:30 [INFO    ] avg_rest_fraction                 | 0.2545      | 0.0000 | [0.2545, 0.2545]          
2026-03-04 06:50:30 [INFO    ] long_rest_prob_15min              | 0.8895      | 0.0000 | [0.8895, 0.8895]          
2026-03-04 06:50:30 [INFO    ] long_rest_prob_30min              | 0.6748      | 0.0000 | [0.6748, 0.6748]          
2026-03-04 06:50:30 [INFO    ] total_revenue                     | 789303.4995 | 0.0000 | [789303.4995, 789303.4995]
2026-03-04 06:50:30 [INFO    ] Results saved to: ./output\baseline\results_20260304_065004\results_20260304_065030.json
2026-03-04 06:50:30 [INFO    ] ============================================================
2026-03-04 06:50:30 [INFO    ]   Simulation Complete
2026-03-04 06:50:30 [INFO    ] ============================================================
2026-03-04 06:50:30 [INFO    ] Finished at: 2026-03-04 06:50:30
2026-03-04 06:50:30 [INFO    ] Log saved to: ./output\baseline\results_20260304_065004\simulation_20260304_065004.log

======================================================================
Log ended: 2026-03-04 06:50:30
======================================================================
